#
# There is insufficient memory for the Java Runtime Environment to continue.
# Native memory allocation (malloc) failed to allocate 32744 bytes for ChunkPool::allocate
# Possible reasons:
#   The system is out of physical RAM or swap space
#   The process is running with CompressedOops enabled, and the Java Heap may be blocking the growth of the native heap
# Possible solutions:
#   Reduce memory load on the system
#   Increase physical memory or swap space
#   Check if swap backing store is full
#   Decrease Java heap size (-Xmx/-Xms)
#   Decrease number of Java threads
#   Decrease Java thread stack sizes (-Xss)
#   Set larger code cache with -XX:ReservedCodeCacheSize=
#   JVM is running with Unscaled Compressed Oops mode in which the Java heap is
#     placed in the first 4GB address space. The Java Heap base address is the
#     maximum limit for the native heap growth. Please use -XX:HeapBaseMinAddress
#     to set the Java Heap base and to place the Java Heap above 4GB virtual address.
# This output file may be truncated or incomplete.
#
#  Out of Memory Error (./open/src/hotspot/share/memory/arena.cpp:79), pid=14388, tid=9548
#
# JRE version: Java(TM) SE Runtime Environment (15.0.2+7) (build 15.0.2+7-27)
# Java VM: Java HotSpot(TM) 64-Bit Server VM (15.0.2+7-27, mixed mode, sharing, tiered, compressed oops, g1 gc, windows-amd64)
# No core dump will be written. Minidumps are not enabled by default on client versions of Windows
#

---------------  S U M M A R Y ------------

Command Line: C:\Users\jlang\AppData\Local\Temp\surefire12201172843255278483\surefirebooter2747637094551450264.jar C:\Users\jlang\AppData\Local\Temp\surefire12201172843255278483 2021-03-19T20-10-39_521-jvmRun1 surefire12486986790261924281tmp surefire_08205754389095822140tmp

Host: Intel(R) Core(TM) i5-7200U CPU @ 2.50GHz, 4 cores, 7G,  Windows 10 , 64 bit Build 19041 (10.0.19041.804)
Time: Fri Mar 19 20:10:57 2021 Hora estándar, América Central elapsed time: 16.858950 seconds (0d 0h 0m 16s)

---------------  T H R E A D  ---------------

Current thread (0x00000253f4463890):  JavaThread "C2 CompilerThread0" daemon [_thread_in_native, id=9548, stack(0x00000054e4500000,0x00000054e4600000)]


Current CompileTask:
C2:  16859 4363       4       org.springframework.core.annotation.AnnotationsScanner::scan (18 bytes)

Stack: [0x00000054e4500000,0x00000054e4600000]
Native frames: (J=compiled Java code, j=interpreted, Vv=VM code, C=native code)
V  [jvm.dll+0x62ae9a]
V  [jvm.dll+0x7817a9]
V  [jvm.dll+0x782f03]
V  [jvm.dll+0x783563]
V  [jvm.dll+0x216325]
V  [jvm.dll+0x982cf]
V  [jvm.dll+0x9861c]
V  [jvm.dll+0x333e60]
V  [jvm.dll+0x333391]
V  [jvm.dll+0x3333d4]
V  [jvm.dll+0x190f9d]
V  [jvm.dll+0x32e4d9]
V  [jvm.dll+0x32d3e7]
V  [jvm.dll+0x18e1ee]
V  [jvm.dll+0x1ea822]
V  [jvm.dll+0x1e996e]
V  [jvm.dll+0x178567]
V  [jvm.dll+0x1f9225]
V  [jvm.dll+0x1f72cc]
V  [jvm.dll+0x74495d]
V  [jvm.dll+0x73d75a]
V  [jvm.dll+0x629c56]
C  [ucrtbase.dll+0x21bb2]
C  [KERNEL32.DLL+0x17034]
C  [ntdll.dll+0x4d241]


---------------  P R O C E S S  ---------------

Threads class SMR info:
_java_thread_list=0x00000253f90b44b0, length=15, elements={
0x00000253d6213210, 0x00000253f443ea10, 0x00000253f443fd80, 0x00000253f4457a30,
0x00000253f445a400, 0x00000253f445e670, 0x00000253f4463890, 0x00000253f4466340,
0x00000253f4468cc0, 0x00000253f4eaf720, 0x00000253f4eb40b0, 0x00000253f4f2d8a0,
0x00000253f4fc1d80, 0x00000253f67ef780, 0x00000253f55e0cb0
}

Java Threads: ( => current thread )
  0x00000253d6213210 JavaThread "main" [_thread_in_vm, id=2936, stack(0x00000054e3900000,0x00000054e3a00000)]
  0x00000253f443ea10 JavaThread "Reference Handler" daemon [_thread_blocked, id=18624, stack(0x00000054e4000000,0x00000054e4100000)]
  0x00000253f443fd80 JavaThread "Finalizer" daemon [_thread_blocked, id=18572, stack(0x00000054e4100000,0x00000054e4200000)]
  0x00000253f4457a30 JavaThread "Signal Dispatcher" daemon [_thread_blocked, id=8056, stack(0x00000054e4200000,0x00000054e4300000)]
  0x00000253f445a400 JavaThread "Attach Listener" daemon [_thread_blocked, id=16948, stack(0x00000054e4300000,0x00000054e4400000)]
  0x00000253f445e670 JavaThread "Service Thread" daemon [_thread_blocked, id=16404, stack(0x00000054e4400000,0x00000054e4500000)]
=>0x00000253f4463890 JavaThread "C2 CompilerThread0" daemon [_thread_in_native, id=9548, stack(0x00000054e4500000,0x00000054e4600000)]
  0x00000253f4466340 JavaThread "C1 CompilerThread0" daemon [_thread_blocked, id=11464, stack(0x00000054e4600000,0x00000054e4700000)]
  0x00000253f4468cc0 JavaThread "Sweeper thread" daemon [_thread_blocked, id=15800, stack(0x00000054e4700000,0x00000054e4800000)]
  0x00000253f4eaf720 JavaThread "Notification Thread" daemon [_thread_blocked, id=6796, stack(0x00000054e4800000,0x00000054e4900000)]
  0x00000253f4eb40b0 JavaThread "Common-Cleaner" daemon [_thread_blocked, id=3880, stack(0x00000054e4a00000,0x00000054e4b00000)]
  0x00000253f4f2d8a0 JavaThread "surefire-forkedjvm-command-thread" daemon [_thread_in_native, id=8108, stack(0x00000054e4b00000,0x00000054e4c00000)]
  0x00000253f4fc1d80 JavaThread "surefire-forkedjvm-ping-30s" daemon [_thread_blocked, id=9752, stack(0x00000054e4c00000,0x00000054e4d00000)]
  0x00000253f67ef780 JavaThread "HikariPool-1 housekeeper" daemon [_thread_blocked, id=3324, stack(0x00000054e5000000,0x00000054e5100000)]
  0x00000253f55e0cb0 JavaThread "C2 CompilerThread1" daemon [_thread_in_native, id=5968, stack(0x00000054e5100000,0x00000054e5200000)]

Other Threads:
  0x00000253f443a9e0 VMThread "VM Thread" [stack: 0x00000054e3f00000,0x00000054e4000000] [id=7212]
  0x00000253f4eb3c00 WatcherThread [stack: 0x00000054e4900000,0x00000054e4a00000] [id=9748]
  0x00000253d6252810 GCTaskThread "GC Thread#0" [stack: 0x00000054e3a00000,0x00000054e3b00000] [id=11604]
  0x00000253f5212740 GCTaskThread "GC Thread#1" [stack: 0x00000054e4d00000,0x00000054e4e00000] [id=14384]
  0x00000253f5210dc0 GCTaskThread "GC Thread#2" [stack: 0x00000054e4e00000,0x00000054e4f00000] [id=6104]
  0x00000253d6263660 ConcurrentGCThread "G1 Main Marker" [stack: 0x00000054e3b00000,0x00000054e3c00000] [id=6568]
  0x00000253d62649f0 ConcurrentGCThread "G1 Conc#0" [stack: 0x00000054e3c00000,0x00000054e3d00000] [id=17356]
  0x00000253d62dd590 ConcurrentGCThread "G1 Refine#0" [stack: 0x00000054e3d00000,0x00000054e3e00000] [id=572]
  0x00000253f54be6c0 ConcurrentGCThread "G1 Refine#1" [stack: 0x00000054e4f00000,0x00000054e5000000] [id=15216]
  0x00000253d62de190 ConcurrentGCThread "G1 Young RemSet Sampling" [stack: 0x00000054e3e00000,0x00000054e3f00000] [id=16356]

Threads with active compile tasks:
C2 CompilerThread0    16927 4363       4       org.springframework.core.annotation.AnnotationsScanner::scan (18 bytes)
C2 CompilerThread1    16927 4304       4       org.springframework.core.annotation.TypeMappedAnnotations::get (52 bytes)

VM state: not at safepoint (normal execution)

VM Mutex/Monitor currently owned by a thread: None

OutOfMemory and StackOverflow Exception counts:
OutOfMemoryError java_heap_errors=1
LinkageErrors=72

Heap address: 0x0000000081800000, size: 2024 MB, Compressed Oops mode: 32-bit
CDS archive(s) mapped at: [0x0000000800000000-0x0000000800b50000-0x0000000800b50000), size 11862016, SharedBaseAddress: 0x0000000800000000, ArchiveRelocationMode: 0.
Compressed class space mapped at: 0x0000000800b50000-0x0000000840b50000, size: 1073741824
Narrow klass base: 0x0000000800000000, Narrow klass shift: 3, Narrow klass range: 0x100000000

GC Precious Log:
 CPUs: 4 total, 4 available
 Memory: 8089M
 Large Page Support: Disabled
 NUMA Support: Disabled
 Compressed Oops: Enabled (32-bit)
 Heap Region Size: 1M
 Heap Min Capacity: 8M
 Heap Initial Capacity: 128M
 Heap Max Capacity: 2024M
 Pre-touch: Disabled
 Parallel Workers: 4
 Concurrent Workers: 1
 Concurrent Refinement Workers: 4
 Periodic GC: Disabled

Heap:
 garbage-first heap   total 45056K, used 29713K [0x0000000081800000, 0x0000000100000000)
  region size 1024K, 12 young (12288K), 3 survivors (3072K)
 Metaspace       used 48187K, capacity 48616K, committed 48796K, reserved 1095680K
  class space    used 6310K, capacity 6447K, committed 6476K, reserved 1048576K

Heap Regions: E=young(eden), S=young(survivor), O=old, HS=humongous(starts), HC=humongous(continues), CS=collection set, F=free, OA=open archive, CA=closed archive, TAMS=top-at-mark-start (previous, next)
|   0|0x0000000081800000, 0x0000000081900000, 0x0000000081900000|100%|HS|  |TAMS 0x0000000081900000, 0x0000000081800000| Complete 
|   1|0x0000000081900000, 0x0000000081a00000, 0x0000000081a00000|100%| O|  |TAMS 0x0000000081a00000, 0x0000000081900000| Untracked 
|   2|0x0000000081a00000, 0x0000000081b00000, 0x0000000081b00000|100%| O|  |TAMS 0x0000000081b00000, 0x0000000081a00000| Untracked 
|   3|0x0000000081b00000, 0x0000000081c00000, 0x0000000081c00000|100%| O|  |TAMS 0x0000000081c00000, 0x0000000081b00000| Untracked 
|   4|0x0000000081c00000, 0x0000000081d00000, 0x0000000081d00000|100%| O|  |TAMS 0x0000000081d00000, 0x0000000081c00000| Untracked 
|   5|0x0000000081d00000, 0x0000000081e00000, 0x0000000081e00000|100%| O|  |TAMS 0x0000000081e00000, 0x0000000081d00000| Untracked 
|   6|0x0000000081e00000, 0x0000000081ed8e00, 0x0000000081f00000| 84%| O|  |TAMS 0x0000000081ed8e00, 0x0000000081e00000| Untracked 
|   7|0x0000000081f00000, 0x0000000082000000, 0x0000000082000000|100%| O|  |TAMS 0x0000000082000000, 0x0000000081f00000| Untracked 
|   8|0x0000000082000000, 0x0000000082100000, 0x0000000082100000|100%| O|  |TAMS 0x0000000082100000, 0x0000000082000000| Untracked 
|   9|0x0000000082100000, 0x0000000082200000, 0x0000000082200000|100%| O|  |TAMS 0x0000000082200000, 0x0000000082100000| Untracked 
|  10|0x0000000082200000, 0x0000000082300000, 0x0000000082300000|100%| O|  |TAMS 0x0000000082300000, 0x0000000082200000| Untracked 
|  11|0x0000000082300000, 0x0000000082400000, 0x0000000082400000|100%| O|  |TAMS 0x0000000082400000, 0x0000000082300000| Untracked 
|  12|0x0000000082400000, 0x0000000082500000, 0x0000000082500000|100%| O|  |TAMS 0x0000000082500000, 0x0000000082400000| Untracked 
|  13|0x0000000082500000, 0x0000000082600000, 0x0000000082600000|100%| O|  |TAMS 0x0000000082600000, 0x0000000082500000| Untracked 
|  14|0x0000000082600000, 0x0000000082700000, 0x0000000082700000|100%| O|  |TAMS 0x00000000826bea00, 0x0000000082600000| Untracked 
|  15|0x0000000082700000, 0x0000000082800000, 0x0000000082800000|100%| O|  |TAMS 0x0000000082700000, 0x0000000082700000| Untracked 
|  16|0x0000000082800000, 0x0000000082900000, 0x0000000082900000|100%| O|  |TAMS 0x0000000082800000, 0x0000000082800000| Untracked 
|  17|0x0000000082900000, 0x0000000082a00000, 0x0000000082a00000|100%| O|  |TAMS 0x0000000082900000, 0x0000000082900000| Untracked 
|  18|0x0000000082a00000, 0x0000000082a34600, 0x0000000082b00000| 20%| O|  |TAMS 0x0000000082a00000, 0x0000000082a00000| Untracked 
|  19|0x0000000082b00000, 0x0000000082b00000, 0x0000000082c00000|  0%| F|  |TAMS 0x0000000082b00000, 0x0000000082b00000| Untracked 
|  20|0x0000000082c00000, 0x0000000082c00000, 0x0000000082d00000|  0%| F|  |TAMS 0x0000000082c00000, 0x0000000082c00000| Untracked 
|  21|0x0000000082d00000, 0x0000000082d00000, 0x0000000082e00000|  0%| F|  |TAMS 0x0000000082d00000, 0x0000000082d00000| Untracked 
|  22|0x0000000082e00000, 0x0000000082e00000, 0x0000000082f00000|  0%| F|  |TAMS 0x0000000082e00000, 0x0000000082e00000| Untracked 
|  23|0x0000000082f00000, 0x0000000082f00000, 0x0000000083000000|  0%| F|  |TAMS 0x0000000082f00000, 0x0000000082f00000| Untracked 
|  24|0x0000000083000000, 0x0000000083000000, 0x0000000083100000|  0%| F|  |TAMS 0x0000000083000000, 0x0000000083000000| Untracked 
|  25|0x0000000083100000, 0x00000000831f7220, 0x0000000083200000| 96%| S|CS|TAMS 0x0000000083100000, 0x0000000083100000| Complete 
|  26|0x0000000083200000, 0x0000000083300000, 0x0000000083300000|100%| S|CS|TAMS 0x0000000083200000, 0x0000000083200000| Complete 
|  27|0x0000000083300000, 0x0000000083400000, 0x0000000083400000|100%| S|CS|TAMS 0x0000000083300000, 0x0000000083300000| Complete 
|  28|0x0000000083400000, 0x0000000083400000, 0x0000000083500000|  0%| F|  |TAMS 0x0000000083400000, 0x0000000083400000| Untracked 
|  29|0x0000000083500000, 0x0000000083500000, 0x0000000083600000|  0%| F|  |TAMS 0x0000000083500000, 0x0000000083500000| Untracked 
|  30|0x0000000083600000, 0x0000000083600000, 0x0000000083700000|  0%| F|  |TAMS 0x0000000083600000, 0x0000000083600000| Untracked 
|  31|0x0000000083700000, 0x0000000083700000, 0x0000000083800000|  0%| F|  |TAMS 0x0000000083700000, 0x0000000083700000| Untracked 
|  32|0x0000000083800000, 0x0000000083800000, 0x0000000083900000|  0%| F|  |TAMS 0x0000000083800000, 0x0000000083800000| Untracked 
|  33|0x0000000083900000, 0x0000000083900000, 0x0000000083a00000|  0%| F|  |TAMS 0x0000000083900000, 0x0000000083900000| Untracked 
|  34|0x0000000083a00000, 0x0000000083a00000, 0x0000000083b00000|  0%| F|  |TAMS 0x0000000083a00000, 0x0000000083a00000| Untracked 
|  35|0x0000000083b00000, 0x0000000083b67708, 0x0000000083c00000| 40%| E|  |TAMS 0x0000000083b00000, 0x0000000083b00000| Complete 
|  36|0x0000000083c00000, 0x0000000083d00000, 0x0000000083d00000|100%| E|CS|TAMS 0x0000000083c00000, 0x0000000083c00000| Complete 
|  37|0x0000000083d00000, 0x0000000083e00000, 0x0000000083e00000|100%| E|CS|TAMS 0x0000000083d00000, 0x0000000083d00000| Complete 
| 100|0x0000000087c00000, 0x0000000087d00000, 0x0000000087d00000|100%| E|CS|TAMS 0x0000000087c00000, 0x0000000087c00000| Complete 
| 101|0x0000000087d00000, 0x0000000087e00000, 0x0000000087e00000|100%| E|CS|TAMS 0x0000000087d00000, 0x0000000087d00000| Complete 
| 102|0x0000000087e00000, 0x0000000087f00000, 0x0000000087f00000|100%| E|CS|TAMS 0x0000000087e00000, 0x0000000087e00000| Complete 
| 103|0x0000000087f00000, 0x0000000088000000, 0x0000000088000000|100%| E|CS|TAMS 0x0000000087f00000, 0x0000000087f00000| Complete 
| 104|0x0000000088000000, 0x0000000088100000, 0x0000000088100000|100%| E|CS|TAMS 0x0000000088000000, 0x0000000088000000| Complete 
| 127|0x0000000089700000, 0x0000000089800000, 0x0000000089800000|100%| E|CS|TAMS 0x0000000089700000, 0x0000000089700000| Complete 

Card table byte_map: [0x00000253ed850000,0x00000253edc50000] _byte_map_base: 0x00000253ed444000

Marking Bits (Prev, Next): (CMBitMap*) 0x00000253d6253000, (CMBitMap*) 0x00000253d6253040
 Prev Bits: [0x00000253ee050000, 0x00000253efff0000)
 Next Bits: [0x00000253efff0000, 0x00000253f1f90000)

Polling page: 0x00000253d4190000

Metaspace:

Usage:
  Non-class:     41.18 MB capacity,    40.90 MB (>99%) used,   230.13 KB ( <1%) free+waste,    61.19 KB ( <1%) overhead. 
      Class:      6.30 MB capacity,     6.16 MB ( 98%) used,   112.44 KB (  2%) free+waste,    23.69 KB ( <1%) overhead. 
       Both:     47.48 MB capacity,    47.06 MB (>99%) used,   342.57 KB ( <1%) free+waste,    84.88 KB ( <1%) overhead. 

Virtual space:
  Non-class space:       46.00 MB reserved,      41.33 MB ( 90%) committed 
      Class space:        1.00 GB reserved,       6.32 MB ( <1%) committed 
             Both:        1.04 GB reserved,      47.65 MB (  4%) committed 

Chunk freelists:
   Non-Class:  23.00 KB
       Class:  17.00 KB
        Both:  40.00 KB

MaxMetaspaceSize: 17179869184.00 GB
CompressedClassSpaceSize: 1.00 GB

CodeHeap 'non-profiled nmethods': size=120000Kb used=2822Kb max_used=2822Kb free=117177Kb
 bounds [0x00000253e5f20000, 0x00000253e61f0000, 0x00000253ed450000]
CodeHeap 'profiled nmethods': size=120000Kb used=9402Kb max_used=9402Kb free=110597Kb
 bounds [0x00000253de9f0000, 0x00000253df320000, 0x00000253e5f20000]
CodeHeap 'non-nmethods': size=5760Kb used=1288Kb max_used=1364Kb free=4471Kb
 bounds [0x00000253de450000, 0x00000253de6c0000, 0x00000253de9f0000]
 total_blobs=4946 nmethods=4372 adapters=485
 compilation: enabled
              stopped_count=0, restarted_count=0
 full_count=0

Compilation events (20 events):
Event: 16.573 Thread 0x00000253f4466340 4379       3       org.springframework.boot.context.properties.bind.AbstractBindHandler::onFinish (15 bytes)
Event: 16.573 Thread 0x00000253f4466340 nmethod 4379 0x00000253df318210 code [0x00000253df3183c0, 0x00000253df318588]
Event: 16.582 Thread 0x00000253f4466340 4380       1       org.springframework.beans.factory.support.AbstractBeanFactory::getConversionService (5 bytes)
Event: 16.582 Thread 0x00000253f4466340 nmethod 4380 0x00000253e61e1290 code [0x00000253e61e1420, 0x00000253e61e14d8]
Event: 16.704 Thread 0x00000253f4466340 4382       3       java.util.Hashtable$Enumerator::<init> (51 bytes)
Event: 16.704 Thread 0x00000253f4466340 nmethod 4382 0x00000253df318690 code [0x00000253df318840, 0x00000253df318a78]
Event: 16.708 Thread 0x00000253f4466340 4385       1       org.springframework.beans.PropertyEditorRegistrySupport::setConversionService (6 bytes)
Event: 16.708 Thread 0x00000253f4466340 nmethod 4385 0x00000253e61e1590 code [0x00000253e61e1720, 0x00000253e61e1818]
Event: 16.708 Thread 0x00000253f4466340 4386       3       org.springframework.beans.factory.support.RootBeanDefinition::setParentName (15 bytes)
Event: 16.709 Thread 0x00000253f4466340 nmethod 4386 0x00000253df318b90 code [0x00000253df318d40, 0x00000253df318f48]
Event: 16.709 Thread 0x00000253f4466340 4387       3       org.springframework.beans.factory.support.AbstractBeanDefinition::copyQualifiersFrom (20 bytes)
Event: 16.709 Thread 0x00000253f4466340 nmethod 4387 0x00000253df319010 code [0x00000253df3191e0, 0x00000253df319518]
Event: 16.711 Thread 0x00000253f4466340 4388       3       jdk.internal.reflect.ReflectionFactory::newMethodAccessor (130 bytes)
Event: 16.715 Thread 0x00000253f4466340 nmethod 4388 0x00000253df319690 code [0x00000253df319a80, 0x00000253df31b898]
Event: 16.726 Thread 0x00000253f4466340 4389   !   3       com.sun.proxy.$Proxy50::annotationType (29 bytes)
Event: 16.727 Thread 0x00000253f4466340 nmethod 4389 0x00000253df31c210 code [0x00000253df31c3e0, 0x00000253df31c7d8]
Event: 16.727 Thread 0x00000253f4466340 4391       3       org.springframework.beans.factory.support.AbstractBeanFactory::getType (7 bytes)
Event: 16.727 Thread 0x00000253f4466340 nmethod 4391 0x00000253df31c990 code [0x00000253df31cb40, 0x00000253df31cd08]
Event: 16.727 Thread 0x00000253f4466340 4390   !   3       com.sun.proxy.$Proxy41::annotationType (29 bytes)
Event: 16.727 Thread 0x00000253f4466340 nmethod 4390 0x00000253df31cd90 code [0x00000253df31cf60, 0x00000253df31d358]

GC Heap History (20 events):
Event: 3.937 GC heap before
{Heap before GC invocations=3 (full 0):
 garbage-first heap   total 131072K, used 83496K [0x0000000081800000, 0x0000000100000000)
  region size 1024K, 76 young (77824K), 2 survivors (2048K)
 Metaspace       used 18772K, capacity 19048K, committed 19328K, reserved 1071104K
  class space    used 2296K, capacity 2398K, committed 2432K, reserved 1048576K
}
Event: 3.944 GC heap after
{Heap after GC invocations=4 (full 0):
 garbage-first heap   total 131072K, used 10793K [0x0000000081800000, 0x0000000100000000)
  region size 1024K, 4 young (4096K), 4 survivors (4096K)
 Metaspace       used 18772K, capacity 19048K, committed 19328K, reserved 1071104K
  class space    used 2296K, capacity 2398K, committed 2432K, reserved 1048576K
}
Event: 5.077 GC heap before
{Heap before GC invocations=4 (full 0):
 garbage-first heap   total 131072K, used 33321K [0x0000000081800000, 0x0000000100000000)
  region size 1024K, 27 young (27648K), 4 survivors (4096K)
 Metaspace       used 20859K, capacity 21106K, committed 21296K, reserved 1071104K
  class space    used 2518K, capacity 2607K, committed 2688K, reserved 1048576K
}
Event: 5.084 GC heap after
{Heap after GC invocations=5 (full 0):
 garbage-first heap   total 131072K, used 11716K [0x0000000081800000, 0x0000000100000000)
  region size 1024K, 5 young (5120K), 5 survivors (5120K)
 Metaspace       used 20859K, capacity 21106K, committed 21296K, reserved 1071104K
  class space    used 2518K, capacity 2607K, committed 2688K, reserved 1048576K
}
Event: 6.595 GC heap before
{Heap before GC invocations=6 (full 0):
 garbage-first heap   total 45056K, used 33220K [0x0000000081800000, 0x0000000100000000)
  region size 1024K, 26 young (26624K), 5 survivors (5120K)
 Metaspace       used 23944K, capacity 24291K, committed 24496K, reserved 1075200K
  class space    used 2960K, capacity 3042K, committed 3072K, reserved 1048576K
}
Event: 6.612 GC heap after
{Heap after GC invocations=7 (full 0):
 garbage-first heap   total 45056K, used 13374K [0x0000000081800000, 0x0000000100000000)
  region size 1024K, 3 young (3072K), 3 survivors (3072K)
 Metaspace       used 23944K, capacity 24291K, committed 24496K, reserved 1075200K
  class space    used 2960K, capacity 3042K, committed 3072K, reserved 1048576K
}
Event: 8.223 GC heap before
{Heap before GC invocations=7 (full 0):
 garbage-first heap   total 45056K, used 30782K [0x0000000081800000, 0x0000000100000000)
  region size 1024K, 21 young (21504K), 3 survivors (3072K)
 Metaspace       used 26964K, capacity 27339K, committed 27568K, reserved 1077248K
  class space    used 3330K, capacity 3481K, committed 3584K, reserved 1048576K
}
Event: 8.235 GC heap after
{Heap after GC invocations=8 (full 0):
 garbage-first heap   total 45056K, used 14973K [0x0000000081800000, 0x0000000100000000)
  region size 1024K, 2 young (2048K), 2 survivors (2048K)
 Metaspace       used 26964K, capacity 27339K, committed 27568K, reserved 1077248K
  class space    used 3330K, capacity 3481K, committed 3584K, reserved 1048576K
}
Event: 10.780 GC heap before
{Heap before GC invocations=8 (full 0):
 garbage-first heap   total 45056K, used 33405K [0x0000000081800000, 0x0000000100000000)
  region size 1024K, 20 young (20480K), 2 survivors (2048K)
 Metaspace       used 32012K, capacity 32384K, committed 32560K, reserved 1081344K
  class space    used 3852K, capacity 3965K, committed 3968K, reserved 1048576K
}
Event: 10.792 GC heap after
{Heap after GC invocations=9 (full 0):
 garbage-first heap   total 45056K, used 16876K [0x0000000081800000, 0x0000000100000000)
  region size 1024K, 2 young (2048K), 2 survivors (2048K)
 Metaspace       used 32012K, capacity 32384K, committed 32560K, reserved 1081344K
  class space    used 3852K, capacity 3965K, committed 3968K, reserved 1048576K
}
Event: 11.808 GC heap before
{Heap before GC invocations=9 (full 0):
 garbage-first heap   total 45056K, used 29164K [0x0000000081800000, 0x0000000100000000)
  region size 1024K, 16 young (16384K), 2 survivors (2048K)
 Metaspace       used 35490K, capacity 35849K, committed 35920K, reserved 1085440K
  class space    used 4472K, capacity 4607K, committed 4608K, reserved 1048576K
}
Event: 11.815 GC heap after
{Heap after GC invocations=10 (full 0):
 garbage-first heap   total 45056K, used 17196K [0x0000000081800000, 0x0000000100000000)
  region size 1024K, 3 young (3072K), 3 survivors (3072K)
 Metaspace       used 35490K, capacity 35849K, committed 35920K, reserved 1085440K
  class space    used 4472K, capacity 4607K, committed 4608K, reserved 1048576K
}
Event: 12.887 GC heap before
{Heap before GC invocations=11 (full 0):
 garbage-first heap   total 45056K, used 32556K [0x0000000081800000, 0x0000000100000000)
  region size 1024K, 19 young (19456K), 3 survivors (3072K)
 Metaspace       used 39652K, capacity 40050K, committed 40220K, reserved 1087488K
  class space    used 5070K, capacity 5217K, committed 5324K, reserved 1048576K
}
Event: 12.894 GC heap after
{Heap after GC invocations=12 (full 0):
 garbage-first heap   total 45056K, used 18033K [0x0000000081800000, 0x0000000100000000)
  region size 1024K, 2 young (2048K), 2 survivors (2048K)
 Metaspace       used 39652K, capacity 40050K, committed 40220K, reserved 1087488K
  class space    used 5070K, capacity 5217K, committed 5324K, reserved 1048576K
}
Event: 14.488 GC heap before
{Heap before GC invocations=12 (full 0):
 garbage-first heap   total 45056K, used 34417K [0x0000000081800000, 0x0000000100000000)
  region size 1024K, 18 young (18432K), 2 survivors (2048K)
 Metaspace       used 43722K, capacity 44167K, committed 44444K, reserved 1091584K
  class space    used 5722K, capacity 5863K, committed 5964K, reserved 1048576K
}
Event: 14.494 GC heap after
{Heap after GC invocations=13 (full 0):
 garbage-first heap   total 45056K, used 18629K [0x0000000081800000, 0x0000000100000000)
  region size 1024K, 3 young (3072K), 3 survivors (3072K)
 Metaspace       used 43722K, capacity 44167K, committed 44444K, reserved 1091584K
  class space    used 5722K, capacity 5863K, committed 5964K, reserved 1048576K
}
Event: 15.133 GC heap before
{Heap before GC invocations=13 (full 0):
 garbage-first heap   total 45056K, used 33989K [0x0000000081800000, 0x0000000100000000)
  region size 1024K, 18 young (18432K), 3 survivors (3072K)
 Metaspace       used 46298K, capacity 46803K, committed 47004K, reserved 1093632K
  class space    used 6046K, capacity 6186K, committed 6220K, reserved 1048576K
}
Event: 15.141 GC heap after
{Heap after GC invocations=14 (full 0):
 garbage-first heap   total 45056K, used 19910K [0x0000000081800000, 0x0000000100000000)
  region size 1024K, 3 young (3072K), 3 survivors (3072K)
 Metaspace       used 46298K, capacity 46803K, committed 47004K, reserved 1093632K
  class space    used 6046K, capacity 6186K, committed 6220K, reserved 1048576K
}
Event: 15.962 GC heap before
{Heap before GC invocations=14 (full 0):
 garbage-first heap   total 45056K, used 35270K [0x0000000081800000, 0x0000000100000000)
  region size 1024K, 18 young (18432K), 3 survivors (3072K)
 Metaspace       used 47611K, capacity 48034K, committed 48284K, reserved 1095680K
  class space    used 6236K, capacity 6382K, committed 6476K, reserved 1048576K
}
Event: 15.976 GC heap after
{Heap after GC invocations=15 (full 0):
 garbage-first heap   total 45056K, used 21521K [0x0000000081800000, 0x0000000100000000)
  region size 1024K, 3 young (3072K), 3 survivors (3072K)
 Metaspace       used 47611K, capacity 48034K, committed 48284K, reserved 1095680K
  class space    used 6236K, capacity 6382K, committed 6476K, reserved 1048576K
}

Deoptimization events (20 events):
Event: 15.646 Thread 0x00000253d6213210 Uncommon trap: trap_request=0xffffffde fr.pc=0x00000253e61aed68 relative=0x0000000000004408
Event: 15.646 Thread 0x00000253d6213210 Uncommon trap: reason=class_check action=maybe_recompile pc=0x00000253e61aed68 method=org.springframework.beans.factory.support.AbstractBeanFactory.isTypeMatch(Ljava/lang/String;Lorg/springframework/core/ResolvableType;Z)Z @ 53 c2
Event: 15.646 Thread 0x00000253d6213210 DEOPT PACKING pc=0x00000253e61aed68 sp=0x00000054e39faf30
Event: 15.646 Thread 0x00000253d6213210 DEOPT UNPACKING pc=0x00000253de49e42f sp=0x00000054e39faf10 mode 2
Event: 15.646 Thread 0x00000253d6213210 Uncommon trap: trap_request=0xffffffde fr.pc=0x00000253e61aed68 relative=0x0000000000004408
Event: 15.646 Thread 0x00000253d6213210 Uncommon trap: reason=class_check action=maybe_recompile pc=0x00000253e61aed68 method=org.springframework.beans.factory.support.AbstractBeanFactory.isTypeMatch(Ljava/lang/String;Lorg/springframework/core/ResolvableType;Z)Z @ 53 c2
Event: 15.646 Thread 0x00000253d6213210 DEOPT PACKING pc=0x00000253e61aed68 sp=0x00000054e39faf30
Event: 15.646 Thread 0x00000253d6213210 DEOPT UNPACKING pc=0x00000253de49e42f sp=0x00000054e39faf10 mode 2
Event: 15.646 Thread 0x00000253d6213210 Uncommon trap: trap_request=0xffffffde fr.pc=0x00000253e61aed68 relative=0x0000000000004408
Event: 15.646 Thread 0x00000253d6213210 Uncommon trap: reason=class_check action=maybe_recompile pc=0x00000253e61aed68 method=org.springframework.beans.factory.support.AbstractBeanFactory.isTypeMatch(Ljava/lang/String;Lorg/springframework/core/ResolvableType;Z)Z @ 53 c2
Event: 15.646 Thread 0x00000253d6213210 DEOPT PACKING pc=0x00000253e61aed68 sp=0x00000054e39faf30
Event: 15.646 Thread 0x00000253d6213210 DEOPT UNPACKING pc=0x00000253de49e42f sp=0x00000054e39faf10 mode 2
Event: 15.648 Thread 0x00000253d6213210 Uncommon trap: trap_request=0xffffffde fr.pc=0x00000253e61aed68 relative=0x0000000000004408
Event: 15.648 Thread 0x00000253d6213210 Uncommon trap: reason=class_check action=maybe_recompile pc=0x00000253e61aed68 method=org.springframework.beans.factory.support.AbstractBeanFactory.isTypeMatch(Ljava/lang/String;Lorg/springframework/core/ResolvableType;Z)Z @ 53 c2
Event: 15.648 Thread 0x00000253d6213210 DEOPT PACKING pc=0x00000253e61aed68 sp=0x00000054e39fb060
Event: 15.648 Thread 0x00000253d6213210 DEOPT UNPACKING pc=0x00000253de49e42f sp=0x00000054e39fb040 mode 2
Event: 16.530 Thread 0x00000253d6213210 Uncommon trap: trap_request=0xffffff45 fr.pc=0x00000253e61d0508 relative=0x0000000000002848
Event: 16.530 Thread 0x00000253d6213210 Uncommon trap: reason=unstable_if action=reinterpret pc=0x00000253e61d0508 method=org.springframework.beans.factory.support.AbstractBeanFactory.isTypeMatch(Ljava/lang/String;Lorg/springframework/core/ResolvableType;Z)Z @ 559 c2
Event: 16.530 Thread 0x00000253d6213210 DEOPT PACKING pc=0x00000253e61d0508 sp=0x00000054e39f89e0
Event: 16.530 Thread 0x00000253d6213210 DEOPT UNPACKING pc=0x00000253de49e42f sp=0x00000054e39f89a8 mode 2

Classes unloaded (0 events):
No events

Classes redefined (0 events):
No events

Internal exceptions (20 events):
Event: 16.688 Thread 0x00000253d6213210 Exception <a 'java/lang/ClassNotFoundException'{0x0000000083d2c1b0}: com/fasterxml/jackson/module/paramnames/ParameterNamesModuleBeanInfo> (0x0000000083d2c1b0) 
thrown [./open/src/hotspot/share/classfile/systemDictionary.cpp, line 295]
Event: 16.689 Thread 0x00000253d6213210 Exception <a 'java/lang/ClassNotFoundException'{0x0000000083d32ac8}: com/fasterxml/jackson/databind/module/SimpleModuleBeanInfo> (0x0000000083d32ac8) 
thrown [./open/src/hotspot/share/classfile/systemDictionary.cpp, line 295]
Event: 16.690 Thread 0x00000253d6213210 Exception <a 'java/lang/ClassNotFoundException'{0x0000000083d39078}: com/fasterxml/jackson/databind/ModuleBeanInfo> (0x0000000083d39078) 
thrown [./open/src/hotspot/share/classfile/systemDictionary.cpp, line 295]
Event: 16.690 Thread 0x00000253d6213210 Exception <a 'java/lang/ClassNotFoundException'{0x0000000083d3b808}: java/lang/ObjectBeanInfo> (0x0000000083d3b808) 
thrown [./open/src/hotspot/share/classfile/systemDictionary.cpp, line 295]
Event: 16.690 Thread 0x00000253d6213210 Exception <a 'java/lang/ClassNotFoundException'{0x0000000083d3df68}: java/lang/ObjectCustomizer> (0x0000000083d3df68) 
thrown [./open/src/hotspot/share/classfile/systemDictionary.cpp, line 295]
Event: 16.691 Thread 0x00000253d6213210 Exception <a 'java/lang/ClassNotFoundException'{0x0000000083d48148}: com/fasterxml/jackson/databind/ModuleCustomizer> (0x0000000083d48148) 
thrown [./open/src/hotspot/share/classfile/systemDictionary.cpp, line 295]
Event: 16.693 Thread 0x00000253d6213210 Exception <a 'java/lang/ClassNotFoundException'{0x0000000083d54198}: com/fasterxml/jackson/databind/module/SimpleModuleCustomizer> (0x0000000083d54198) 
thrown [./open/src/hotspot/share/classfile/systemDictionary.cpp, line 295]
Event: 16.702 Thread 0x00000253d6213210 Exception <a 'java/lang/ClassNotFoundException'{0x0000000083d77388}: com/fasterxml/jackson/module/paramnames/ParameterNamesModuleCustomizer> (0x0000000083d77388) 
thrown [./open/src/hotspot/share/classfile/systemDictionary.cpp, line 295]
Event: 16.706 Thread 0x00000253d6213210 Exception <a 'java/lang/ClassNotFoundException'{0x0000000083d9eac8}: com/fasterxml/jackson/core/VersionedCustomizer> (0x0000000083d9eac8) 
thrown [./open/src/hotspot/share/classfile/systemDictionary.cpp, line 295]
Event: 16.709 Thread 0x00000253d6213210 Exception <a 'java/lang/ClassNotFoundException'{0x0000000083db25d0}: java/lang/ObjectCustomizer> (0x0000000083db25d0) 
thrown [./open/src/hotspot/share/classfile/systemDictionary.cpp, line 295]
Event: 16.710 Thread 0x00000253d6213210 Exception <a 'java/lang/ClassNotFoundException'{0x0000000083dbcc20}: org/springframework/boot/autoconfigure/jackson/JacksonAutoConfigurationCustomizer> (0x0000000083dbcc20) 
thrown [./open/src/hotspot/share/classfile/systemDictionary.cpp, line 295]
Event: 16.719 Thread 0x00000253d6213210 Exception <a 'java/lang/ClassNotFoundException'{0x0000000083dcf718}: org/springframework/boot/jackson/JsonComponentModuleBeanInfo> (0x0000000083dcf718) 
thrown [./open/src/hotspot/share/classfile/systemDictionary.cpp, line 295]
Event: 16.719 Thread 0x00000253d6213210 Exception <a 'java/lang/ClassNotFoundException'{0x0000000083dd6010}: org/springframework/boot/jackson/JsonComponentModuleCustomizer> (0x0000000083dd6010) 
thrown [./open/src/hotspot/share/classfile/systemDictionary.cpp, line 295]
Event: 16.721 Thread 0x00000253d6213210 Exception <a 'java/lang/ClassNotFoundException'{0x0000000083df4088}: org/springframework/beans/factory/BeanFactoryAwareCustomizer> (0x0000000083df4088) 
thrown [./open/src/hotspot/share/classfile/systemDictionary.cpp, line 295]
Event: 16.723 Thread 0x00000253d6213210 Exception <a 'java/lang/ClassNotFoundException'{0x0000000083dfc040}: org/springframework/beans/factory/AwareCustomizer> (0x0000000083dfc040) 
thrown [./open/src/hotspot/share/classfile/systemDictionary.cpp, line 295]
Event: 16.723 Thread 0x00000253d6213210 Exception <a 'java/lang/ClassNotFoundException'{0x0000000083c030b8}: org/springframework/beans/factory/InitializingBeanCustomizer> (0x0000000083c030b8) 
thrown [./open/src/hotspot/share/classfile/systemDictionary.cpp, line 295]
Event: 16.724 Thread 0x00000253d6213210 Exception <a 'java/lang/ClassNotFoundException'{0x0000000083c0a278}: com/fasterxml/jackson/core/VersionedCustomizer> (0x0000000083c0a278) 
thrown [./open/src/hotspot/share/classfile/systemDictionary.cpp, line 295]
Event: 16.729 Thread 0x00000253d6213210 Exception <a 'java/lang/ClassNotFoundException'{0x0000000083c348f8}: java/lang/ObjectCustomizer> (0x0000000083c348f8) 
thrown [./open/src/hotspot/share/classfile/systemDictionary.cpp, line 295]
Event: 16.730 Thread 0x00000253d6213210 Exception <a 'java/lang/ClassNotFoundException'{0x0000000083c3ed88}: org/springframework/data/web/config/SpringDataJacksonConfigurationCustomizer> (0x0000000083c3ed88) 
thrown [./open/src/hotspot/share/classfile/systemDictionary.cpp, line 295]
Event: 16.784 Thread 0x00000253d6213210 Exception <a 'java/lang/ClassNotFoundException'{0x0000000083c47f10}: org/springframework/data/web/config/SpringDataJacksonModulesCustomizer> (0x0000000083c47f10) 
thrown [./open/src/hotspot/share/classfile/systemDictionary.cpp, line 295]

Events (20 events):
Event: 16.686 loading class com/sun/beans/finder/BeanInfoFinder
Event: 16.687 loading class com/sun/beans/finder/InstanceFinder
Event: 16.687 loading class com/sun/beans/finder/InstanceFinder done
Event: 16.687 loading class com/sun/beans/finder/BeanInfoFinder done
Event: 16.690 loading class java/lang/ObjectBeanInfo
Event: 16.690 loading class java/lang/ObjectBeanInfo done
Event: 16.690 loading class java/lang/ObjectBeanInfo
Event: 16.690 loading class java/lang/ObjectBeanInfo done
Event: 16.690 loading class java/lang/ObjectCustomizer
Event: 16.690 loading class java/lang/ObjectCustomizer done
Event: 16.690 loading class java/lang/ObjectCustomizer
Event: 16.690 loading class java/lang/ObjectCustomizer done
Event: 16.709 loading class java/lang/ObjectCustomizer
Event: 16.709 loading class java/lang/ObjectCustomizer done
Event: 16.709 loading class java/lang/ObjectCustomizer
Event: 16.709 loading class java/lang/ObjectCustomizer done
Event: 16.729 loading class java/lang/ObjectCustomizer
Event: 16.729 loading class java/lang/ObjectCustomizer done
Event: 16.729 loading class java/lang/ObjectCustomizer
Event: 16.729 loading class java/lang/ObjectCustomizer done


Dynamic libraries:
0x00007ff649e10000 - 0x00007ff649e1f000 	C:\Program Files\Java\jdk-15.0.2\bin\java.exe
0x00007ffb40a90000 - 0x00007ffb40c86000 	C:\WINDOWS\SYSTEM32\ntdll.dll
0x00007ffb40560000 - 0x00007ffb4061d000 	C:\WINDOWS\System32\KERNEL32.DLL
0x00007ffb3e610000 - 0x00007ffb3e8d9000 	C:\WINDOWS\System32\KERNELBASE.dll
0x00007ffb3e1d0000 - 0x00007ffb3e2d0000 	C:\WINDOWS\System32\ucrtbase.dll
0x00007ffb28f30000 - 0x00007ffb28f48000 	C:\Program Files\Java\jdk-15.0.2\bin\jli.dll
0x00007ffb40260000 - 0x00007ffb4030c000 	C:\WINDOWS\System32\ADVAPI32.dll
0x00007ffb3f790000 - 0x00007ffb3f82e000 	C:\WINDOWS\System32\msvcrt.dll
0x00007ffb40000000 - 0x00007ffb4009c000 	C:\WINDOWS\System32\sechost.dll
0x00007ffb3eb20000 - 0x00007ffb3ec4b000 	C:\WINDOWS\System32\RPCRT4.dll
0x00007ffb406e0000 - 0x00007ffb40880000 	C:\WINDOWS\System32\USER32.dll
0x00007ffb3e500000 - 0x00007ffb3e522000 	C:\WINDOWS\System32\win32u.dll
0x00007ffb40a20000 - 0x00007ffb40a4a000 	C:\WINDOWS\System32\GDI32.dll
0x00007ffb3e3f0000 - 0x00007ffb3e4fb000 	C:\WINDOWS\System32\gdi32full.dll
0x00007ffb3e350000 - 0x00007ffb3e3ed000 	C:\WINDOWS\System32\msvcp_win.dll
0x00007ffb29ab0000 - 0x00007ffb29ac9000 	C:\Program Files\Java\jdk-15.0.2\bin\VCRUNTIME140.dll
0x00007ffb25b10000 - 0x00007ffb25dab000 	C:\WINDOWS\WinSxS\amd64_microsoft.windows.common-controls_6595b64144ccf1df_6.0.19041.746_none_ca02b4b61b8320a4\COMCTL32.dll
0x00007ffb3cff0000 - 0x00007ffb3cffa000 	C:\WINDOWS\SYSTEM32\VERSION.dll
0x00007ffb3eaf0000 - 0x00007ffb3eb20000 	C:\WINDOWS\System32\IMM32.DLL
0x00007ffb32f50000 - 0x00007ffb32f5c000 	C:\Program Files\Java\jdk-15.0.2\bin\vcruntime140_1.dll
0x00007ffb0a180000 - 0x00007ffb0a211000 	C:\Program Files\Java\jdk-15.0.2\bin\msvcp140.dll
0x00007ffaf4730000 - 0x00007ffaf528e000 	C:\Program Files\Java\jdk-15.0.2\bin\server\jvm.dll
0x00007ffb3f780000 - 0x00007ffb3f788000 	C:\WINDOWS\System32\PSAPI.DLL
0x00007ffb26900000 - 0x00007ffb26927000 	C:\WINDOWS\SYSTEM32\WINMM.dll
0x00007ffb1f9c0000 - 0x00007ffb1f9c9000 	C:\WINDOWS\SYSTEM32\WSOCK32.dll
0x00007ffb3f710000 - 0x00007ffb3f77b000 	C:\WINDOWS\System32\WS2_32.dll
0x00007ffb3c290000 - 0x00007ffb3c2a2000 	C:\WINDOWS\SYSTEM32\kernel.appcore.dll
0x00007ffb32320000 - 0x00007ffb3232a000 	C:\Program Files\Java\jdk-15.0.2\bin\jimage.dll
0x00007ffb37e00000 - 0x00007ffb37fe4000 	C:\WINDOWS\SYSTEM32\DBGHELP.DLL
0x00007ffb31010000 - 0x00007ffb3103c000 	C:\WINDOWS\SYSTEM32\dbgcore.DLL
0x00007ffb3e2d0000 - 0x00007ffb3e350000 	C:\WINDOWS\System32\bcryptPrimitives.dll
0x00007ffb28ee0000 - 0x00007ffb28f05000 	C:\Program Files\Java\jdk-15.0.2\bin\java.dll
0x00007ffb3efc0000 - 0x00007ffb3f702000 	C:\WINDOWS\System32\SHELL32.dll
0x00007ffb3c7d0000 - 0x00007ffb3cf60000 	C:\WINDOWS\SYSTEM32\windows.storage.dll
0x00007ffb3fca0000 - 0x00007ffb3fff6000 	C:\WINDOWS\System32\combase.dll
0x00007ffb3dc30000 - 0x00007ffb3dc5c000 	C:\WINDOWS\SYSTEM32\Wldp.dll
0x00007ffb40620000 - 0x00007ffb406ce000 	C:\WINDOWS\System32\SHCORE.dll
0x00007ffb40500000 - 0x00007ffb40555000 	C:\WINDOWS\System32\shlwapi.dll
0x00007ffb3e100000 - 0x00007ffb3e126000 	C:\WINDOWS\SYSTEM32\profapi.dll
0x00007ffb28fa0000 - 0x00007ffb28fb9000 	C:\Program Files\Java\jdk-15.0.2\bin\net.dll
0x00007ffb2add0000 - 0x00007ffb2aed0000 	C:\WINDOWS\SYSTEM32\WINHTTP.dll
0x00007ffb3d940000 - 0x00007ffb3d9aa000 	C:\WINDOWS\system32\mswsock.dll
0x00007ffb28250000 - 0x00007ffb28262000 	C:\Program Files\Java\jdk-15.0.2\bin\nio.dll
0x00007ffb27180000 - 0x00007ffb27198000 	C:\Program Files\Java\jdk-15.0.2\bin\zip.dll
0x00007ffb31dd0000 - 0x00007ffb31dd9000 	C:\Program Files\Java\jdk-15.0.2\bin\management.dll
0x00007ffb319d0000 - 0x00007ffb319db000 	C:\Program Files\Java\jdk-15.0.2\bin\management_ext.dll
0x00007ffb31eb0000 - 0x00007ffb31ec0000 	C:\Program Files\Java\jdk-15.0.2\bin\verify.dll
0x00007ffb2af50000 - 0x00007ffb2af67000 	C:\WINDOWS\system32\napinsp.dll
0x00007ffb2b2b0000 - 0x00007ffb2b2cb000 	C:\WINDOWS\system32\pnrpnsp.dll
0x00007ffb356d0000 - 0x00007ffb356e5000 	C:\WINDOWS\system32\wshbth.dll
0x00007ffb31960000 - 0x00007ffb3197d000 	C:\WINDOWS\system32\NLAapi.dll
0x00007ffb3d5d0000 - 0x00007ffb3d60b000 	C:\WINDOWS\SYSTEM32\IPHLPAPI.DLL
0x00007ffb3d610000 - 0x00007ffb3d6db000 	C:\WINDOWS\SYSTEM32\DNSAPI.dll
0x00007ffb406d0000 - 0x00007ffb406d8000 	C:\WINDOWS\System32\NSI.dll
0x00007ffb2afd0000 - 0x00007ffb2afe2000 	C:\WINDOWS\System32\winrnr.dll
0x00007ffb30b70000 - 0x00007ffb30b7a000 	C:\Windows\System32\rasadhlp.dll
0x00007ffb354c0000 - 0x00007ffb3553f000 	C:\WINDOWS\System32\fwpuclnt.dll
0x00007ffb3e530000 - 0x00007ffb3e557000 	C:\WINDOWS\System32\bcrypt.dll
0x00007ffb3db90000 - 0x00007ffb3dba8000 	C:\WINDOWS\SYSTEM32\CRYPTSP.dll
0x00007ffb3d280000 - 0x00007ffb3d2b4000 	C:\WINDOWS\system32\rsaenh.dll
0x00007ffb3e0c0000 - 0x00007ffb3e0ee000 	C:\WINDOWS\SYSTEM32\USERENV.dll
0x00007ffb3db80000 - 0x00007ffb3db8c000 	C:\WINDOWS\SYSTEM32\CRYPTBASE.dll
0x00007ffb354a0000 - 0x00007ffb354b7000 	C:\WINDOWS\SYSTEM32\dhcpcsvc6.DLL
0x00007ffb35480000 - 0x00007ffb3549d000 	C:\WINDOWS\SYSTEM32\dhcpcsvc.DLL

dbghelp: loaded successfully - version: 4.0.5 - missing functions: none
symbol engine: initialized successfully - sym options: 0x614 - pdb path: .;C:\Program Files\Java\jdk-15.0.2\bin;C:\WINDOWS\SYSTEM32;C:\WINDOWS\WinSxS\amd64_microsoft.windows.common-controls_6595b64144ccf1df_6.0.19041.746_none_ca02b4b61b8320a4;C:\Program Files\Java\jdk-15.0.2\bin\server

VM Arguments:
java_command: C:\Users\jlang\AppData\Local\Temp\surefire12201172843255278483\surefirebooter2747637094551450264.jar C:\Users\jlang\AppData\Local\Temp\surefire12201172843255278483 2021-03-19T20-10-39_521-jvmRun1 surefire12486986790261924281tmp surefire_08205754389095822140tmp
java_class_path (initial): C:\Users\jlang\AppData\Local\Temp\surefire12201172843255278483\surefirebooter2747637094551450264.jar
Launcher Type: SUN_STANDARD

[Global flags]
     intx CICompilerCount                          = 3                                         {product} {ergonomic}
     uint ConcGCThreads                            = 1                                         {product} {ergonomic}
     uint G1ConcRefinementThreads                  = 4                                         {product} {ergonomic}
   size_t G1HeapRegionSize                         = 1048576                                   {product} {ergonomic}
    uintx GCDrainStackTargetSize                   = 64                                        {product} {ergonomic}
   size_t InitialHeapSize                          = 134217728                                 {product} {ergonomic}
   size_t MarkStackSize                            = 4194304                                   {product} {ergonomic}
   size_t MaxHeapSize                              = 2122317824                                {product} {ergonomic}
   size_t MaxNewSize                               = 1272971264                                {product} {ergonomic}
   size_t MinHeapDeltaBytes                        = 1048576                                   {product} {ergonomic}
   size_t MinHeapSize                              = 8388608                                   {product} {ergonomic}
    uintx NonNMethodCodeHeapSize                   = 5832780                                {pd product} {ergonomic}
    uintx NonProfiledCodeHeapSize                  = 122912730                              {pd product} {ergonomic}
    uintx ProfiledCodeHeapSize                     = 122912730                              {pd product} {ergonomic}
    uintx ReservedCodeCacheSize                    = 251658240                              {pd product} {ergonomic}
     bool SegmentedCodeCache                       = true                                      {product} {ergonomic}
   size_t SoftMaxHeapSize                          = 2122317824                             {manageable} {ergonomic}
     bool UseCompressedClassPointers               = true                                 {lp64_product} {ergonomic}
     bool UseCompressedOops                        = true                                 {lp64_product} {ergonomic}
     bool UseG1GC                                  = true                                      {product} {ergonomic}
     bool UseLargePagesIndividualAllocation        = false                                  {pd product} {ergonomic}

Logging:
Log output configuration:
 #0: stdout all=warning uptime,level,tags
 #1: stderr all=off uptime,level,tags

Environment Variables:
JAVA_HOME=C:\Program Files\Java\jdk-15.0.2
CLASSPATH=.;.;.;C:\PROGRA~2\JMF21~1.1E\lib\sound.jar;C:\PROGRA~2\JMF21~1.1E\lib\jmf.jar;C:\PROGRA~2\JMF21~1.1E\lib;
PATH=C:\Program Files\Common Files\Oracle\Java\javapath;C:\Program Files (x86)\Common Files\Oracle\Java\javapath;C:\app\UAP_TIC\product\11.2.0\client_2;C:\app\UAP_TIC\product\11.2.0\client_1\bin;C:\WINDOWS\system32;C:\WINDOWS;C:\WINDOWS\System32\Wbem;C:\WINDOWS\System32\WindowsPowerShell\v1.0\;C:\Program Files (x86)\Sybase\Shared\PowerBuilder\;c:\Program Files\Microsoft SQL Server\110\Tools\Binn\;c:\Program Files (x86)\Microsoft SQL Server\110\Tools\Binn\;c:\Program Files\Microsoft SQL Server\110\DTS\Binn\;c:\Program Files (x86)\Microsoft SQL Server\110\Tools\Binn\ManagementStudio\;c:\Program Files (x86)\Microsoft SQL Server\110\DTS\Binn\;C:\WINDOWS\System32\OpenSSH\;C:\DXC\xHIS;C:\Program Files (x86)\Intel\Intel(R) Management Engine Components\DAL;C:\Program Files\Intel\Intel(R) Management Engine Components\DAL;C:\cschealthcare\PATWIN\;C:\Program Files\PuTTY\;C:\Program Files (x86)\Brackets\command;C:\Users\jlang\AppData\Local\Microsoft\WindowsApps;C:\Users\jlang\AppData\Local\Programs\Microsoft VS Code\bin;C:\Users\jlang\AppData\Local\gitkraken\bin;C:\Users\jlang\AppData\Local\GitHubDesktop\bin;%USERPROFILE%\AppData\Local\Microsoft\WindowsApps;C:\Program Files (x86)\EaseUS\Todo Backup\bin\x64\
USERNAME=jlang
OS=Windows_NT
PROCESSOR_IDENTIFIER=Intel64 Family 6 Model 142 Stepping 9, GenuineIntel



---------------  S Y S T E M  ---------------

OS:
 Windows 10 , 64 bit Build 19041 (10.0.19041.804)
OS uptime: 1 days 10:34 hours

CPU: total 4 (initial active 4) (2 cores per cpu, 2 threads per core) family 6 model 142 stepping 9 microcode 0xb4, cmov, cx8, fxsr, mmx, sse, sse2, sse3, ssse3, sse4.1, sse4.2, popcnt, vzeroupper, avx, avx2, aes, clmul, erms, 3dnowpref, lzcnt, ht, tsc, tscinvbit, bmi1, bmi2, adx, fma, clflush, clflushopt

Memory: 4k page, system-wide physical 8089M (765M free)
TotalPageFile size 10879M (AvailPageFile size 2M)
current process WorkingSet (physical memory assigned to process): 225M, peak: 225M
current process commit charge ("private bytes"): 258M, peak: 263M

vm_info: Java HotSpot(TM) 64-Bit Server VM (15.0.2+7-27) for windows-amd64 JRE (15.0.2+7-27), built on Dec  7 2020 20:07:01 by "mach5one" with unknown MS VC++:1925

END.
