#
# There is insufficient memory for the Java Runtime Environment to continue.
# Native memory allocation (malloc) failed to allocate 1048576 bytes for AllocateHeap
# Possible reasons:
#   The system is out of physical RAM or swap space
#   The process is running with CompressedOops enabled, and the Java Heap may be blocking the growth of the native heap
# Possible solutions:
#   Reduce memory load on the system
#   Increase physical memory or swap space
#   Check if swap backing store is full
#   Decrease Java heap size (-Xmx/-Xms)
#   Decrease number of Java threads
#   Decrease Java thread stack sizes (-Xss)
#   Set larger code cache with -XX:ReservedCodeCacheSize=
#   JVM is running with Unscaled Compressed Oops mode in which the Java heap is
#     placed in the first 4GB address space. The Java Heap base address is the
#     maximum limit for the native heap growth. Please use -XX:HeapBaseMinAddress
#     to set the Java Heap base and to place the Java Heap above 4GB virtual address.
# This output file may be truncated or incomplete.
#
#  Out of Memory Error (./open/src/hotspot/share/memory/allocation.cpp:44), pid=12196, tid=13136
#
# JRE version: Java(TM) SE Runtime Environment (15.0.2+7) (build 15.0.2+7-27)
# Java VM: Java HotSpot(TM) 64-Bit Server VM (15.0.2+7-27, mixed mode, tiered, compressed oops, g1 gc, windows-amd64)
# No core dump will be written. Minidumps are not enabled by default on client versions of Windows
#

---------------  S U M M A R Y ------------

Command Line: com.example.demo.DemoApplication

Host: Intel(R) Core(TM) i5-7200U CPU @ 2.50GHz, 4 cores, 7G,  Windows 10 , 64 bit Build 19041 (10.0.19041.804)
Time: Fri Mar 19 20:12:00 2021 Hora estándar, América Central elapsed time: 0.462361 seconds (0d 0h 0m 0s)

---------------  T H R E A D  ---------------

Current thread (0x000001f437416e30):  VMThread "VM Thread" [stack: 0x000000bf22400000,0x000000bf22500000] [id=13136]

Stack: [0x000000bf22400000,0x000000bf22500000]
[error occurred during error reporting (printing stack bounds), id 0xc0000005, EXCEPTION_ACCESS_VIOLATION (0xc0000005) at pc=0x000001f4213d10ad]

Native frames: (J=compiled Java code, j=interpreted, Vv=VM code, C=native code)
V  [jvm.dll+0x62ae9a]
V  [jvm.dll+0x7817a9]
V  [jvm.dll+0x782f03]
V  [jvm.dll+0x7834c5]
V  [jvm.dll+0x78347b]
V  [jvm.dll+0x62a2b9]
V  [jvm.dll+0x62aa88]
C  [ntdll.dll+0xa197f]
C  [ntdll.dll+0x4b754]
C  [ntdll.dll+0xa04ae]
C  0x000001f4213d10ad

VM_Operation (0x000000bf22bfea00): CollectForMetadataAllocation, mode: safepoint, requested by thread 0x000001f4380872b0


---------------  P R O C E S S  ---------------

Threads class SMR info:
_java_thread_list=0x000001f438211b70, length=11, elements={
0x000001f41919ed50, 0x000001f437433660, 0x000001f437428920, 0x000001f43743d720,
0x000001f43743e1d0, 0x000001f4380817d0, 0x000001f438082b60, 0x000001f4380872b0,
0x000001f438096c30, 0x000001f43820b4a0, 0x000001f438212a80
}

Java Threads: ( => current thread )
  0x000001f41919ed50 JavaThread "main" [_thread_blocked, id=10764, stack(0x000000bf21e00000,0x000000bf21f00000)]
  0x000001f437433660 JavaThread "Reference Handler" daemon [_thread_blocked, id=6388, stack(0x000000bf22500000,0x000000bf22600000)]
  0x000001f437428920 JavaThread "Finalizer" daemon [_thread_blocked, id=15488, stack(0x000000bf22600000,0x000000bf22700000)]
  0x000001f43743d720 JavaThread "Signal Dispatcher" daemon [_thread_blocked, id=17324, stack(0x000000bf22700000,0x000000bf22800000)]
  0x000001f43743e1d0 JavaThread "Attach Listener" daemon [_thread_blocked, id=19076, stack(0x000000bf22800000,0x000000bf22900000)]
  0x000001f4380817d0 JavaThread "Service Thread" daemon [_thread_blocked, id=19292, stack(0x000000bf22900000,0x000000bf22a00000)]
  0x000001f438082b60 JavaThread "C2 CompilerThread0" daemon [_thread_blocked, id=776, stack(0x000000bf22a00000,0x000000bf22b00000)]
  0x000001f4380872b0 JavaThread "C1 CompilerThread0" daemon [_thread_blocked, id=17412, stack(0x000000bf22b00000,0x000000bf22c00000)]
  0x000001f438096c30 JavaThread "Sweeper thread" daemon [_thread_blocked, id=15236, stack(0x000000bf22c00000,0x000000bf22d00000)]
  0x000001f43820b4a0 JavaThread "Notification Thread" daemon [_thread_blocked, id=13544, stack(0x000000bf22d00000,0x000000bf22e00000)]
  0x000001f438212a80 JavaThread "Common-Cleaner" daemon [_thread_blocked, id=17636, stack(0x000000bf22f00000,0x000000bf23000000)]

Other Threads:
=>0x000001f437416e30 VMThread "VM Thread" [stack: 0x000000bf22400000,0x000000bf22500000] [id=13136]
  0x000001f43820f230 WatcherThread [stack: 0x000000bf22e00000,0x000000bf22f00000] [id=7872]
  0x000001f4191de250 GCTaskThread "GC Thread#0" [stack: 0x000000bf21f00000,0x000000bf22000000] [id=13744]
  0x000001f4381f0320 GCTaskThread "GC Thread#1" [stack: 0x000000bf23000000,0x000000bf23100000] [id=13324]
  0x000001f4381f0650 GCTaskThread "GC Thread#2" [stack: 0x000000bf23100000,0x000000bf23200000] [id=15980]
  0x000001f4191f00b0 ConcurrentGCThread "G1 Main Marker" [stack: 0x000000bf22000000,0x000000bf22100000] [id=10888]
  0x000001f4191f1440 ConcurrentGCThread "G1 Conc#0" [stack: 0x000000bf22100000,0x000000bf22200000] [id=18972]
  0x000001f419269f20 ConcurrentGCThread "G1 Refine#0" [stack: 0x000000bf22200000,0x000000bf22300000] [id=12520]
  0x000001f41926ab20 ConcurrentGCThread "G1 Young RemSet Sampling" [stack: 0x000000bf22300000,0x000000bf22400000] [id=16024]

Threads with active compile tasks:
C1 CompilerThread0      484  216   !   3       java.util.jar.JarFile::checkForSpecialAttributes (163 bytes)

VM state: at safepoint (normal execution)

VM Mutex/Monitor currently owned by a thread:  ([mutex/lock_event])
[0x000001f41919c490] Threads_lock - owner thread: 0x000001f437416e30
[0x000001f41919c520] Heap_lock - owner thread: 0x000001f4380872b0
[0x000001f41919b440] MethodData_lock - owner thread: 0x000001f4380872b0

Heap address: 0x0000000081800000, size: 2024 MB, Compressed Oops mode: 32-bit
CDS disabled.
Compressed class space mapped at: 0x0000000100000000-0x0000000140000000, size: 1073741824
Narrow klass base: 0x0000000000000000, Narrow klass shift: 3, Narrow klass range: 0x140000000

GC Precious Log:
 CPUs: 4 total, 4 available
 Memory: 8089M
 Large Page Support: Disabled
 NUMA Support: Disabled
 Compressed Oops: Enabled (32-bit)
 Heap Region Size: 1M
 Heap Min Capacity: 8M
 Heap Initial Capacity: 128M
 Heap Max Capacity: 2024M
 Pre-touch: Disabled
 Parallel Workers: 4
 Concurrent Workers: 1
 Concurrent Refinement Workers: 4
 Periodic GC: Disabled

Heap:
 garbage-first heap   total 131072K, used 4012K [0x0000000081800000, 0x0000000100000000)
  region size 1024K, 2 young (2048K), 2 survivors (2048K)
 Metaspace       used 4933K, capacity 4982K, committed 5120K, reserved 1071104K
  class space    used 412K, capacity 426K, committed 512K, reserved 1048576K

Heap Regions: E=young(eden), S=young(survivor), O=old, HS=humongous(starts), HC=humongous(continues), CS=collection set, F=free, OA=open archive, CA=closed archive, TAMS=top-at-mark-start (previous, next)
|   0|0x0000000081800000, 0x0000000081900000, 0x0000000081900000|100%|HS|  |TAMS 0x0000000081800000, 0x0000000081900000| Complete 
|   1|0x0000000081900000, 0x00000000819eb200, 0x0000000081a00000| 91%| O|  |TAMS 0x0000000081900000, 0x0000000081900000| Untracked 
|   2|0x0000000081a00000, 0x0000000081a00000, 0x0000000081b00000|  0%| F|  |TAMS 0x0000000081a00000, 0x0000000081a00000| Untracked 
|   3|0x0000000081b00000, 0x0000000081b00000, 0x0000000081c00000|  0%| F|  |TAMS 0x0000000081b00000, 0x0000000081b00000| Untracked 
|   4|0x0000000081c00000, 0x0000000081c00000, 0x0000000081d00000|  0%| F|  |TAMS 0x0000000081c00000, 0x0000000081c00000| Untracked 
|   5|0x0000000081d00000, 0x0000000081d00000, 0x0000000081e00000|  0%| F|  |TAMS 0x0000000081d00000, 0x0000000081d00000| Untracked 
|   6|0x0000000081e00000, 0x0000000081e00000, 0x0000000081f00000|  0%| F|  |TAMS 0x0000000081e00000, 0x0000000081e00000| Untracked 
|   7|0x0000000081f00000, 0x0000000081f00000, 0x0000000082000000|  0%| F|  |TAMS 0x0000000081f00000, 0x0000000081f00000| Untracked 
|   8|0x0000000082000000, 0x0000000082000000, 0x0000000082100000|  0%| F|  |TAMS 0x0000000082000000, 0x0000000082000000| Untracked 
|   9|0x0000000082100000, 0x0000000082100000, 0x0000000082200000|  0%| F|  |TAMS 0x0000000082100000, 0x0000000082100000| Untracked 
|  10|0x0000000082200000, 0x0000000082200000, 0x0000000082300000|  0%| F|  |TAMS 0x0000000082200000, 0x0000000082200000| Untracked 
|  11|0x0000000082300000, 0x0000000082300000, 0x0000000082400000|  0%| F|  |TAMS 0x0000000082300000, 0x0000000082300000| Untracked 
|  12|0x0000000082400000, 0x0000000082400000, 0x0000000082500000|  0%| F|  |TAMS 0x0000000082400000, 0x0000000082400000| Untracked 
|  13|0x0000000082500000, 0x0000000082500000, 0x0000000082600000|  0%| F|  |TAMS 0x0000000082500000, 0x0000000082500000| Untracked 
|  14|0x0000000082600000, 0x0000000082600000, 0x0000000082700000|  0%| F|  |TAMS 0x0000000082600000, 0x0000000082600000| Untracked 
|  15|0x0000000082700000, 0x0000000082700000, 0x0000000082800000|  0%| F|  |TAMS 0x0000000082700000, 0x0000000082700000| Untracked 
|  16|0x0000000082800000, 0x0000000082800000, 0x0000000082900000|  0%| F|  |TAMS 0x0000000082800000, 0x0000000082800000| Untracked 
|  17|0x0000000082900000, 0x0000000082900000, 0x0000000082a00000|  0%| F|  |TAMS 0x0000000082900000, 0x0000000082900000| Untracked 
|  18|0x0000000082a00000, 0x0000000082a00000, 0x0000000082b00000|  0%| F|  |TAMS 0x0000000082a00000, 0x0000000082a00000| Untracked 
|  19|0x0000000082b00000, 0x0000000082b00000, 0x0000000082c00000|  0%| F|  |TAMS 0x0000000082b00000, 0x0000000082b00000| Untracked 
|  20|0x0000000082c00000, 0x0000000082c00000, 0x0000000082d00000|  0%| F|  |TAMS 0x0000000082c00000, 0x0000000082c00000| Untracked 
|  21|0x0000000082d00000, 0x0000000082d00000, 0x0000000082e00000|  0%| F|  |TAMS 0x0000000082d00000, 0x0000000082d00000| Untracked 
|  22|0x0000000082e00000, 0x0000000082e00000, 0x0000000082f00000|  0%| F|  |TAMS 0x0000000082e00000, 0x0000000082e00000| Untracked 
|  23|0x0000000082f00000, 0x0000000082f00000, 0x0000000083000000|  0%| F|  |TAMS 0x0000000082f00000, 0x0000000082f00000| Untracked 
|  24|0x0000000083000000, 0x0000000083000000, 0x0000000083100000|  0%| F|  |TAMS 0x0000000083000000, 0x0000000083000000| Untracked 
|  25|0x0000000083100000, 0x0000000083100000, 0x0000000083200000|  0%| F|  |TAMS 0x0000000083100000, 0x0000000083100000| Untracked 
|  26|0x0000000083200000, 0x0000000083200000, 0x0000000083300000|  0%| F|  |TAMS 0x0000000083200000, 0x0000000083200000| Untracked 
|  27|0x0000000083300000, 0x0000000083300000, 0x0000000083400000|  0%| F|  |TAMS 0x0000000083300000, 0x0000000083300000| Untracked 
|  28|0x0000000083400000, 0x0000000083400000, 0x0000000083500000|  0%| F|  |TAMS 0x0000000083400000, 0x0000000083400000| Untracked 
|  29|0x0000000083500000, 0x0000000083500000, 0x0000000083600000|  0%| F|  |TAMS 0x0000000083500000, 0x0000000083500000| Untracked 
|  30|0x0000000083600000, 0x0000000083600000, 0x0000000083700000|  0%| F|  |TAMS 0x0000000083600000, 0x0000000083600000| Untracked 
|  31|0x0000000083700000, 0x0000000083700000, 0x0000000083800000|  0%| F|  |TAMS 0x0000000083700000, 0x0000000083700000| Untracked 
|  32|0x0000000083800000, 0x0000000083800000, 0x0000000083900000|  0%| F|  |TAMS 0x0000000083800000, 0x0000000083800000| Untracked 
|  33|0x0000000083900000, 0x0000000083900000, 0x0000000083a00000|  0%| F|  |TAMS 0x0000000083900000, 0x0000000083900000| Untracked 
|  34|0x0000000083a00000, 0x0000000083a00000, 0x0000000083b00000|  0%| F|  |TAMS 0x0000000083a00000, 0x0000000083a00000| Untracked 
|  35|0x0000000083b00000, 0x0000000083b00000, 0x0000000083c00000|  0%| F|  |TAMS 0x0000000083b00000, 0x0000000083b00000| Untracked 
|  36|0x0000000083c00000, 0x0000000083c00000, 0x0000000083d00000|  0%| F|  |TAMS 0x0000000083c00000, 0x0000000083c00000| Untracked 
|  37|0x0000000083d00000, 0x0000000083d00000, 0x0000000083e00000|  0%| F|  |TAMS 0x0000000083d00000, 0x0000000083d00000| Untracked 
|  38|0x0000000083e00000, 0x0000000083e00000, 0x0000000083f00000|  0%| F|  |TAMS 0x0000000083e00000, 0x0000000083e00000| Untracked 
|  39|0x0000000083f00000, 0x0000000083f00000, 0x0000000084000000|  0%| F|  |TAMS 0x0000000083f00000, 0x0000000083f00000| Untracked 
|  40|0x0000000084000000, 0x0000000084000000, 0x0000000084100000|  0%| F|  |TAMS 0x0000000084000000, 0x0000000084000000| Untracked 
|  41|0x0000000084100000, 0x0000000084100000, 0x0000000084200000|  0%| F|  |TAMS 0x0000000084100000, 0x0000000084100000| Untracked 
|  42|0x0000000084200000, 0x0000000084200000, 0x0000000084300000|  0%| F|  |TAMS 0x0000000084200000, 0x0000000084200000| Untracked 
|  43|0x0000000084300000, 0x0000000084300000, 0x0000000084400000|  0%| F|  |TAMS 0x0000000084300000, 0x0000000084300000| Untracked 
|  44|0x0000000084400000, 0x0000000084400000, 0x0000000084500000|  0%| F|  |TAMS 0x0000000084400000, 0x0000000084400000| Untracked 
|  45|0x0000000084500000, 0x0000000084500000, 0x0000000084600000|  0%| F|  |TAMS 0x0000000084500000, 0x0000000084500000| Untracked 
|  46|0x0000000084600000, 0x0000000084600000, 0x0000000084700000|  0%| F|  |TAMS 0x0000000084600000, 0x0000000084600000| Untracked 
|  47|0x0000000084700000, 0x0000000084700000, 0x0000000084800000|  0%| F|  |TAMS 0x0000000084700000, 0x0000000084700000| Untracked 
|  48|0x0000000084800000, 0x0000000084800000, 0x0000000084900000|  0%| F|  |TAMS 0x0000000084800000, 0x0000000084800000| Untracked 
|  49|0x0000000084900000, 0x0000000084900000, 0x0000000084a00000|  0%| F|  |TAMS 0x0000000084900000, 0x0000000084900000| Untracked 
|  50|0x0000000084a00000, 0x0000000084a00000, 0x0000000084b00000|  0%| F|  |TAMS 0x0000000084a00000, 0x0000000084a00000| Untracked 
|  51|0x0000000084b00000, 0x0000000084b00000, 0x0000000084c00000|  0%| F|  |TAMS 0x0000000084b00000, 0x0000000084b00000| Untracked 
|  52|0x0000000084c00000, 0x0000000084c00000, 0x0000000084d00000|  0%| F|  |TAMS 0x0000000084c00000, 0x0000000084c00000| Untracked 
|  53|0x0000000084d00000, 0x0000000084d00000, 0x0000000084e00000|  0%| F|  |TAMS 0x0000000084d00000, 0x0000000084d00000| Untracked 
|  54|0x0000000084e00000, 0x0000000084e00000, 0x0000000084f00000|  0%| F|  |TAMS 0x0000000084e00000, 0x0000000084e00000| Untracked 
|  55|0x0000000084f00000, 0x0000000084f00000, 0x0000000085000000|  0%| F|  |TAMS 0x0000000084f00000, 0x0000000084f00000| Untracked 
|  56|0x0000000085000000, 0x0000000085000000, 0x0000000085100000|  0%| F|  |TAMS 0x0000000085000000, 0x0000000085000000| Untracked 
|  57|0x0000000085100000, 0x0000000085100000, 0x0000000085200000|  0%| F|  |TAMS 0x0000000085100000, 0x0000000085100000| Untracked 
|  58|0x0000000085200000, 0x0000000085200000, 0x0000000085300000|  0%| F|  |TAMS 0x0000000085200000, 0x0000000085200000| Untracked 
|  59|0x0000000085300000, 0x0000000085300000, 0x0000000085400000|  0%| F|  |TAMS 0x0000000085300000, 0x0000000085300000| Untracked 
|  60|0x0000000085400000, 0x0000000085400000, 0x0000000085500000|  0%| F|  |TAMS 0x0000000085400000, 0x0000000085400000| Untracked 
|  61|0x0000000085500000, 0x0000000085500000, 0x0000000085600000|  0%| F|  |TAMS 0x0000000085500000, 0x0000000085500000| Untracked 
|  62|0x0000000085600000, 0x0000000085600000, 0x0000000085700000|  0%| F|  |TAMS 0x0000000085600000, 0x0000000085600000| Untracked 
|  63|0x0000000085700000, 0x0000000085700000, 0x0000000085800000|  0%| F|  |TAMS 0x0000000085700000, 0x0000000085700000| Untracked 
|  64|0x0000000085800000, 0x0000000085800000, 0x0000000085900000|  0%| F|  |TAMS 0x0000000085800000, 0x0000000085800000| Untracked 
|  65|0x0000000085900000, 0x0000000085900000, 0x0000000085a00000|  0%| F|  |TAMS 0x0000000085900000, 0x0000000085900000| Untracked 
|  66|0x0000000085a00000, 0x0000000085a00000, 0x0000000085b00000|  0%| F|  |TAMS 0x0000000085a00000, 0x0000000085a00000| Untracked 
|  67|0x0000000085b00000, 0x0000000085b00000, 0x0000000085c00000|  0%| F|  |TAMS 0x0000000085b00000, 0x0000000085b00000| Untracked 
|  68|0x0000000085c00000, 0x0000000085c00000, 0x0000000085d00000|  0%| F|  |TAMS 0x0000000085c00000, 0x0000000085c00000| Untracked 
|  69|0x0000000085d00000, 0x0000000085d00000, 0x0000000085e00000|  0%| F|  |TAMS 0x0000000085d00000, 0x0000000085d00000| Untracked 
|  70|0x0000000085e00000, 0x0000000085e00000, 0x0000000085f00000|  0%| F|  |TAMS 0x0000000085e00000, 0x0000000085e00000| Untracked 
|  71|0x0000000085f00000, 0x0000000085f00000, 0x0000000086000000|  0%| F|  |TAMS 0x0000000085f00000, 0x0000000085f00000| Untracked 
|  72|0x0000000086000000, 0x0000000086000000, 0x0000000086100000|  0%| F|  |TAMS 0x0000000086000000, 0x0000000086000000| Untracked 
|  73|0x0000000086100000, 0x0000000086100000, 0x0000000086200000|  0%| F|  |TAMS 0x0000000086100000, 0x0000000086100000| Untracked 
|  74|0x0000000086200000, 0x0000000086200000, 0x0000000086300000|  0%| F|  |TAMS 0x0000000086200000, 0x0000000086200000| Untracked 
|  75|0x0000000086300000, 0x0000000086300000, 0x0000000086400000|  0%| F|  |TAMS 0x0000000086300000, 0x0000000086300000| Untracked 
|  76|0x0000000086400000, 0x0000000086400000, 0x0000000086500000|  0%| F|  |TAMS 0x0000000086400000, 0x0000000086400000| Untracked 
|  77|0x0000000086500000, 0x0000000086500000, 0x0000000086600000|  0%| F|  |TAMS 0x0000000086500000, 0x0000000086500000| Untracked 
|  78|0x0000000086600000, 0x0000000086600000, 0x0000000086700000|  0%| F|  |TAMS 0x0000000086600000, 0x0000000086600000| Untracked 
|  79|0x0000000086700000, 0x0000000086700000, 0x0000000086800000|  0%| F|  |TAMS 0x0000000086700000, 0x0000000086700000| Untracked 
|  80|0x0000000086800000, 0x0000000086800000, 0x0000000086900000|  0%| F|  |TAMS 0x0000000086800000, 0x0000000086800000| Untracked 
|  81|0x0000000086900000, 0x0000000086900000, 0x0000000086a00000|  0%| F|  |TAMS 0x0000000086900000, 0x0000000086900000| Untracked 
|  82|0x0000000086a00000, 0x0000000086a00000, 0x0000000086b00000|  0%| F|  |TAMS 0x0000000086a00000, 0x0000000086a00000| Untracked 
|  83|0x0000000086b00000, 0x0000000086b00000, 0x0000000086c00000|  0%| F|  |TAMS 0x0000000086b00000, 0x0000000086b00000| Untracked 
|  84|0x0000000086c00000, 0x0000000086c00000, 0x0000000086d00000|  0%| F|  |TAMS 0x0000000086c00000, 0x0000000086c00000| Untracked 
|  85|0x0000000086d00000, 0x0000000086d00000, 0x0000000086e00000|  0%| F|  |TAMS 0x0000000086d00000, 0x0000000086d00000| Untracked 
|  86|0x0000000086e00000, 0x0000000086e00000, 0x0000000086f00000|  0%| F|  |TAMS 0x0000000086e00000, 0x0000000086e00000| Untracked 
|  87|0x0000000086f00000, 0x0000000086f00000, 0x0000000087000000|  0%| F|  |TAMS 0x0000000086f00000, 0x0000000086f00000| Untracked 
|  88|0x0000000087000000, 0x0000000087000000, 0x0000000087100000|  0%| F|  |TAMS 0x0000000087000000, 0x0000000087000000| Untracked 
|  89|0x0000000087100000, 0x0000000087100000, 0x0000000087200000|  0%| F|  |TAMS 0x0000000087100000, 0x0000000087100000| Untracked 
|  90|0x0000000087200000, 0x0000000087200000, 0x0000000087300000|  0%| F|  |TAMS 0x0000000087200000, 0x0000000087200000| Untracked 
|  91|0x0000000087300000, 0x0000000087300000, 0x0000000087400000|  0%| F|  |TAMS 0x0000000087300000, 0x0000000087300000| Untracked 
|  92|0x0000000087400000, 0x0000000087400000, 0x0000000087500000|  0%| F|  |TAMS 0x0000000087400000, 0x0000000087400000| Untracked 
|  93|0x0000000087500000, 0x0000000087500000, 0x0000000087600000|  0%| F|  |TAMS 0x0000000087500000, 0x0000000087500000| Untracked 
|  94|0x0000000087600000, 0x0000000087600000, 0x0000000087700000|  0%| F|  |TAMS 0x0000000087600000, 0x0000000087600000| Untracked 
|  95|0x0000000087700000, 0x0000000087700000, 0x0000000087800000|  0%| F|  |TAMS 0x0000000087700000, 0x0000000087700000| Untracked 
|  96|0x0000000087800000, 0x0000000087800000, 0x0000000087900000|  0%| F|  |TAMS 0x0000000087800000, 0x0000000087800000| Untracked 
|  97|0x0000000087900000, 0x0000000087900000, 0x0000000087a00000|  0%| F|  |TAMS 0x0000000087900000, 0x0000000087900000| Untracked 
|  98|0x0000000087a00000, 0x0000000087a00000, 0x0000000087b00000|  0%| F|  |TAMS 0x0000000087a00000, 0x0000000087a00000| Untracked 
|  99|0x0000000087b00000, 0x0000000087b00000, 0x0000000087c00000|  0%| F|  |TAMS 0x0000000087b00000, 0x0000000087b00000| Untracked 
| 100|0x0000000087c00000, 0x0000000087c00000, 0x0000000087d00000|  0%| F|  |TAMS 0x0000000087c00000, 0x0000000087c00000| Untracked 
| 101|0x0000000087d00000, 0x0000000087d00000, 0x0000000087e00000|  0%| F|  |TAMS 0x0000000087d00000, 0x0000000087d00000| Untracked 
| 102|0x0000000087e00000, 0x0000000087e00000, 0x0000000087f00000|  0%| F|  |TAMS 0x0000000087e00000, 0x0000000087e00000| Untracked 
| 103|0x0000000087f00000, 0x0000000087f00000, 0x0000000088000000|  0%| F|  |TAMS 0x0000000087f00000, 0x0000000087f00000| Untracked 
| 104|0x0000000088000000, 0x0000000088000000, 0x0000000088100000|  0%| F|  |TAMS 0x0000000088000000, 0x0000000088000000| Untracked 
| 105|0x0000000088100000, 0x0000000088100000, 0x0000000088200000|  0%| F|  |TAMS 0x0000000088100000, 0x0000000088100000| Untracked 
| 106|0x0000000088200000, 0x0000000088200000, 0x0000000088300000|  0%| F|  |TAMS 0x0000000088200000, 0x0000000088200000| Untracked 
| 107|0x0000000088300000, 0x0000000088300000, 0x0000000088400000|  0%| F|  |TAMS 0x0000000088300000, 0x0000000088300000| Untracked 
| 108|0x0000000088400000, 0x0000000088400000, 0x0000000088500000|  0%| F|  |TAMS 0x0000000088400000, 0x0000000088400000| Untracked 
| 109|0x0000000088500000, 0x0000000088500000, 0x0000000088600000|  0%| F|  |TAMS 0x0000000088500000, 0x0000000088500000| Untracked 
| 110|0x0000000088600000, 0x0000000088600000, 0x0000000088700000|  0%| F|  |TAMS 0x0000000088600000, 0x0000000088600000| Untracked 
| 111|0x0000000088700000, 0x0000000088700000, 0x0000000088800000|  0%| F|  |TAMS 0x0000000088700000, 0x0000000088700000| Untracked 
| 112|0x0000000088800000, 0x0000000088800000, 0x0000000088900000|  0%| F|  |TAMS 0x0000000088800000, 0x0000000088800000| Untracked 
| 113|0x0000000088900000, 0x0000000088900000, 0x0000000088a00000|  0%| F|  |TAMS 0x0000000088900000, 0x0000000088900000| Untracked 
| 114|0x0000000088a00000, 0x0000000088a00000, 0x0000000088b00000|  0%| F|  |TAMS 0x0000000088a00000, 0x0000000088a00000| Untracked 
| 115|0x0000000088b00000, 0x0000000088b00000, 0x0000000088c00000|  0%| F|  |TAMS 0x0000000088b00000, 0x0000000088b00000| Untracked 
| 116|0x0000000088c00000, 0x0000000088c00000, 0x0000000088d00000|  0%| F|  |TAMS 0x0000000088c00000, 0x0000000088c00000| Untracked 
| 117|0x0000000088d00000, 0x0000000088d00000, 0x0000000088e00000|  0%| F|  |TAMS 0x0000000088d00000, 0x0000000088d00000| Untracked 
| 118|0x0000000088e00000, 0x0000000088e00000, 0x0000000088f00000|  0%| F|  |TAMS 0x0000000088e00000, 0x0000000088e00000| Untracked 
| 119|0x0000000088f00000, 0x0000000088f00000, 0x0000000089000000|  0%| F|  |TAMS 0x0000000088f00000, 0x0000000088f00000| Untracked 
| 120|0x0000000089000000, 0x0000000089000000, 0x0000000089100000|  0%| F|  |TAMS 0x0000000089000000, 0x0000000089000000| Untracked 
| 121|0x0000000089100000, 0x0000000089200000, 0x0000000089200000|100%| S|CS|TAMS 0x0000000089100000, 0x0000000089100000| Complete 
| 122|0x0000000089200000, 0x0000000089300000, 0x0000000089300000|100%| S|CS|TAMS 0x0000000089200000, 0x0000000089200000| Complete 
| 123|0x0000000089300000, 0x0000000089300000, 0x0000000089400000|  0%| F|  |TAMS 0x0000000089300000, 0x0000000089300000| Untracked 
| 124|0x0000000089400000, 0x0000000089400000, 0x0000000089500000|  0%| F|  |TAMS 0x0000000089400000, 0x0000000089400000| Untracked 
| 125|0x0000000089500000, 0x0000000089500000, 0x0000000089600000|  0%| F|  |TAMS 0x0000000089500000, 0x0000000089500000| Untracked 
| 126|0x0000000089600000, 0x0000000089600000, 0x0000000089700000|  0%| F|  |TAMS 0x0000000089600000, 0x0000000089600000| Untracked 
| 127|0x0000000089700000, 0x0000000089700000, 0x0000000089800000|  0%| F|  |TAMS 0x0000000089700000, 0x0000000089700000| Untracked 

Card table byte_map: [0x000001f4307d0000,0x000001f430bd0000] _byte_map_base: 0x000001f4303c4000

Marking Bits (Prev, Next): (CMBitMap*) 0x000001f4191dea40, (CMBitMap*) 0x000001f4191dea80
 Prev Bits: [0x000001f430fd0000, 0x000001f432f70000)
 Next Bits: [0x000001f432f70000, 0x000001f434f10000)

Polling page: 0x000001f416f50000

Metaspace:

Usage:
  Non-class:      4.45 MB capacity,     4.42 MB (>99%) used,    30.39 KB ( <1%) free+waste,     4.62 KB ( <1%) overhead. 
      Class:    426.00 KB capacity,   412.91 KB ( 97%) used,    12.66 KB (  3%) free+waste,   448 bytes ( <1%) overhead. 
       Both:      4.87 MB capacity,     4.82 MB (>99%) used,    43.05 KB ( <1%) free+waste,     5.06 KB ( <1%) overhead. 

Virtual space:
  Non-class space:       22.00 MB reserved,       4.50 MB ( 20%) committed 
      Class space:        1.00 GB reserved,     512.00 KB ( <1%) committed 
             Both:        1.02 GB reserved,       5.00 MB ( <1%) committed 

Chunk freelists:
   Non-Class:  52.00 KB
       Class:  22.00 KB
        Both:  74.00 KB

MaxMetaspaceSize: 17179869184.00 GB
CompressedClassSpaceSize: 1.00 GB

CodeHeap 'non-profiled nmethods': size=120000Kb used=62Kb max_used=62Kb free=119937Kb
 bounds [0x000001f428ea0000, 0x000001f429110000, 0x000001f4303d0000]
CodeHeap 'profiled nmethods': size=120000Kb used=277Kb max_used=277Kb free=119722Kb
 bounds [0x000001f421970000, 0x000001f421be0000, 0x000001f428ea0000]
CodeHeap 'non-nmethods': size=5760Kb used=1066Kb max_used=1082Kb free=4693Kb
 bounds [0x000001f4213d0000, 0x000001f421640000, 0x000001f421970000]
 total_blobs=508 nmethods=215 adapters=206
 compilation: enabled
              stopped_count=0, restarted_count=0
 full_count=0

Compilation events (20 events):
Event: 0.437 Thread 0x000001f4380872b0 nmethod 205 0x000001f4219ada10 code [0x000001f4219adc00, 0x000001f4219ae0f8]
Event: 0.438 Thread 0x000001f4380872b0  206       3       jdk.internal.misc.Unsafe::getLong (7 bytes)
Event: 0.438 Thread 0x000001f4380872b0 nmethod 206 0x000001f4219ae290 code [0x000001f4219ae420, 0x000001f4219ae538]
Event: 0.438 Thread 0x000001f4380872b0  208       3       java.util.jar.JarFile::match (132 bytes)
Event: 0.439 Thread 0x000001f438082b60  211       4       sun.nio.fs.WindowsPathParser::isSlash (18 bytes)
Event: 0.439 Thread 0x000001f4380872b0 nmethod 208 0x000001f4219ae610 code [0x000001f4219ae7e0, 0x000001f4219aed38]
Event: 0.439 Thread 0x000001f4380872b0  209       3       java.io.WinNTFileSystem::normalize (224 bytes)
Event: 0.439 Thread 0x000001f438082b60 nmethod 211 0x000001f428eaf290 code [0x000001f428eaf400, 0x000001f428eaf458]
Event: 0.442 Thread 0x000001f4380872b0 nmethod 209 0x000001f4219af010 code [0x000001f4219af3e0, 0x000001f4219b0f18]
Event: 0.442 Thread 0x000001f4380872b0  210       3       java.io.WinNTFileSystem::prefixLength (91 bytes)
Event: 0.443 Thread 0x000001f438082b60  213       4       sun.nio.fs.WindowsPathParser::isInvalidPathChar (22 bytes)
Event: 0.443 Thread 0x000001f4380872b0 nmethod 210 0x000001f4219b1990 code [0x000001f4219b1ca0, 0x000001f4219b2f98]
Event: 0.443 Thread 0x000001f4380872b0  212   !   3       jdk.internal.loader.URLClassPath$JarLoader::ensureOpen (36 bytes)
Event: 0.444 Thread 0x000001f4380872b0 nmethod 212 0x000001f4219b3610 code [0x000001f4219b37e0, 0x000001f4219b3c38]
Event: 0.444 Thread 0x000001f4380872b0  214       3       java.util.zip.ZipFile$Source::isManifestName (160 bytes)
Event: 0.444 Thread 0x000001f4380872b0 nmethod 214 0x000001f4219b3e10 code [0x000001f4219b3fe0, 0x000001f4219b4538]
Event: 0.445 Thread 0x000001f438082b60 nmethod 213 0x000001f428eaf590 code [0x000001f428eaf700, 0x000001f428eaf818]
Event: 0.449 Thread 0x000001f4380872b0  215       3       java.lang.String::checkBoundsBeginEnd (63 bytes)
Event: 0.450 Thread 0x000001f4380872b0 nmethod 215 0x000001f4219b4710 code [0x000001f4219b49a0, 0x000001f4219b5278]
Event: 0.452 Thread 0x000001f4380872b0  216   !   3       java.util.jar.JarFile::checkForSpecialAttributes (163 bytes)

GC Heap History (2 events):
Event: 0.452 GC heap before
{Heap before GC invocations=0 (full 0):
 garbage-first heap   total 131072K, used 5120K [0x0000000081800000, 0x0000000100000000)
  region size 1024K, 5 young (5120K), 0 survivors (0K)
 Metaspace       used 4933K, capacity 4982K, committed 5120K, reserved 1069056K
  class space    used 412K, capacity 426K, committed 512K, reserved 1048576K
}
Event: 0.455 GC heap after
{Heap after GC invocations=1 (full 0):
 garbage-first heap   total 131072K, used 4012K [0x0000000081800000, 0x0000000100000000)
  region size 1024K, 2 young (2048K), 2 survivors (2048K)
 Metaspace       used 4933K, capacity 4982K, committed 5120K, reserved 1069056K
  class space    used 412K, capacity 426K, committed 512K, reserved 1048576K
}

Deoptimization events (20 events):
Event: 0.254 Thread 0x000001f41919ed50 Uncommon trap: trap_request=0xffffff45 fr.pc=0x000001f428ea4d3c relative=0x000000000000021c
Event: 0.254 Thread 0x000001f41919ed50 Uncommon trap: reason=unstable_if action=reinterpret pc=0x000001f428ea4d3c method=java.lang.String.hashCode()I @ 13 c2
Event: 0.254 Thread 0x000001f41919ed50 DEOPT PACKING pc=0x000001f428ea4d3c sp=0x000000bf21efe0c0
Event: 0.254 Thread 0x000001f41919ed50 DEOPT UNPACKING pc=0x000001f42141e42f sp=0x000000bf21efe058 mode 2
Event: 0.256 Thread 0x000001f41919ed50 Uncommon trap: trap_request=0xffffff45 fr.pc=0x000001f428ea1098 relative=0x0000000000000078
Event: 0.256 Thread 0x000001f41919ed50 Uncommon trap: reason=unstable_if action=reinterpret pc=0x000001f428ea1098 method=java.lang.String.isLatin1()Z @ 10 c2
Event: 0.256 Thread 0x000001f41919ed50 DEOPT PACKING pc=0x000001f428ea1098 sp=0x000000bf21efedd0
Event: 0.256 Thread 0x000001f41919ed50 DEOPT UNPACKING pc=0x000001f42141e42f sp=0x000000bf21efed10 mode 2
Event: 0.326 Thread 0x000001f41919ed50 DEOPT PACKING pc=0x000001f421990cc6 sp=0x000000bf21efd840
Event: 0.326 Thread 0x000001f41919ed50 DEOPT UNPACKING pc=0x000001f42141e23f sp=0x000000bf21efcd60 mode 0
Event: 0.327 Thread 0x000001f41919ed50 DEOPT PACKING pc=0x000001f421990cc6 sp=0x000000bf21efd840
Event: 0.327 Thread 0x000001f41919ed50 DEOPT UNPACKING pc=0x000001f42141e23f sp=0x000000bf21efcd60 mode 0
Event: 0.328 Thread 0x000001f41919ed50 DEOPT PACKING pc=0x000001f421990cc6 sp=0x000000bf21efd840
Event: 0.328 Thread 0x000001f41919ed50 DEOPT UNPACKING pc=0x000001f42141e23f sp=0x000000bf21efcd60 mode 0
Event: 0.330 Thread 0x000001f41919ed50 DEOPT PACKING pc=0x000001f421990cc6 sp=0x000000bf21efd840
Event: 0.331 Thread 0x000001f41919ed50 DEOPT UNPACKING pc=0x000001f42141e23f sp=0x000000bf21efcd60 mode 0
Event: 0.362 Thread 0x000001f41919ed50 Uncommon trap: trap_request=0xffffff45 fr.pc=0x000001f428ea8c24 relative=0x0000000000000184
Event: 0.362 Thread 0x000001f41919ed50 Uncommon trap: reason=unstable_if action=reinterpret pc=0x000001f428ea8c24 method=java.util.zip.ZipFile$Source.isMetaName([BII)Z @ 43 c2
Event: 0.362 Thread 0x000001f41919ed50 DEOPT PACKING pc=0x000001f428ea8c24 sp=0x000000bf21efd8c0
Event: 0.362 Thread 0x000001f41919ed50 DEOPT UNPACKING pc=0x000001f42141e42f sp=0x000000bf21efd868 mode 2

Classes unloaded (0 events):
No events

Classes redefined (0 events):
No events

Internal exceptions (0 events):
No events

Events (20 events):
Event: 0.341 loading class java/util/ArrayList$Itr done
Event: 0.348 loading class java/io/BufferedReader
Event: 0.349 loading class java/io/Reader
Event: 0.349 loading class java/io/Reader done
Event: 0.349 loading class java/io/BufferedReader done
Event: 0.349 loading class java/io/InputStreamReader
Event: 0.349 loading class java/io/InputStreamReader done
Event: 0.349 loading class sun/nio/cs/StreamDecoder
Event: 0.349 loading class sun/nio/cs/StreamDecoder done
Event: 0.349 loading class java/util/Vector
Event: 0.350 loading class java/util/Vector done
Event: 0.350 loading class java/util/LinkedList
Event: 0.350 loading class java/util/AbstractSequentialList
Event: 0.351 loading class java/util/AbstractSequentialList done
Event: 0.351 loading class java/util/LinkedList done
Event: 0.351 loading class java/util/LinkedList$Node
Event: 0.351 loading class java/util/LinkedList$Node done
Event: 0.404 loading class jdk/internal/loader/URLClassPath$JarLoader$2
Event: 0.404 loading class jdk/internal/loader/URLClassPath$JarLoader$2 done
Event: 0.452 Executing VM operation: CollectForMetadataAllocation


Dynamic libraries:
0x00007ff649e10000 - 0x00007ff649e1f000 	C:\Program Files\Java\jdk-15.0.2\bin\java.exe
0x00007ffb40a90000 - 0x00007ffb40c86000 	C:\WINDOWS\SYSTEM32\ntdll.dll
0x00007ffb40560000 - 0x00007ffb4061d000 	C:\WINDOWS\System32\KERNEL32.DLL
0x00007ffb3e610000 - 0x00007ffb3e8d9000 	C:\WINDOWS\System32\KERNELBASE.dll
0x00007ffb3e1d0000 - 0x00007ffb3e2d0000 	C:\WINDOWS\System32\ucrtbase.dll
0x00007ffb29ab0000 - 0x00007ffb29ac9000 	C:\Program Files\Java\jdk-15.0.2\bin\VCRUNTIME140.dll
0x00007ffb28f30000 - 0x00007ffb28f48000 	C:\Program Files\Java\jdk-15.0.2\bin\jli.dll
0x00007ffb40260000 - 0x00007ffb4030c000 	C:\WINDOWS\System32\ADVAPI32.dll
0x00007ffb3f790000 - 0x00007ffb3f82e000 	C:\WINDOWS\System32\msvcrt.dll
0x00007ffb40000000 - 0x00007ffb4009c000 	C:\WINDOWS\System32\sechost.dll
0x00007ffb3eb20000 - 0x00007ffb3ec4b000 	C:\WINDOWS\System32\RPCRT4.dll
0x00007ffb406e0000 - 0x00007ffb40880000 	C:\WINDOWS\System32\USER32.dll
0x00007ffb3e500000 - 0x00007ffb3e522000 	C:\WINDOWS\System32\win32u.dll
0x00007ffb40a20000 - 0x00007ffb40a4a000 	C:\WINDOWS\System32\GDI32.dll
0x00007ffb3e3f0000 - 0x00007ffb3e4fb000 	C:\WINDOWS\System32\gdi32full.dll
0x00007ffb25b10000 - 0x00007ffb25dab000 	C:\WINDOWS\WinSxS\amd64_microsoft.windows.common-controls_6595b64144ccf1df_6.0.19041.746_none_ca02b4b61b8320a4\COMCTL32.dll
0x00007ffb3e350000 - 0x00007ffb3e3ed000 	C:\WINDOWS\System32\msvcp_win.dll
0x00007ffb3cff0000 - 0x00007ffb3cffa000 	C:\WINDOWS\SYSTEM32\VERSION.dll
0x00007ffb3eaf0000 - 0x00007ffb3eb20000 	C:\WINDOWS\System32\IMM32.DLL
0x00007ffb32f50000 - 0x00007ffb32f5c000 	C:\Program Files\Java\jdk-15.0.2\bin\vcruntime140_1.dll
0x00007ffb0a180000 - 0x00007ffb0a211000 	C:\Program Files\Java\jdk-15.0.2\bin\msvcp140.dll
0x00007ffaf4730000 - 0x00007ffaf528e000 	C:\Program Files\Java\jdk-15.0.2\bin\server\jvm.dll
0x00007ffb3f780000 - 0x00007ffb3f788000 	C:\WINDOWS\System32\PSAPI.DLL
0x00007ffb1f9c0000 - 0x00007ffb1f9c9000 	C:\WINDOWS\SYSTEM32\WSOCK32.dll
0x00007ffb26900000 - 0x00007ffb26927000 	C:\WINDOWS\SYSTEM32\WINMM.dll
0x00007ffb3f710000 - 0x00007ffb3f77b000 	C:\WINDOWS\System32\WS2_32.dll
0x00007ffb3c290000 - 0x00007ffb3c2a2000 	C:\WINDOWS\SYSTEM32\kernel.appcore.dll
0x00007ffb32320000 - 0x00007ffb3232a000 	C:\Program Files\Java\jdk-15.0.2\bin\jimage.dll
0x00007ffb37e00000 - 0x00007ffb37fe4000 	C:\WINDOWS\SYSTEM32\DBGHELP.DLL
0x00007ffb31010000 - 0x00007ffb3103c000 	C:\WINDOWS\SYSTEM32\dbgcore.DLL
0x00007ffb3e2d0000 - 0x00007ffb3e350000 	C:\WINDOWS\System32\bcryptPrimitives.dll
0x00007ffb28ee0000 - 0x00007ffb28f05000 	C:\Program Files\Java\jdk-15.0.2\bin\java.dll
0x00007ffb3efc0000 - 0x00007ffb3f702000 	C:\WINDOWS\System32\SHELL32.dll
0x00007ffb3c7d0000 - 0x00007ffb3cf60000 	C:\WINDOWS\SYSTEM32\windows.storage.dll
0x00007ffb3fca0000 - 0x00007ffb3fff6000 	C:\WINDOWS\System32\combase.dll
0x00007ffb3dc30000 - 0x00007ffb3dc5c000 	C:\WINDOWS\SYSTEM32\Wldp.dll
0x00007ffb40620000 - 0x00007ffb406ce000 	C:\WINDOWS\System32\SHCORE.dll
0x00007ffb40500000 - 0x00007ffb40555000 	C:\WINDOWS\System32\shlwapi.dll
0x00007ffb3e100000 - 0x00007ffb3e126000 	C:\WINDOWS\SYSTEM32\profapi.dll
0x00007ffb28fa0000 - 0x00007ffb28fb9000 	C:\Program Files\Java\jdk-15.0.2\bin\net.dll
0x00007ffb2add0000 - 0x00007ffb2aed0000 	C:\WINDOWS\SYSTEM32\WINHTTP.dll
0x00007ffb3d940000 - 0x00007ffb3d9aa000 	C:\WINDOWS\system32\mswsock.dll
0x00007ffb28250000 - 0x00007ffb28262000 	C:\Program Files\Java\jdk-15.0.2\bin\nio.dll
0x00007ffb27180000 - 0x00007ffb27198000 	C:\Program Files\Java\jdk-15.0.2\bin\zip.dll

dbghelp: loaded successfully - version: 4.0.5 - missing functions: none
symbol engine: initialized successfully - sym options: 0x614 - pdb path: .;C:\Program Files\Java\jdk-15.0.2\bin;C:\WINDOWS\SYSTEM32;C:\WINDOWS\WinSxS\amd64_microsoft.windows.common-controls_6595b64144ccf1df_6.0.19041.746_none_ca02b4b61b8320a4;C:\Program Files\Java\jdk-15.0.2\bin\server

VM Arguments:
java_command: com.example.demo.DemoApplication
java_class_path (initial): C:\UTH\Avanzada II\Segundo Parcial\Nueva carpeta\demo2\target\classes;C:\Users\jlang\.m2\repository\org\springframework\boot\spring-boot-starter-data-jpa\2.3.9.RELEASE\spring-boot-starter-data-jpa-2.3.9.RELEASE.jar;C:\Users\jlang\.m2\repository\org\springframework\boot\spring-boot-starter-aop\2.3.9.RELEASE\spring-boot-starter-aop-2.3.9.RELEASE.jar;C:\Users\jlang\.m2\repository\org\springframework\spring-aop\5.2.13.RELEASE\spring-aop-5.2.13.RELEASE.jar;C:\Users\jlang\.m2\repository\org\aspectj\aspectjweaver\1.9.6\aspectjweaver-1.9.6.jar;C:\Users\jlang\.m2\repository\org\springframework\boot\spring-boot-starter-jdbc\2.3.9.RELEASE\spring-boot-starter-jdbc-2.3.9.RELEASE.jar;C:\Users\jlang\.m2\repository\com\zaxxer\HikariCP\3.4.5\HikariCP-3.4.5.jar;C:\Users\jlang\.m2\repository\org\springframework\spring-jdbc\5.2.13.RELEASE\spring-jdbc-5.2.13.RELEASE.jar;C:\Users\jlang\.m2\repository\jakarta\transaction\jakarta.transaction-api\1.3.3\jakarta.transaction-api-1.3.3.jar;C:\Users\jlang\.m2\repository\jakarta\persistence\jakarta.persistence-api\2.2.3\jakarta.persistence-api-2.2.3.jar;C:\Users\jlang\.m2\repository\org\hibernate\hibernate-core\5.4.28.Final\hibernate-core-5.4.28.Final.jar;C:\Users\jlang\.m2\repository\org\jboss\logging\jboss-logging\3.4.1.Final\jboss-logging-3.4.1.Final.jar;C:\Users\jlang\.m2\repository\org\javassist\javassist\3.27.0-GA\javassist-3.27.0-GA.jar;C:\Users\jlang\.m2\repository\net\bytebuddy\byte-buddy\1.10.20\byte-buddy-1.10.20.jar;C:\Users\jlang\.m2\repository\antlr\antlr\2.7.7\antlr-2.7.7.jar;C:\Users\jlang\.m2\repository\org\jboss\jandex\2.2.3.Final\jandex-2.2.3.Final.jar;C:\Users\jlang\.m2\repository\com\fasterxml\classmate\1.5.1\classmate-1.5.1.jar;C:\Users\jlang\.m2\repository\org\dom4j\dom4j\2.1.3\dom4j-2.1.3.jar;C:\Users\jlang\.m2\repository\org\hibernate\common\hibernate-commons-annotations\5.1.2.Final\hibernate-commons-annotations-5.1.2.Final.jar;C:\Users\jlang\.m2\repository\org\glassfish\jaxb\jaxb-runtime\2.3.
Launcher Type: SUN_STANDARD

[Global flags]
     intx CICompilerCount                          = 3                                         {product} {ergonomic}
     uint ConcGCThreads                            = 1                                         {product} {ergonomic}
     uint G1ConcRefinementThreads                  = 4                                         {product} {ergonomic}
   size_t G1HeapRegionSize                         = 1048576                                   {product} {ergonomic}
    uintx GCDrainStackTargetSize                   = 64                                        {product} {ergonomic}
   size_t InitialHeapSize                          = 134217728                                 {product} {ergonomic}
   size_t MarkStackSize                            = 4194304                                   {product} {ergonomic}
   size_t MaxHeapSize                              = 2122317824                                {product} {ergonomic}
   size_t MaxNewSize                               = 1272971264                                {product} {ergonomic}
   size_t MinHeapDeltaBytes                        = 1048576                                   {product} {ergonomic}
   size_t MinHeapSize                              = 8388608                                   {product} {ergonomic}
    uintx NonNMethodCodeHeapSize                   = 5832780                                {pd product} {ergonomic}
    uintx NonProfiledCodeHeapSize                  = 122912730                              {pd product} {ergonomic}
    uintx ProfiledCodeHeapSize                     = 122912730                              {pd product} {ergonomic}
    uintx ReservedCodeCacheSize                    = 251658240                              {pd product} {ergonomic}
     bool SegmentedCodeCache                       = true                                      {product} {ergonomic}
   size_t SoftMaxHeapSize                          = 2122317824                             {manageable} {ergonomic}
     bool UseCompressedClassPointers               = true                                 {lp64_product} {ergonomic}
     bool UseCompressedOops                        = true                                 {lp64_product} {ergonomic}
     bool UseG1GC                                  = true                                      {product} {ergonomic}
     bool UseLargePagesIndividualAllocation        = false                                  {pd product} {ergonomic}

Logging:
Log output configuration:
 #0: stdout all=warning uptime,level,tags
 #1: stderr all=off uptime,level,tags

Environment Variables:
JAVA_HOME=C:\Program Files\Java\jdk-15.0.2
CLASSPATH=.;.;.;C:\PROGRA~2\JMF21~1.1E\lib\sound.jar;C:\PROGRA~2\JMF21~1.1E\lib\jmf.jar;C:\PROGRA~2\JMF21~1.1E\lib;
PATH=C:\Program Files\Common Files\Oracle\Java\javapath;C:\Program Files (x86)\Common Files\Oracle\Java\javapath;C:\app\UAP_TIC\product\11.2.0\client_2;C:\app\UAP_TIC\product\11.2.0\client_1\bin;C:\WINDOWS\system32;C:\WINDOWS;C:\WINDOWS\System32\Wbem;C:\WINDOWS\System32\WindowsPowerShell\v1.0\;C:\Program Files (x86)\Sybase\Shared\PowerBuilder\;c:\Program Files\Microsoft SQL Server\110\Tools\Binn\;c:\Program Files (x86)\Microsoft SQL Server\110\Tools\Binn\;c:\Program Files\Microsoft SQL Server\110\DTS\Binn\;c:\Program Files (x86)\Microsoft SQL Server\110\Tools\Binn\ManagementStudio\;c:\Program Files (x86)\Microsoft SQL Server\110\DTS\Binn\;C:\WINDOWS\System32\OpenSSH\;C:\DXC\xHIS;C:\Program Files (x86)\Intel\Intel(R) Management Engine Components\DAL;C:\Program Files\Intel\Intel(R) Management Engine Components\DAL;C:\cschealthcare\PATWIN\;C:\Program Files\PuTTY\;C:\Program Files (x86)\Brackets\command;C:\Users\jlang\AppData\Local\Microsoft\WindowsApps;C:\Users\jlang\AppData\Local\Programs\Microsoft VS Code\bin;C:\Users\jlang\AppData\Local\gitkraken\bin;C:\Users\jlang\AppData\Local\GitHubDesktop\bin;%USERPROFILE%\AppData\Local\Microsoft\WindowsApps;C:\Program Files (x86)\EaseUS\Todo Backup\bin\x64\
USERNAME=jlang
OS=Windows_NT
PROCESSOR_IDENTIFIER=Intel64 Family 6 Model 142 Stepping 9, GenuineIntel



---------------  S Y S T E M  ---------------

OS:
 Windows 10 , 64 bit Build 19041 (10.0.19041.804)
OS uptime: 1 days 10:35 hours

CPU: total 4 (initial active 4) (2 cores per cpu, 2 threads per core) family 6 model 142 stepping 9 microcode 0xb4, cmov, cx8, fxsr, mmx, sse, sse2, sse3, ssse3, sse4.1, sse4.2, popcnt, vzeroupper, avx, avx2, aes, clmul, erms, 3dnowpref, lzcnt, ht, tsc, tscinvbit, bmi1, bmi2, adx, fma, clflush, clflushopt

Memory: 4k page, system-wide physical 8089M (927M free)
TotalPageFile size 10879M (AvailPageFile size 2M)
current process WorkingSet (physical memory assigned to process): 37M, peak: 37M
current process commit charge ("private bytes"): 198M, peak: 199M

vm_info: Java HotSpot(TM) 64-Bit Server VM (15.0.2+7-27) for windows-amd64 JRE (15.0.2+7-27), built on Dec  7 2020 20:07:01 by "mach5one" with unknown MS VC++:1925

END.
