#
# There is insufficient memory for the Java Runtime Environment to continue.
# Native memory allocation (malloc) failed to allocate 32744 bytes for ChunkPool::allocate
# Possible reasons:
#   The system is out of physical RAM or swap space
#   The process is running with CompressedOops enabled, and the Java Heap may be blocking the growth of the native heap
# Possible solutions:
#   Reduce memory load on the system
#   Increase physical memory or swap space
#   Check if swap backing store is full
#   Decrease Java heap size (-Xmx/-Xms)
#   Decrease number of Java threads
#   Decrease Java thread stack sizes (-Xss)
#   Set larger code cache with -XX:ReservedCodeCacheSize=
#   JVM is running with Unscaled Compressed Oops mode in which the Java heap is
#     placed in the first 4GB address space. The Java Heap base address is the
#     maximum limit for the native heap growth. Please use -XX:HeapBaseMinAddress
#     to set the Java Heap base and to place the Java Heap above 4GB virtual address.
# This output file may be truncated or incomplete.
#
#  Out of Memory Error (./open/src/hotspot/share/memory/arena.cpp:79), pid=12156, tid=11156
#
# JRE version: Java(TM) SE Runtime Environment (15.0.2+7) (build 15.0.2+7-27)
# Java VM: Java HotSpot(TM) 64-Bit Server VM (15.0.2+7-27, mixed mode, sharing, tiered, compressed oops, g1 gc, windows-amd64)
# No core dump will be written. Minidumps are not enabled by default on client versions of Windows
#

---------------  S U M M A R Y ------------

Command Line: com.example.demo.DemoApplication

Host: Intel(R) Core(TM) i5-7200U CPU @ 2.50GHz, 4 cores, 7G,  Windows 10 , 64 bit Build 19041 (10.0.19041.804)
Time: Fri Mar 19 19:59:14 2021 Hora estándar, América Central elapsed time: 11.219783 seconds (0d 0h 0m 11s)

---------------  T H R E A D  ---------------

Current thread (0x000001e476a3f4a0):  JavaThread "main" [_thread_in_vm, id=11156, stack(0x0000001a28d00000,0x0000001a28e00000)]

Stack: [0x0000001a28d00000,0x0000001a28e00000]
Native frames: (J=compiled Java code, j=interpreted, Vv=VM code, C=native code)
V  [jvm.dll+0x62ae9a]
V  [jvm.dll+0x7817a9]
V  [jvm.dll+0x782f03]
V  [jvm.dll+0x783563]
V  [jvm.dll+0x216325]
V  [jvm.dll+0x982cf]
V  [jvm.dll+0x9861c]
V  [jvm.dll+0x771af5]
V  [jvm.dll+0x77550a]
V  [jvm.dll+0x76eb45]
V  [jvm.dll+0x33af0f]
V  [jvm.dll+0x339e78]
V  [jvm.dll+0x339e18]
V  [jvm.dll+0x34900d]
C  0x000001e40001ee0d

Java frames: (J=compiled Java code, j=interpreted, Vv=VM code)
j  org.h2.mvstore.tx.TransactionStore.<init>(Lorg/h2/mvstore/MVStore;Lorg/h2/mvstore/type/DataType;I)V+18
j  org.h2.mvstore.db.MVTableEngine$Store.open(Lorg/h2/engine/Database;Lorg/h2/mvstore/MVStore$Builder;Z)V+84
j  org.h2.mvstore.db.MVTableEngine.init(Lorg/h2/engine/Database;)Lorg/h2/mvstore/db/MVTableEngine$Store;+231
j  org.h2.engine.Database.getPageStore()Lorg/h2/pagestore/PageStore;+19
j  org.h2.engine.Database.open(IILorg/h2/engine/ConnectionInfo;)V+687
j  org.h2.engine.Database.openDatabase(IIZLorg/h2/engine/ConnectionInfo;)V+5
j  org.h2.engine.Database.<init>(Lorg/h2/engine/ConnectionInfo;Ljava/lang/String;)V+698
j  org.h2.engine.Engine.openSession(Lorg/h2/engine/ConnectionInfo;ZZLjava/lang/String;)Lorg/h2/engine/Session;+145
j  org.h2.engine.Engine.openSession(Lorg/h2/engine/ConnectionInfo;)Lorg/h2/engine/Session;+54
j  org.h2.engine.Engine.createSessionAndValidate(Lorg/h2/engine/ConnectionInfo;)Lorg/h2/engine/Session;+2
j  org.h2.engine.Engine.createSession(Lorg/h2/engine/ConnectionInfo;)Lorg/h2/engine/Session;+4
j  org.h2.engine.Engine.createSession(Lorg/h2/engine/ConnectionInfo;)Lorg/h2/engine/SessionInterface;+2
j  org.h2.engine.SessionRemote.connectEmbeddedOrServer(Z)Lorg/h2/engine/SessionInterface;+98
j  org.h2.jdbc.JdbcConnection.<init>(Lorg/h2/engine/ConnectionInfo;Z)V+41
j  org.h2.jdbc.JdbcConnection.<init>(Ljava/lang/String;Ljava/util/Properties;)V+11
j  org.h2.Driver.connect(Ljava/lang/String;Ljava/util/Properties;)Ljava/sql/Connection;+59
j  com.zaxxer.hikari.util.DriverDataSource.getConnection(Ljava/lang/String;Ljava/lang/String;)Ljava/sql/Connection;+61
j  com.zaxxer.hikari.pool.PoolBase.newConnection()Ljava/sql/Connection;+49
j  com.zaxxer.hikari.pool.PoolBase.newPoolEntry()Lcom/zaxxer/hikari/pool/PoolEntry;+5
j  com.zaxxer.hikari.pool.HikariPool.createPoolEntry()Lcom/zaxxer/hikari/pool/PoolEntry;+1
j  com.zaxxer.hikari.pool.HikariPool.checkFailFast()V+20
j  com.zaxxer.hikari.pool.HikariPool.<init>(Lcom/zaxxer/hikari/HikariConfig;)V+128
j  com.zaxxer.hikari.HikariDataSource.getConnection()Ljava/sql/Connection;+100
j  org.springframework.jdbc.datasource.DataSourceUtils.fetchConnection(Ljavax/sql/DataSource;)Ljava/sql/Connection;+1
j  org.springframework.jdbc.datasource.DataSourceUtils.doGetConnection(Ljavax/sql/DataSource;)Ljava/sql/Connection;+77
j  org.springframework.jdbc.datasource.DataSourceUtils.getConnection(Ljavax/sql/DataSource;)Ljava/sql/Connection;+1
j  org.springframework.jdbc.core.JdbcTemplate.execute(Lorg/springframework/jdbc/core/ConnectionCallback;)Ljava/lang/Object;+10
j  org.springframework.boot.jdbc.EmbeddedDatabaseConnection.isEmbedded(Ljavax/sql/DataSource;)Z+16
j  org.springframework.boot.autoconfigure.orm.jpa.HibernateDefaultDdlAutoProvider.getDefaultDdlAuto(Ljavax/sql/DataSource;)Ljava/lang/String;+1
j  org.springframework.boot.autoconfigure.orm.jpa.HibernateJpaConfiguration.lambda$getVendorProperties$1()Ljava/lang/String;+8
j  org.springframework.boot.autoconfigure.orm.jpa.HibernateJpaConfiguration$$Lambda$553+0x0000000800ea4c60.get()Ljava/lang/Object;+4
j  org.springframework.boot.autoconfigure.orm.jpa.HibernateSettings.getDdlAuto()Ljava/lang/String;+11
j  org.springframework.boot.autoconfigure.orm.jpa.HibernateProperties$$Lambda$554+0x0000000800ea5b58.get()Ljava/lang/Object;+4
j  org.springframework.boot.autoconfigure.orm.jpa.HibernateProperties.determineDdlAuto(Ljava/util/Map;Ljava/util/function/Supplier;)Ljava/lang/String;+33
j  org.springframework.boot.autoconfigure.orm.jpa.HibernateProperties.getAdditionalProperties(Ljava/util/Map;Lorg/springframework/boot/autoconfigure/orm/jpa/HibernateSettings;)Ljava/util/Map;+40
j  org.springframework.boot.autoconfigure.orm.jpa.HibernateProperties.determineHibernateProperties(Ljava/util/Map;Lorg/springframework/boot/autoconfigure/orm/jpa/HibernateSettings;)Ljava/util/Map;+15
j  org.springframework.boot.autoconfigure.orm.jpa.HibernateJpaConfiguration.getVendorProperties()Ljava/util/Map;+40
j  org.springframework.boot.autoconfigure.orm.jpa.JpaBaseConfiguration.entityManagerFactory(Lorg/springframework/boot/orm/jpa/EntityManagerFactoryBuilder;)Lorg/springframework/orm/jpa/LocalContainerEntityManagerFactoryBean;+1
v  ~StubRoutines::call_stub
J 2410  jdk.internal.reflect.NativeMethodAccessorImpl.invoke0(Ljava/lang/reflect/Method;Ljava/lang/Object;[Ljava/lang/Object;)Ljava/lang/Object; java.base@15.0.2 (0 bytes) @ 0x000001e407bce9cf [0x000001e407bce940+0x000000000000008f]
J 2409 c1 jdk.internal.reflect.NativeMethodAccessorImpl.invoke(Ljava/lang/Object;[Ljava/lang/Object;)Ljava/lang/Object; java.base@15.0.2 (117 bytes) @ 0x000001e400a6168c [0x000001e400a60b20+0x0000000000000b6c]
J 1971 c1 jdk.internal.reflect.DelegatingMethodAccessorImpl.invoke(Ljava/lang/Object;[Ljava/lang/Object;)Ljava/lang/Object; java.base@15.0.2 (10 bytes) @ 0x000001e40093afcc [0x000001e40093aec0+0x000000000000010c]
J 2132 c1 java.lang.reflect.Method.invoke(Ljava/lang/Object;[Ljava/lang/Object;)Ljava/lang/Object; java.base@15.0.2 (65 bytes) @ 0x000001e4009a4544 [0x000001e4009a4200+0x0000000000000344]
j  org.springframework.beans.factory.support.SimpleInstantiationStrategy.instantiate(Lorg/springframework/beans/factory/support/RootBeanDefinition;Ljava/lang/String;Lorg/springframework/beans/factory/BeanFactory;Ljava/lang/Object;Ljava/lang/reflect/Method;[Ljava/lang/Object;)Ljava/lang/Object;+50
j  org.springframework.beans.factory.support.ConstructorResolver.instantiate(Ljava/lang/String;Lorg/springframework/beans/factory/support/RootBeanDefinition;Ljava/lang/Object;Ljava/lang/reflect/Method;[Ljava/lang/Object;)Ljava/lang/Object;+48
j  org.springframework.beans.factory.support.ConstructorResolver.instantiateUsingFactoryMethod(Ljava/lang/String;Lorg/springframework/beans/factory/support/RootBeanDefinition;[Ljava/lang/Object;)Lorg/springframework/beans/BeanWrapper;+1528
j  org.springframework.beans.factory.support.AbstractAutowireCapableBeanFactory.instantiateUsingFactoryMethod(Ljava/lang/String;Lorg/springframework/beans/factory/support/RootBeanDefinition;[Ljava/lang/Object;)Lorg/springframework/beans/BeanWrapper;+11
j  org.springframework.beans.factory.support.AbstractAutowireCapableBeanFactory.createBeanInstance(Ljava/lang/String;Lorg/springframework/beans/factory/support/RootBeanDefinition;[Ljava/lang/Object;)Lorg/springframework/beans/BeanWrapper;+101
j  org.springframework.beans.factory.support.AbstractAutowireCapableBeanFactory.doCreateBean(Ljava/lang/String;Lorg/springframework/beans/factory/support/RootBeanDefinition;[Ljava/lang/Object;)Ljava/lang/Object;+34
j  org.springframework.beans.factory.support.AbstractAutowireCapableBeanFactory.createBean(Ljava/lang/String;Lorg/springframework/beans/factory/support/RootBeanDefinition;[Ljava/lang/Object;)Ljava/lang/Object;+169
j  org.springframework.beans.factory.support.AbstractBeanFactory.lambda$doGetBean$0(Ljava/lang/String;Lorg/springframework/beans/factory/support/RootBeanDefinition;[Ljava/lang/Object;)Ljava/lang/Object;+4
j  org.springframework.beans.factory.support.AbstractBeanFactory$$Lambda$199+0x0000000800ccf168.getObject()Ljava/lang/Object;+16
j  org.springframework.beans.factory.support.DefaultSingletonBeanRegistry.getSingleton(Ljava/lang/String;Lorg/springframework/beans/factory/ObjectFactory;)Ljava/lang/Object;+132
J 2361 c1 org.springframework.beans.factory.support.AbstractBeanFactory.doGetBean(Ljava/lang/String;Ljava/lang/Class;[Ljava/lang/Object;Z)Ljava/lang/Object; (874 bytes) @ 0x000001e400a40f0c [0x000001e400a3f660+0x00000000000018ac]
j  org.springframework.beans.factory.support.AbstractBeanFactory.getBean(Ljava/lang/String;)Ljava/lang/Object;+5
j  org.springframework.context.support.AbstractApplicationContext.getBean(Ljava/lang/String;)Ljava/lang/Object;+9
j  org.springframework.context.support.AbstractApplicationContext.finishBeanFactoryInitialization(Lorg/springframework/beans/factory/config/ConfigurableListableBeanFactory;)V+100
j  org.springframework.context.support.AbstractApplicationContext.refresh()V+54
j  org.springframework.boot.web.servlet.context.ServletWebServerApplicationContext.refresh()V+1
j  org.springframework.boot.SpringApplication.refresh(Lorg/springframework/context/ConfigurableApplicationContext;)V+1
j  org.springframework.boot.SpringApplication.refresh(Lorg/springframework/context/ApplicationContext;)V+11
j  org.springframework.boot.SpringApplication.refreshContext(Lorg/springframework/context/ConfigurableApplicationContext;)V+19
j  org.springframework.boot.SpringApplication.run([Ljava/lang/String;)Lorg/springframework/context/ConfigurableApplicationContext;+118
j  org.springframework.boot.SpringApplication.run([Ljava/lang/Class;[Ljava/lang/String;)Lorg/springframework/context/ConfigurableApplicationContext;+9
j  org.springframework.boot.SpringApplication.run(Ljava/lang/Class;[Ljava/lang/String;)Lorg/springframework/context/ConfigurableApplicationContext;+9
j  com.example.demo.DemoApplication.main([Ljava/lang/String;)V+3
v  ~StubRoutines::call_stub

---------------  P R O C E S S  ---------------

Threads class SMR info:
_java_thread_list=0x000001e4164c7ef0, length=15, elements={
0x000001e476a3f4a0, 0x000001e47fd2ec10, 0x000001e47fd2f7e0, 0x000001e47fd49c00,
0x000001e47fd4c5d0, 0x000001e47fd4e090, 0x000001e47fd52370, 0x000001e47fd52f10,
0x000001e47fd68140, 0x000001e41582cef0, 0x000001e415843000, 0x000001e416f081b0,
0x000001e416f08680, 0x000001e4172fe8b0, 0x000001e419113c80
}

Java Threads: ( => current thread )
=>0x000001e476a3f4a0 JavaThread "main" [_thread_in_vm, id=11156, stack(0x0000001a28d00000,0x0000001a28e00000)]
  0x000001e47fd2ec10 JavaThread "Reference Handler" daemon [_thread_blocked, id=4396, stack(0x0000001a29400000,0x0000001a29500000)]
  0x000001e47fd2f7e0 JavaThread "Finalizer" daemon [_thread_blocked, id=13108, stack(0x0000001a29500000,0x0000001a29600000)]
  0x000001e47fd49c00 JavaThread "Signal Dispatcher" daemon [_thread_blocked, id=2676, stack(0x0000001a29600000,0x0000001a29700000)]
  0x000001e47fd4c5d0 JavaThread "Attach Listener" daemon [_thread_blocked, id=14560, stack(0x0000001a29700000,0x0000001a29800000)]
  0x000001e47fd4e090 JavaThread "Service Thread" daemon [_thread_blocked, id=14388, stack(0x0000001a29800000,0x0000001a29900000)]
  0x000001e47fd52370 JavaThread "C2 CompilerThread0" daemon [_thread_in_native, id=14616, stack(0x0000001a29900000,0x0000001a29a00000)]
  0x000001e47fd52f10 JavaThread "C1 CompilerThread0" daemon [_thread_blocked, id=12560, stack(0x0000001a29a00000,0x0000001a29b00000)]
  0x000001e47fd68140 JavaThread "Sweeper thread" daemon [_thread_blocked, id=380, stack(0x0000001a29b00000,0x0000001a29c00000)]
  0x000001e41582cef0 JavaThread "Notification Thread" daemon [_thread_blocked, id=2028, stack(0x0000001a29c00000,0x0000001a29d00000)]
  0x000001e415843000 JavaThread "Common-Cleaner" daemon [_thread_blocked, id=19352, stack(0x0000001a29e00000,0x0000001a29f00000)]
  0x000001e416f081b0 JavaThread "Catalina-utility-1" [_thread_in_vm, id=13500, stack(0x0000001a2a200000,0x0000001a2a300000)]
  0x000001e416f08680 JavaThread "Catalina-utility-2" [_thread_blocked, id=2708, stack(0x0000001a2a400000,0x0000001a2a500000)]
  0x000001e4172fe8b0 JavaThread "container-0" [_thread_blocked, id=2096, stack(0x0000001a2a500000,0x0000001a2a600000)]
  0x000001e419113c80 JavaThread "C2 CompilerThread1" daemon [_thread_blocked, id=1020, stack(0x0000001a29f00000,0x0000001a2a000000)]

Other Threads:
  0x000001e47fd2b380 VMThread "VM Thread" [stack: 0x0000001a29300000,0x0000001a29400000] [id=12260]
  0x000001e41583b3d0 WatcherThread [stack: 0x0000001a29d00000,0x0000001a29e00000] [id=17832]
  0x000001e476a7e870 GCTaskThread "GC Thread#0" [stack: 0x0000001a28e00000,0x0000001a28f00000] [id=7244]
  0x000001e415b61100 GCTaskThread "GC Thread#1" [stack: 0x0000001a2a000000,0x0000001a2a100000] [id=420]
  0x000001e415b60440 GCTaskThread "GC Thread#2" [stack: 0x0000001a2a100000,0x0000001a2a200000] [id=3724]
  0x000001e415b60770 GCTaskThread "GC Thread#3" [stack: 0x0000001a2a300000,0x0000001a2a400000] [id=17820]
  0x000001e476a8f6c0 ConcurrentGCThread "G1 Main Marker" [stack: 0x0000001a28f00000,0x0000001a29000000] [id=8256]
  0x000001e476a90a50 ConcurrentGCThread "G1 Conc#0" [stack: 0x0000001a29000000,0x0000001a29100000] [id=17164]
  0x000001e476b08ee0 ConcurrentGCThread "G1 Refine#0" [stack: 0x0000001a29100000,0x0000001a29200000] [id=8908]
  0x000001e476b09ae0 ConcurrentGCThread "G1 Young RemSet Sampling" [stack: 0x0000001a29200000,0x0000001a29300000] [id=11036]

Threads with active compile tasks:
C2 CompilerThread0    11278 3550   !   4       jdk.internal.loader.BuiltinClassLoader::loadClassOrNull (143 bytes)

VM state: not at safepoint (normal execution)

VM Mutex/Monitor currently owned by a thread: None

Heap address: 0x0000000081800000, size: 2024 MB, Compressed Oops mode: 32-bit
CDS archive(s) mapped at: [0x0000000800000000-0x0000000800b50000-0x0000000800b50000), size 11862016, SharedBaseAddress: 0x0000000800000000, ArchiveRelocationMode: 0.
Compressed class space mapped at: 0x0000000800b50000-0x0000000840b50000, size: 1073741824
Narrow klass base: 0x0000000800000000, Narrow klass shift: 3, Narrow klass range: 0x100000000

GC Precious Log:
 CPUs: 4 total, 4 available
 Memory: 8089M
 Large Page Support: Disabled
 NUMA Support: Disabled
 Compressed Oops: Enabled (32-bit)
 Heap Region Size: 1M
 Heap Min Capacity: 8M
 Heap Initial Capacity: 128M
 Heap Max Capacity: 2024M
 Pre-touch: Disabled
 Parallel Workers: 4
 Concurrent Workers: 1
 Concurrent Refinement Workers: 4
 Periodic GC: Disabled

Heap:
 garbage-first heap   total 45056K, used 32424K [0x0000000081800000, 0x0000000100000000)
  region size 1024K, 20 young (20480K), 1 survivors (1024K)
 Metaspace       used 29157K, capacity 29464K, committed 29744K, reserved 1075200K
  class space    used 3468K, capacity 3593K, committed 3712K, reserved 1048576K

Heap Regions: E=young(eden), S=young(survivor), O=old, HS=humongous(starts), HC=humongous(continues), CS=collection set, F=free, OA=open archive, CA=closed archive, TAMS=top-at-mark-start (previous, next)
|   0|0x0000000081800000, 0x0000000081900000, 0x0000000081900000|100%|HS|  |TAMS 0x0000000081900000, 0x0000000081800000| Complete 
|   1|0x0000000081900000, 0x0000000081a00000, 0x0000000081a00000|100%| O|  |TAMS 0x0000000081a00000, 0x0000000081900000| Untracked 
|   2|0x0000000081a00000, 0x0000000081b00000, 0x0000000081b00000|100%| O|  |TAMS 0x0000000081b00000, 0x0000000081a00000| Untracked 
|   3|0x0000000081b00000, 0x0000000081c00000, 0x0000000081c00000|100%| O|  |TAMS 0x0000000081c00000, 0x0000000081b00000| Untracked 
|   4|0x0000000081c00000, 0x0000000081d00000, 0x0000000081d00000|100%| O|  |TAMS 0x0000000081d00000, 0x0000000081c00000| Untracked 
|   5|0x0000000081d00000, 0x0000000081df1c00, 0x0000000081e00000| 94%| O|  |TAMS 0x0000000081df1c00, 0x0000000081d00000| Untracked 
|   6|0x0000000081e00000, 0x0000000081f00000, 0x0000000081f00000|100%| O|  |TAMS 0x0000000081e00000, 0x0000000081e00000| Untracked 
|   7|0x0000000081f00000, 0x0000000082000000, 0x0000000082000000|100%| O|  |TAMS 0x0000000081f00000, 0x0000000081f00000| Untracked 
|   8|0x0000000082000000, 0x0000000082100000, 0x0000000082100000|100%| O|  |TAMS 0x0000000082000000, 0x0000000082000000| Untracked 
|   9|0x0000000082100000, 0x0000000082200000, 0x0000000082200000|100%| O|  |TAMS 0x0000000082100000, 0x0000000082100000| Untracked 
|  10|0x0000000082200000, 0x0000000082300000, 0x0000000082300000|100%| O|  |TAMS 0x0000000082200000, 0x0000000082200000| Untracked 
|  11|0x0000000082300000, 0x0000000082400000, 0x0000000082400000|100%| O|  |TAMS 0x0000000082300000, 0x0000000082300000| Untracked 
|  12|0x0000000082400000, 0x0000000082500000, 0x0000000082500000|100%| O|  |TAMS 0x0000000082400000, 0x0000000082400000| Untracked 
|  13|0x0000000082500000, 0x0000000082589600, 0x0000000082600000| 53%| O|  |TAMS 0x0000000082500000, 0x0000000082500000| Untracked 
|  14|0x0000000082600000, 0x0000000082600000, 0x0000000082700000|  0%| F|  |TAMS 0x0000000082600000, 0x0000000082600000| Untracked 
|  15|0x0000000082700000, 0x0000000082700000, 0x0000000082800000|  0%| F|  |TAMS 0x0000000082700000, 0x0000000082700000| Untracked 
|  16|0x0000000082800000, 0x0000000082800000, 0x0000000082900000|  0%| F|  |TAMS 0x0000000082800000, 0x0000000082800000| Untracked 
|  17|0x0000000082900000, 0x0000000082900000, 0x0000000082a00000|  0%| F|  |TAMS 0x0000000082900000, 0x0000000082900000| Untracked 
|  18|0x0000000082a00000, 0x0000000082a00000, 0x0000000082b00000|  0%| F|  |TAMS 0x0000000082a00000, 0x0000000082a00000| Untracked 
|  19|0x0000000082b00000, 0x0000000082b00000, 0x0000000082c00000|  0%| F|  |TAMS 0x0000000082b00000, 0x0000000082b00000| Untracked 
|  20|0x0000000082c00000, 0x0000000082c00000, 0x0000000082d00000|  0%| F|  |TAMS 0x0000000082c00000, 0x0000000082c00000| Untracked 
|  21|0x0000000082d00000, 0x0000000082d00000, 0x0000000082e00000|  0%| F|  |TAMS 0x0000000082d00000, 0x0000000082d00000| Untracked 
|  22|0x0000000082e00000, 0x0000000082e00000, 0x0000000082f00000|  0%| F|  |TAMS 0x0000000082e00000, 0x0000000082e00000| Untracked 
|  23|0x0000000082f00000, 0x0000000082f00000, 0x0000000083000000|  0%| F|  |TAMS 0x0000000082f00000, 0x0000000082f00000| Untracked 
|  24|0x0000000083000000, 0x000000008302ef20, 0x0000000083100000| 18%| S|CS|TAMS 0x0000000083000000, 0x0000000083000000| Complete 
|  25|0x0000000083100000, 0x000000008319cee0, 0x0000000083200000| 61%| E|  |TAMS 0x0000000083100000, 0x0000000083100000| Complete 
|  26|0x0000000083200000, 0x0000000083300000, 0x0000000083300000|100%| E|CS|TAMS 0x0000000083200000, 0x0000000083200000| Complete 
|  27|0x0000000083300000, 0x0000000083400000, 0x0000000083400000|100%| E|CS|TAMS 0x0000000083300000, 0x0000000083300000| Complete 
|  28|0x0000000083400000, 0x0000000083500000, 0x0000000083500000|100%| E|CS|TAMS 0x0000000083400000, 0x0000000083400000| Complete 
|  29|0x0000000083500000, 0x0000000083600000, 0x0000000083600000|100%| E|CS|TAMS 0x0000000083500000, 0x0000000083500000| Complete 
|  30|0x0000000083600000, 0x0000000083700000, 0x0000000083700000|100%| E|CS|TAMS 0x0000000083600000, 0x0000000083600000| Complete 
|  31|0x0000000083700000, 0x0000000083800000, 0x0000000083800000|100%| E|CS|TAMS 0x0000000083700000, 0x0000000083700000| Complete 
|  32|0x0000000083800000, 0x0000000083900000, 0x0000000083900000|100%| E|CS|TAMS 0x0000000083800000, 0x0000000083800000| Complete 
|  33|0x0000000083900000, 0x0000000083a00000, 0x0000000083a00000|100%| E|CS|TAMS 0x0000000083900000, 0x0000000083900000| Complete 
|  34|0x0000000083a00000, 0x0000000083b00000, 0x0000000083b00000|100%| E|CS|TAMS 0x0000000083a00000, 0x0000000083a00000| Complete 
|  35|0x0000000083b00000, 0x0000000083c00000, 0x0000000083c00000|100%| E|CS|TAMS 0x0000000083b00000, 0x0000000083b00000| Complete 
|  36|0x0000000083c00000, 0x0000000083d00000, 0x0000000083d00000|100%| E|CS|TAMS 0x0000000083c00000, 0x0000000083c00000| Complete 
| 109|0x0000000088500000, 0x0000000088600000, 0x0000000088600000|100%| E|CS|TAMS 0x0000000088500000, 0x0000000088500000| Complete 
| 110|0x0000000088600000, 0x0000000088700000, 0x0000000088700000|100%| E|CS|TAMS 0x0000000088600000, 0x0000000088600000| Complete 
| 111|0x0000000088700000, 0x0000000088800000, 0x0000000088800000|100%| E|CS|TAMS 0x0000000088700000, 0x0000000088700000| Complete 
| 112|0x0000000088800000, 0x0000000088900000, 0x0000000088900000|100%| E|CS|TAMS 0x0000000088800000, 0x0000000088800000| Complete 
| 113|0x0000000088900000, 0x0000000088a00000, 0x0000000088a00000|100%| E|CS|TAMS 0x0000000088900000, 0x0000000088900000| Complete 
| 114|0x0000000088a00000, 0x0000000088b00000, 0x0000000088b00000|100%| E|CS|TAMS 0x0000000088a00000, 0x0000000088a00000| Complete 
| 153|0x000000008b100000, 0x000000008b200000, 0x000000008b200000|100%| E|CS|TAMS 0x000000008b100000, 0x000000008b100000| Complete 

Card table byte_map: [0x000001e47f070000,0x000001e47f470000] _byte_map_base: 0x000001e47ec64000

Marking Bits (Prev, Next): (CMBitMap*) 0x000001e476a7f0a0, (CMBitMap*) 0x000001e476a7f060
 Prev Bits: [0x000001e410fa0000, 0x000001e412f40000)
 Next Bits: [0x000001e40f000000, 0x000001e410fa0000)

Polling page: 0x000001e474820000

Metaspace:

Usage:
  Non-class:     25.26 MB capacity,    25.09 MB (>99%) used,   141.52 KB ( <1%) free+waste,    40.62 KB ( <1%) overhead. 
      Class:      3.51 MB capacity,     3.39 MB ( 97%) used,   108.58 KB (  3%) free+waste,    15.81 KB ( <1%) overhead. 
       Both:     28.77 MB capacity,    28.47 MB ( 99%) used,   250.09 KB ( <1%) free+waste,    56.44 KB ( <1%) overhead. 

Virtual space:
  Non-class space:       26.00 MB reserved,      25.42 MB ( 98%) committed 
      Class space:        1.00 GB reserved,       3.62 MB ( <1%) committed 
             Both:        1.03 GB reserved,      29.05 MB (  3%) committed 

Chunk freelists:
   Non-Class:  97.00 KB
       Class:  23.00 KB
        Both:  120.00 KB

MaxMetaspaceSize: 17179869184.00 GB
CompressedClassSpaceSize: 1.00 GB

CodeHeap 'non-profiled nmethods': size=120000Kb used=2041Kb max_used=2041Kb free=117958Kb
 bounds [0x000001e407ad0000, 0x000001e407d40000, 0x000001e40f000000]
CodeHeap 'profiled nmethods': size=120000Kb used=7740Kb max_used=7740Kb free=112260Kb
 bounds [0x000001e4005a0000, 0x000001e400d30000, 0x000001e407ad0000]
CodeHeap 'non-nmethods': size=5760Kb used=1228Kb max_used=1305Kb free=4531Kb
 bounds [0x000001e400000000, 0x000001e400270000, 0x000001e4005a0000]
 total_blobs=4050 nmethods=3554 adapters=407
 compilation: enabled
              stopped_count=0, restarted_count=0
 full_count=0

Compilation events (20 events):
Event: 10.834 Thread 0x000001e47fd52f10 nmethod 3548 0x000001e400d25810 code [0x000001e400d25a40, 0x000001e400d26198]
Event: 10.839 Thread 0x000001e47fd52f10 3549       3       java.lang.System::checkKey (32 bytes)
Event: 10.839 Thread 0x000001e47fd52f10 nmethod 3549 0x000001e400d26510 code [0x000001e400d266e0, 0x000001e400d26a98]
Event: 10.848 Thread 0x000001e47fd52370 nmethod 3535 0x000001e407cc7510 code [0x000001e407cc7700, 0x000001e407cc7e50]
Event: 10.848 Thread 0x000001e47fd52370 3537       4       org.springframework.core.ResolvableType$1::isAssignableFrom (33 bytes)
Event: 10.853 Thread 0x000001e47fd52370 nmethod 3537 0x000001e407cc8310 code [0x000001e407cc84c0, 0x000001e407cc87a8]
Event: 11.059 Thread 0x000001e47fd52370 3550   !   4       jdk.internal.loader.BuiltinClassLoader::loadClassOrNull (143 bytes)
Event: 11.079 Thread 0x000001e47fd52f10 3551   !   3       java.util.concurrent.ConcurrentHashMap::computeIfAbsent (576 bytes)
Event: 11.084 Thread 0x000001e47fd52f10 nmethod 3551 0x000001e400d26c10 code [0x000001e400d27020, 0x000001e400d293d8]
Event: 11.103 Thread 0x000001e47fd52f10 3554       3       java.lang.ClassLoader::getNamedPackage (73 bytes)
Event: 11.103 Thread 0x000001e47fd52f10 nmethod 3554 0x000001e400d2a410 code [0x000001e400d2a600, 0x000001e400d2ac68]
Event: 11.106 Thread 0x000001e47fd52f10 3555       3       java.lang.ClassLoader::checkCerts (121 bytes)
Event: 11.107 Thread 0x000001e47fd52f10 nmethod 3555 0x000001e400d2ae10 code [0x000001e400d2b100, 0x000001e400d2bfc8]
Event: 11.142 Thread 0x000001e47fd52f10 3558       3       java.util.regex.Pattern::append (43 bytes)
Event: 11.143 Thread 0x000001e47fd52f10 nmethod 3558 0x000001e400d2c510 code [0x000001e400d2c700, 0x000001e400d2cc38]
Event: 11.145 Thread 0x000001e419113c80 3556   !   4       java.util.zip.InflaterInputStream::read (138 bytes)
Event: 11.170 Thread 0x000001e47fd52f10 3561       3       java.lang.ClassLoader::getDefinedPackage (36 bytes)
Event: 11.171 Thread 0x000001e47fd52f10 nmethod 3561 0x000001e400d2ce90 code [0x000001e400d2d080, 0x000001e400d2d688]
Event: 11.206 Thread 0x000001e47fd52f10 3562       3       java.lang.ClassLoader::definePackage (85 bytes)
Event: 11.207 Thread 0x000001e47fd52f10 nmethod 3562 0x000001e400d2d810 code [0x000001e400d2dae0, 0x000001e400d2eb38]

GC Heap History (16 events):
Event: 0.578 GC heap before
{Heap before GC invocations=0 (full 0):
 garbage-first heap   total 131072K, used 13312K [0x0000000081800000, 0x0000000100000000)
  region size 1024K, 13 young (13312K), 0 survivors (0K)
 Metaspace       used 3342K, capacity 5971K, committed 6272K, reserved 1056768K
  class space    used 337K, capacity 565K, committed 640K, reserved 1048576K
}
Event: 0.583 GC heap after
{Heap after GC invocations=1 (full 0):
 garbage-first heap   total 131072K, used 6137K [0x0000000081800000, 0x0000000100000000)
  region size 1024K, 2 young (2048K), 2 survivors (2048K)
 Metaspace       used 3342K, capacity 5971K, committed 6272K, reserved 1056768K
  class space    used 337K, capacity 565K, committed 640K, reserved 1048576K
}
Event: 1.065 GC heap before
{Heap before GC invocations=1 (full 0):
 garbage-first heap   total 131072K, used 17401K [0x0000000081800000, 0x0000000100000000)
  region size 1024K, 13 young (13312K), 2 survivors (2048K)
 Metaspace       used 6650K, capacity 7922K, committed 8064K, reserved 1056768K
  class space    used 779K, capacity 871K, committed 896K, reserved 1048576K
}
Event: 1.069 GC heap after
{Heap after GC invocations=2 (full 0):
 garbage-first heap   total 131072K, used 7267K [0x0000000081800000, 0x0000000100000000)
  region size 1024K, 2 young (2048K), 2 survivors (2048K)
 Metaspace       used 6650K, capacity 7922K, committed 8064K, reserved 1056768K
  class space    used 779K, capacity 871K, committed 896K, reserved 1048576K
}
Event: 1.453 GC heap before
{Heap before GC invocations=2 (full 0):
 garbage-first heap   total 131072K, used 28771K [0x0000000081800000, 0x0000000100000000)
  region size 1024K, 24 young (24576K), 2 survivors (2048K)
 Metaspace       used 12638K, capacity 13259K, committed 13440K, reserved 1060864K
  class space    used 1495K, capacity 1565K, committed 1664K, reserved 1048576K
}
Event: 1.458 GC heap after
{Heap after GC invocations=3 (full 0):
 garbage-first heap   total 131072K, used 8024K [0x0000000081800000, 0x0000000100000000)
  region size 1024K, 2 young (2048K), 2 survivors (2048K)
 Metaspace       used 12638K, capacity 13259K, committed 13440K, reserved 1060864K
  class space    used 1495K, capacity 1565K, committed 1664K, reserved 1048576K
}
Event: 3.766 GC heap before
{Heap before GC invocations=3 (full 0):
 garbage-first heap   total 131072K, used 82776K [0x0000000081800000, 0x0000000100000000)
  region size 1024K, 76 young (77824K), 2 survivors (2048K)
 Metaspace       used 18445K, capacity 18709K, committed 18944K, reserved 1067008K
  class space    used 2197K, capacity 2279K, committed 2304K, reserved 1048576K
}
Event: 3.774 GC heap after
{Heap after GC invocations=4 (full 0):
 garbage-first heap   total 131072K, used 10405K [0x0000000081800000, 0x0000000100000000)
  region size 1024K, 5 young (5120K), 5 survivors (5120K)
 Metaspace       used 18445K, capacity 18709K, committed 18944K, reserved 1067008K
  class space    used 2197K, capacity 2279K, committed 2304K, reserved 1048576K
}
Event: 5.171 GC heap before
{Heap before GC invocations=4 (full 0):
 garbage-first heap   total 131072K, used 22693K [0x0000000081800000, 0x0000000100000000)
  region size 1024K, 18 young (18432K), 5 survivors (5120K)
 Metaspace       used 20880K, capacity 21133K, committed 21296K, reserved 1069056K
  class space    used 2518K, capacity 2609K, committed 2688K, reserved 1048576K
}
Event: 5.180 GC heap after
{Heap after GC invocations=5 (full 0):
 garbage-first heap   total 157696K, used 11664K [0x0000000081800000, 0x0000000100000000)
  region size 1024K, 6 young (6144K), 6 survivors (6144K)
 Metaspace       used 20880K, capacity 21133K, committed 21296K, reserved 1069056K
  class space    used 2518K, capacity 2609K, committed 2688K, reserved 1048576K
}
Event: 8.699 GC heap before
{Heap before GC invocations=6 (full 0):
 garbage-first heap   total 45056K, used 31120K [0x0000000081800000, 0x0000000100000000)
  region size 1024K, 26 young (26624K), 6 survivors (6144K)
 Metaspace       used 24994K, capacity 25292K, committed 25648K, reserved 1071104K
  class space    used 3001K, capacity 3141K, committed 3200K, reserved 1048576K
}
Event: 8.720 GC heap after
{Heap after GC invocations=7 (full 0):
 garbage-first heap   total 45056K, used 13528K [0x0000000081800000, 0x0000000100000000)
  region size 1024K, 4 young (4096K), 4 survivors (4096K)
 Metaspace       used 24994K, capacity 25292K, committed 25648K, reserved 1071104K
  class space    used 3001K, capacity 3141K, committed 3200K, reserved 1048576K
}
Event: 8.728 GC heap before
{Heap before GC invocations=7 (full 0):
 garbage-first heap   total 45056K, used 30936K [0x0000000081800000, 0x0000000100000000)
  region size 1024K, 22 young (22528K), 4 survivors (4096K)
 Metaspace       used 24994K, capacity 25292K, committed 25648K, reserved 1071104K
  class space    used 3001K, capacity 3141K, committed 3200K, reserved 1048576K
}
Event: 8.739 GC heap after
{Heap after GC invocations=8 (full 0):
 garbage-first heap   total 45056K, used 13857K [0x0000000081800000, 0x0000000100000000)
  region size 1024K, 1 young (1024K), 1 survivors (1024K)
 Metaspace       used 24994K, capacity 25292K, committed 25648K, reserved 1071104K
  class space    used 3001K, capacity 3141K, committed 3200K, reserved 1048576K
}
Event: 8.798 GC heap before
{Heap before GC invocations=8 (full 0):
 garbage-first heap   total 45056K, used 31265K [0x0000000081800000, 0x0000000100000000)
  region size 1024K, 19 young (19456K), 1 survivors (1024K)
 Metaspace       used 25018K, capacity 25356K, committed 25648K, reserved 1071104K
  class space    used 3001K, capacity 3141K, committed 3200K, reserved 1048576K
}
Event: 8.798 GC heap after
{Heap after GC invocations=9 (full 0):
 garbage-first heap   total 45056K, used 13992K [0x0000000081800000, 0x0000000100000000)
  region size 1024K, 1 young (1024K), 1 survivors (1024K)
 Metaspace       used 25018K, capacity 25356K, committed 25648K, reserved 1071104K
  class space    used 3001K, capacity 3141K, committed 3200K, reserved 1048576K
}

Deoptimization events (20 events):
Event: 9.188 Thread 0x000001e476a3f4a0 DEOPT PACKING pc=0x000001e407c9fee4 sp=0x0000001a28dfc830
Event: 9.188 Thread 0x000001e476a3f4a0 DEOPT UNPACKING pc=0x000001e40004e42f sp=0x0000001a28dfc7d0 mode 2
Event: 9.188 Thread 0x000001e476a3f4a0 Uncommon trap: trap_request=0xffffffd6 fr.pc=0x000001e407c9fee4 relative=0x00000000000003a4
Event: 9.188 Thread 0x000001e476a3f4a0 Uncommon trap: reason=array_check action=maybe_recompile pc=0x000001e407c9fee4 method=java.util.AbstractCollection.toArray([Ljava/lang/Object;)[Ljava/lang/Object; @ 116 c2
Event: 9.188 Thread 0x000001e476a3f4a0 DEOPT PACKING pc=0x000001e407c9fee4 sp=0x0000001a28dfcab0
Event: 9.188 Thread 0x000001e476a3f4a0 DEOPT UNPACKING pc=0x000001e40004e42f sp=0x0000001a28dfca50 mode 2
Event: 9.188 Thread 0x000001e476a3f4a0 Uncommon trap: trap_request=0xffffffd6 fr.pc=0x000001e407c9fee4 relative=0x00000000000003a4
Event: 9.188 Thread 0x000001e476a3f4a0 Uncommon trap: reason=array_check action=maybe_recompile pc=0x000001e407c9fee4 method=java.util.AbstractCollection.toArray([Ljava/lang/Object;)[Ljava/lang/Object; @ 116 c2
Event: 9.188 Thread 0x000001e476a3f4a0 DEOPT PACKING pc=0x000001e407c9fee4 sp=0x0000001a28dfc540
Event: 9.188 Thread 0x000001e476a3f4a0 DEOPT UNPACKING pc=0x000001e40004e42f sp=0x0000001a28dfc4e0 mode 2
Event: 10.820 Thread 0x000001e476a3f4a0 Uncommon trap: trap_request=0xffffffde fr.pc=0x000001e407c9de40 relative=0x0000000000000ea0
Event: 10.820 Thread 0x000001e476a3f4a0 Uncommon trap: reason=class_check action=maybe_recompile pc=0x000001e407c9de40 method=java.util.Properties$LineReader.readLine()I @ 479 c2
Event: 10.820 Thread 0x000001e476a3f4a0 DEOPT PACKING pc=0x000001e407c9de40 sp=0x0000001a28dfb970
Event: 10.820 Thread 0x000001e476a3f4a0 DEOPT UNPACKING pc=0x000001e40004e42f sp=0x0000001a28dfb8c8 mode 2
Event: 11.049 Thread 0x000001e476a3f4a0 DEOPT PACKING pc=0x000001e407c4219c sp=0x0000001a28df8530
Event: 11.049 Thread 0x000001e476a3f4a0 DEOPT UNPACKING pc=0x000001e40004e23f sp=0x0000001a28df7a98 mode 0
Event: 11.101 Thread 0x000001e476a3f4a0 Uncommon trap: trap_request=0xffffff45 fr.pc=0x000001e407bbbfdc relative=0x0000000000001b7c
Event: 11.101 Thread 0x000001e476a3f4a0 Uncommon trap: reason=unstable_if action=reinterpret pc=0x000001e407bbbfdc method=java.io.WinNTFileSystem.isLetter(C)Z @ 3 c2
Event: 11.101 Thread 0x000001e476a3f4a0 DEOPT PACKING pc=0x000001e407bbbfdc sp=0x0000001a28dfc8f0
Event: 11.101 Thread 0x000001e476a3f4a0 DEOPT UNPACKING pc=0x000001e40004e42f sp=0x0000001a28dfc7e0 mode 2

Classes unloaded (0 events):
No events

Classes redefined (0 events):
No events

Internal exceptions (20 events):
Event: 4.943 Thread 0x000001e476a3f4a0 Exception <a 'java/lang/ClassNotFoundException'{0x0000000088c97598}: java/lang/ObjectCustomizer> (0x0000000088c97598) 
thrown [./open/src/hotspot/share/classfile/systemDictionary.cpp, line 295]
Event: 4.949 Thread 0x000001e476a3f4a0 Exception <a 'java/lang/ClassNotFoundException'{0x0000000088c9e1b0}: org/springframework/transaction/annotation/AbstractTransactionManagementConfigurationCustomizer> (0x0000000088c9e1b0) 
thrown [./open/src/hotspot/share/classfile/systemDictionary.cpp, line 295]
Event: 4.953 Thread 0x000001e476a3f4a0 Exception <a 'java/lang/ClassNotFoundException'{0x0000000088ca3e00}: org/springframework/transaction/annotation/ProxyTransactionManagementConfigurationCustomizer> (0x0000000088ca3e00) 
thrown [./open/src/hotspot/share/classfile/systemDictionary.cpp, line 295]
Event: 4.957 Thread 0x000001e476a3f4a0 Exception <a 'java/lang/ClassNotFoundException'{0x0000000088caad98}: org/springframework/context/annotation/ImportAwareCustomizer> (0x0000000088caad98) 
thrown [./open/src/hotspot/share/classfile/systemDictionary.cpp, line 295]
Event: 4.961 Thread 0x000001e476a3f4a0 Exception <a 'java/lang/ClassNotFoundException'{0x0000000088caf108}: org/springframework/beans/factory/AwareCustomizer> (0x0000000088caf108) 
thrown [./open/src/hotspot/share/classfile/systemDictionary.cpp, line 295]
Event: 5.353 Thread 0x000001e476a3f4a0 Exception <a 'java/lang/NoSuchMethodError'{0x0000000083c25f10}: 'int java.lang.invoke.DirectMethodHandle$Holder.invokeSpecial(java.lang.Object, java.lang.Object, java.lang.Object, java.lang.Object, java.lang.Object)'> (0x0000000083c25f10) 
thrown [./open/src/hotspot/share/interpreter/linkResolver.cpp, line 782]
Event: 5.396 Thread 0x000001e476a3f4a0 Exception <a 'java/lang/NoSuchMethodError'{0x0000000083c2df48}: 'void java.lang.invoke.DirectMethodHandle$Holder.invokeInterface(java.lang.Object, java.lang.Object, java.lang.Object)'> (0x0000000083c2df48) 
thrown [./open/src/hotspot/share/interpreter/linkResolver.cpp, line 782]
Event: 5.595 Thread 0x000001e476a3f4a0 Exception <a 'java/lang/NoSuchMethodError'{0x0000000083bdf658}: 'java.lang.Object java.lang.invoke.DirectMethodHandle$Holder.invokeStatic(java.lang.Object, java.lang.Object, int)'> (0x0000000083bdf658) 
thrown [./open/src/hotspot/share/interpreter/linkResolver.cpp, line 782]
Event: 5.598 Thread 0x000001e476a3f4a0 Exception <a 'java/lang/NoSuchMethodError'{0x0000000083beb400}: 'void java.lang.invoke.DelegatingMethodHandle$Holder.delegate(java.lang.Object, java.lang.Object, int, java.lang.Object)'> (0x0000000083beb400) 
thrown [./open/src/hotspot/share/interpreter/linkResolver.cpp, line 782]
Event: 5.835 Thread 0x000001e476a3f4a0 Exception <a 'java/lang/NoSuchMethodError'{0x0000000083901ae0}: 'void java.lang.invoke.DirectMethodHandle$Holder.invokeInterface(java.lang.Object, java.lang.Object, int)'> (0x0000000083901ae0) 
thrown [./open/src/hotspot/share/interpreter/linkResolver.cpp, line 782]
Event: 5.857 Thread 0x000001e476a3f4a0 Exception <a 'java/lang/IncompatibleClassChangeError'{0x0000000083957958}: Found class java.lang.Object, but interface was expected> (0x0000000083957958) 
thrown [./open/src/hotspot/share/interpreter/linkResolver.cpp, line 848]
Event: 5.874 Thread 0x000001e476a3f4a0 Exception <a 'java/lang/NoSuchMethodError'{0x000000008395d1a8}: 'void java.lang.invoke.DirectMethodHandle$Holder.invokeStatic(java.lang.Object, int, java.lang.Object)'> (0x000000008395d1a8) 
thrown [./open/src/hotspot/share/interpreter/linkResolver.cpp, line 782]
Event: 5.903 Thread 0x000001e476a3f4a0 Exception <a 'java/lang/NoSuchMethodError'{0x000000008398dda8}: 'int java.lang.invoke.DirectMethodHandle$Holder.invokeSpecial(java.lang.Object, java.lang.Object, int)'> (0x000000008398dda8) 
thrown [./open/src/hotspot/share/interpreter/linkResolver.cpp, line 782]
Event: 7.469 Thread 0x000001e476a3f4a0 Exception <a 'java/lang/NoSuchMethodError'{0x00000000835b9ee0}: 'java.lang.Object java.lang.invoke.DirectMethodHandle$Holder.invokeStaticInit(java.lang.Object, int, int, int, int)'> (0x00000000835b9ee0) 
thrown [./open/src/hotspot/share/interpreter/linkResolver.cpp, line 782]
Event: 8.095 Thread 0x000001e476a3f4a0 Exception <a 'java/lang/NoSuchMethodError'{0x0000000083445858}: 'java.lang.Object java.lang.invoke.DirectMethodHandle$Holder.invokeStaticInit(java.lang.Object, java.lang.Object, int, int, int, int)'> (0x0000000083445858) 
thrown [./open/src/hotspot/share/interpreter/linkResolver.cpp, line 782]
Event: 8.659 Thread 0x000001e476a3f4a0 Implicit null exception at 0x000001e407bc11a0 to 0x000001e407bc353c
Event: 8.885 Thread 0x000001e476a3f4a0 Exception <a 'java/io/FileNotFoundException'{0x0000000088a470a8}> (0x0000000088a470a8) 
thrown [./open/src/hotspot/share/prims/jni.cpp, line 578]
Event: 8.949 Thread 0x000001e476a3f4a0 Exception <a 'java/lang/NoSuchMethodError'{0x00000000889ee438}: 'int java.lang.invoke.DirectMethodHandle$Holder.invokeInterface(java.lang.Object, java.lang.Object, java.lang.Object, java.lang.Object)'> (0x00000000889ee438) 
thrown [./open/src/hotspot/share/interpreter/linkResolver.cpp, line 782]
Event: 9.093 Thread 0x000001e476a3f4a0 Exception <a 'java/io/FileNotFoundException'{0x00000000887a3b00}> (0x00000000887a3b00) 
thrown [./open/src/hotspot/share/prims/jni.cpp, line 578]
Event: 9.156 Thread 0x000001e476a3f4a0 Exception <a 'java/lang/NoSuchMethodError'{0x0000000088527f60}: 'void java.lang.invoke.DirectMethodHandle$Holder.invokeVirtual(java.lang.Object, java.lang.Object, java.lang.Object, java.lang.Object)'> (0x0000000088527f60) 
thrown [./open/src/hotspot/share/interpreter/linkResolver.cpp, line 782]

Events (20 events):
Event: 11.098 loading class java/nio/channels/AsynchronousFileChannel done
Event: 11.137 loading class java/text/MessageFormat$Field
Event: 11.138 loading class java/text/MessageFormat$Field done
Event: 11.143 Thread 0x000001e419113c80 Thread added: 0x000001e419113c80
Event: 11.156 loading class java/util/concurrent/atomic/AtomicReferenceArray
Event: 11.156 loading class java/util/concurrent/atomic/AtomicReferenceArray done
Event: 11.186 loading class java/util/concurrent/locks/ReentrantLock$FairSync
Event: 11.186 loading class java/util/concurrent/locks/ReentrantLock$FairSync done
Event: 11.187 Executing VM operation: HandshakeAllThreads
Event: 11.187 Executing VM operation: HandshakeAllThreads done
Event: 11.188 loading class java/util/concurrent/PriorityBlockingQueue
Event: 11.188 loading class java/util/concurrent/PriorityBlockingQueue done
Event: 11.202 loading class java/util/concurrent/atomic/AtomicLongFieldUpdater
Event: 11.202 loading class java/util/concurrent/atomic/AtomicLongFieldUpdater done
Event: 11.202 loading class java/util/concurrent/atomic/AtomicLongFieldUpdater$CASUpdater
Event: 11.202 loading class java/util/concurrent/atomic/AtomicLongFieldUpdater$CASUpdater done
Event: 11.202 loading class java/util/concurrent/atomic/AtomicLongFieldUpdater$CASUpdater$1
Event: 11.202 loading class java/util/concurrent/atomic/AtomicLongFieldUpdater$CASUpdater$1 done
Event: 11.214 Executing VM operation: HandshakeAllThreads
Event: 11.214 Executing VM operation: HandshakeAllThreads done


Dynamic libraries:
0x00007ff649e10000 - 0x00007ff649e1f000 	C:\Program Files\Java\jdk-15.0.2\bin\java.exe
0x00007ffb40a90000 - 0x00007ffb40c86000 	C:\WINDOWS\SYSTEM32\ntdll.dll
0x00007ffb40560000 - 0x00007ffb4061d000 	C:\WINDOWS\System32\KERNEL32.DLL
0x00007ffb3e610000 - 0x00007ffb3e8d9000 	C:\WINDOWS\System32\KERNELBASE.dll
0x00007ffb3e1d0000 - 0x00007ffb3e2d0000 	C:\WINDOWS\System32\ucrtbase.dll
0x00007ffb28250000 - 0x00007ffb28269000 	C:\Program Files\Java\jdk-15.0.2\bin\VCRUNTIME140.dll
0x00007ffb32f60000 - 0x00007ffb32f78000 	C:\Program Files\Java\jdk-15.0.2\bin\jli.dll
0x00007ffb40260000 - 0x00007ffb4030c000 	C:\WINDOWS\System32\ADVAPI32.dll
0x00007ffb3f790000 - 0x00007ffb3f82e000 	C:\WINDOWS\System32\msvcrt.dll
0x00007ffb40000000 - 0x00007ffb4009c000 	C:\WINDOWS\System32\sechost.dll
0x00007ffb3eb20000 - 0x00007ffb3ec4b000 	C:\WINDOWS\System32\RPCRT4.dll
0x00007ffb406e0000 - 0x00007ffb40880000 	C:\WINDOWS\System32\USER32.dll
0x00007ffb3e500000 - 0x00007ffb3e522000 	C:\WINDOWS\System32\win32u.dll
0x00007ffb40a20000 - 0x00007ffb40a4a000 	C:\WINDOWS\System32\GDI32.dll
0x00007ffb25b10000 - 0x00007ffb25dab000 	C:\WINDOWS\WinSxS\amd64_microsoft.windows.common-controls_6595b64144ccf1df_6.0.19041.746_none_ca02b4b61b8320a4\COMCTL32.dll
0x00007ffb3e3f0000 - 0x00007ffb3e4fb000 	C:\WINDOWS\System32\gdi32full.dll
0x00007ffb3e350000 - 0x00007ffb3e3ed000 	C:\WINDOWS\System32\msvcp_win.dll
0x00007ffb3cff0000 - 0x00007ffb3cffa000 	C:\WINDOWS\SYSTEM32\VERSION.dll
0x00007ffb3eaf0000 - 0x00007ffb3eb20000 	C:\WINDOWS\System32\IMM32.DLL
0x00007ffb32320000 - 0x00007ffb3232c000 	C:\Program Files\Java\jdk-15.0.2\bin\vcruntime140_1.dll
0x00007ffb0a180000 - 0x00007ffb0a211000 	C:\Program Files\Java\jdk-15.0.2\bin\msvcp140.dll
0x00007ffaf45a0000 - 0x00007ffaf50fe000 	C:\Program Files\Java\jdk-15.0.2\bin\server\jvm.dll
0x00007ffb3f780000 - 0x00007ffb3f788000 	C:\WINDOWS\System32\PSAPI.DLL
0x00007ffb1f9c0000 - 0x00007ffb1f9c9000 	C:\WINDOWS\SYSTEM32\WSOCK32.dll
0x00007ffb26900000 - 0x00007ffb26927000 	C:\WINDOWS\SYSTEM32\WINMM.dll
0x00007ffb3f710000 - 0x00007ffb3f77b000 	C:\WINDOWS\System32\WS2_32.dll
0x00007ffb3c290000 - 0x00007ffb3c2a2000 	C:\WINDOWS\SYSTEM32\kernel.appcore.dll
0x00007ffb31eb0000 - 0x00007ffb31eba000 	C:\Program Files\Java\jdk-15.0.2\bin\jimage.dll
0x00007ffb37e00000 - 0x00007ffb37fe4000 	C:\WINDOWS\SYSTEM32\DBGHELP.DLL
0x00007ffb31010000 - 0x00007ffb3103c000 	C:\WINDOWS\SYSTEM32\dbgcore.DLL
0x00007ffb3e2d0000 - 0x00007ffb3e350000 	C:\WINDOWS\System32\bcryptPrimitives.dll
0x00007ffb27170000 - 0x00007ffb27195000 	C:\Program Files\Java\jdk-15.0.2\bin\java.dll
0x00007ffb3efc0000 - 0x00007ffb3f702000 	C:\WINDOWS\System32\SHELL32.dll
0x00007ffb3c7d0000 - 0x00007ffb3cf60000 	C:\WINDOWS\SYSTEM32\windows.storage.dll
0x00007ffb3fca0000 - 0x00007ffb3fff6000 	C:\WINDOWS\System32\combase.dll
0x00007ffb3dc30000 - 0x00007ffb3dc5c000 	C:\WINDOWS\SYSTEM32\Wldp.dll
0x00007ffb40620000 - 0x00007ffb406ce000 	C:\WINDOWS\System32\SHCORE.dll
0x00007ffb40500000 - 0x00007ffb40555000 	C:\WINDOWS\System32\shlwapi.dll
0x00007ffb3e100000 - 0x00007ffb3e126000 	C:\WINDOWS\SYSTEM32\profapi.dll
0x00007ffb22450000 - 0x00007ffb22469000 	C:\Program Files\Java\jdk-15.0.2\bin\net.dll
0x00007ffb2add0000 - 0x00007ffb2aed0000 	C:\WINDOWS\SYSTEM32\WINHTTP.dll
0x00007ffb3d940000 - 0x00007ffb3d9aa000 	C:\WINDOWS\system32\mswsock.dll
0x00007ffb22430000 - 0x00007ffb22442000 	C:\Program Files\Java\jdk-15.0.2\bin\nio.dll
0x00007ffb14a10000 - 0x00007ffb14a28000 	C:\Program Files\Java\jdk-15.0.2\bin\zip.dll
0x00007ffb31dd0000 - 0x00007ffb31de0000 	C:\Program Files\Java\jdk-15.0.2\bin\verify.dll
0x00007ffb344d0000 - 0x00007ffb344d9000 	C:\Program Files\Java\jdk-15.0.2\bin\management.dll
0x00007ffb341d0000 - 0x00007ffb341db000 	C:\Program Files\Java\jdk-15.0.2\bin\management_ext.dll
0x00007ffb2af50000 - 0x00007ffb2af67000 	C:\WINDOWS\system32\napinsp.dll
0x00007ffb2b2b0000 - 0x00007ffb2b2cb000 	C:\WINDOWS\system32\pnrpnsp.dll
0x00007ffb356d0000 - 0x00007ffb356e5000 	C:\WINDOWS\system32\wshbth.dll
0x00007ffb31960000 - 0x00007ffb3197d000 	C:\WINDOWS\system32\NLAapi.dll
0x00007ffb3d5d0000 - 0x00007ffb3d60b000 	C:\WINDOWS\SYSTEM32\IPHLPAPI.DLL
0x00007ffb3d610000 - 0x00007ffb3d6db000 	C:\WINDOWS\SYSTEM32\DNSAPI.dll
0x00007ffb406d0000 - 0x00007ffb406d8000 	C:\WINDOWS\System32\NSI.dll
0x00007ffb2afd0000 - 0x00007ffb2afe2000 	C:\WINDOWS\System32\winrnr.dll
0x00007ffb30b70000 - 0x00007ffb30b7a000 	C:\Windows\System32\rasadhlp.dll
0x00007ffb354c0000 - 0x00007ffb3553f000 	C:\WINDOWS\System32\fwpuclnt.dll
0x00007ffb3e530000 - 0x00007ffb3e557000 	C:\WINDOWS\System32\bcrypt.dll
0x00007ffb3db90000 - 0x00007ffb3dba8000 	C:\WINDOWS\SYSTEM32\CRYPTSP.dll
0x00007ffb3d280000 - 0x00007ffb3d2b4000 	C:\WINDOWS\system32\rsaenh.dll
0x00007ffb3e0c0000 - 0x00007ffb3e0ee000 	C:\WINDOWS\SYSTEM32\USERENV.dll
0x00007ffb3db80000 - 0x00007ffb3db8c000 	C:\WINDOWS\SYSTEM32\CRYPTBASE.dll
0x00007ffb354a0000 - 0x00007ffb354b7000 	C:\WINDOWS\SYSTEM32\dhcpcsvc6.DLL
0x00007ffb35480000 - 0x00007ffb3549d000 	C:\WINDOWS\SYSTEM32\dhcpcsvc.DLL

dbghelp: loaded successfully - version: 4.0.5 - missing functions: none
symbol engine: initialized successfully - sym options: 0x614 - pdb path: .;C:\Program Files\Java\jdk-15.0.2\bin;C:\WINDOWS\SYSTEM32;C:\WINDOWS\WinSxS\amd64_microsoft.windows.common-controls_6595b64144ccf1df_6.0.19041.746_none_ca02b4b61b8320a4;C:\Program Files\Java\jdk-15.0.2\bin\server

VM Arguments:
java_command: com.example.demo.DemoApplication
java_class_path (initial): C:\UTH\Avanzada II\Segundo Parcial\Nueva carpeta\demo2\target\classes;C:\Users\jlang\.m2\repository\org\springframework\boot\spring-boot-starter-data-jpa\2.3.9.RELEASE\spring-boot-starter-data-jpa-2.3.9.RELEASE.jar;C:\Users\jlang\.m2\repository\org\springframework\boot\spring-boot-starter-aop\2.3.9.RELEASE\spring-boot-starter-aop-2.3.9.RELEASE.jar;C:\Users\jlang\.m2\repository\org\springframework\spring-aop\5.2.13.RELEASE\spring-aop-5.2.13.RELEASE.jar;C:\Users\jlang\.m2\repository\org\aspectj\aspectjweaver\1.9.6\aspectjweaver-1.9.6.jar;C:\Users\jlang\.m2\repository\org\springframework\boot\spring-boot-starter-jdbc\2.3.9.RELEASE\spring-boot-starter-jdbc-2.3.9.RELEASE.jar;C:\Users\jlang\.m2\repository\com\zaxxer\HikariCP\3.4.5\HikariCP-3.4.5.jar;C:\Users\jlang\.m2\repository\org\springframework\spring-jdbc\5.2.13.RELEASE\spring-jdbc-5.2.13.RELEASE.jar;C:\Users\jlang\.m2\repository\jakarta\transaction\jakarta.transaction-api\1.3.3\jakarta.transaction-api-1.3.3.jar;C:\Users\jlang\.m2\repository\jakarta\persistence\jakarta.persistence-api\2.2.3\jakarta.persistence-api-2.2.3.jar;C:\Users\jlang\.m2\repository\org\hibernate\hibernate-core\5.4.28.Final\hibernate-core-5.4.28.Final.jar;C:\Users\jlang\.m2\repository\org\jboss\logging\jboss-logging\3.4.1.Final\jboss-logging-3.4.1.Final.jar;C:\Users\jlang\.m2\repository\org\javassist\javassist\3.27.0-GA\javassist-3.27.0-GA.jar;C:\Users\jlang\.m2\repository\net\bytebuddy\byte-buddy\1.10.20\byte-buddy-1.10.20.jar;C:\Users\jlang\.m2\repository\antlr\antlr\2.7.7\antlr-2.7.7.jar;C:\Users\jlang\.m2\repository\org\jboss\jandex\2.2.3.Final\jandex-2.2.3.Final.jar;C:\Users\jlang\.m2\repository\com\fasterxml\classmate\1.5.1\classmate-1.5.1.jar;C:\Users\jlang\.m2\repository\org\dom4j\dom4j\2.1.3\dom4j-2.1.3.jar;C:\Users\jlang\.m2\repository\org\hibernate\common\hibernate-commons-annotations\5.1.2.Final\hibernate-commons-annotations-5.1.2.Final.jar;C:\Users\jlang\.m2\repository\org\glassfish\jaxb\jaxb-runtime\2.3.
Launcher Type: SUN_STANDARD

[Global flags]
     intx CICompilerCount                          = 3                                         {product} {ergonomic}
     uint ConcGCThreads                            = 1                                         {product} {ergonomic}
     uint G1ConcRefinementThreads                  = 4                                         {product} {ergonomic}
   size_t G1HeapRegionSize                         = 1048576                                   {product} {ergonomic}
    uintx GCDrainStackTargetSize                   = 64                                        {product} {ergonomic}
   size_t InitialHeapSize                          = 134217728                                 {product} {ergonomic}
   size_t MarkStackSize                            = 4194304                                   {product} {ergonomic}
   size_t MaxHeapSize                              = 2122317824                                {product} {ergonomic}
   size_t MaxNewSize                               = 1272971264                                {product} {ergonomic}
   size_t MinHeapDeltaBytes                        = 1048576                                   {product} {ergonomic}
   size_t MinHeapSize                              = 8388608                                   {product} {ergonomic}
    uintx NonNMethodCodeHeapSize                   = 5832780                                {pd product} {ergonomic}
    uintx NonProfiledCodeHeapSize                  = 122912730                              {pd product} {ergonomic}
    uintx ProfiledCodeHeapSize                     = 122912730                              {pd product} {ergonomic}
    uintx ReservedCodeCacheSize                    = 251658240                              {pd product} {ergonomic}
     bool SegmentedCodeCache                       = true                                      {product} {ergonomic}
   size_t SoftMaxHeapSize                          = 2122317824                             {manageable} {ergonomic}
     bool UseCompressedClassPointers               = true                                 {lp64_product} {ergonomic}
     bool UseCompressedOops                        = true                                 {lp64_product} {ergonomic}
     bool UseG1GC                                  = true                                      {product} {ergonomic}
     bool UseLargePagesIndividualAllocation        = false                                  {pd product} {ergonomic}

Logging:
Log output configuration:
 #0: stdout all=warning uptime,level,tags
 #1: stderr all=off uptime,level,tags

Environment Variables:
JAVA_HOME=C:\Program Files\Java\jdk-15.0.2
CLASSPATH=.;.;.;C:\PROGRA~2\JMF21~1.1E\lib\sound.jar;C:\PROGRA~2\JMF21~1.1E\lib\jmf.jar;C:\PROGRA~2\JMF21~1.1E\lib;
PATH=C:\Program Files\Common Files\Oracle\Java\javapath;C:\Program Files (x86)\Common Files\Oracle\Java\javapath;C:\app\UAP_TIC\product\11.2.0\client_2;C:\app\UAP_TIC\product\11.2.0\client_1\bin;C:\WINDOWS\system32;C:\WINDOWS;C:\WINDOWS\System32\Wbem;C:\WINDOWS\System32\WindowsPowerShell\v1.0\;C:\Program Files (x86)\Sybase\Shared\PowerBuilder\;c:\Program Files\Microsoft SQL Server\110\Tools\Binn\;c:\Program Files (x86)\Microsoft SQL Server\110\Tools\Binn\;c:\Program Files\Microsoft SQL Server\110\DTS\Binn\;c:\Program Files (x86)\Microsoft SQL Server\110\Tools\Binn\ManagementStudio\;c:\Program Files (x86)\Microsoft SQL Server\110\DTS\Binn\;C:\WINDOWS\System32\OpenSSH\;C:\DXC\xHIS;C:\Program Files (x86)\Intel\Intel(R) Management Engine Components\DAL;C:\Program Files\Intel\Intel(R) Management Engine Components\DAL;C:\cschealthcare\PATWIN\;C:\Program Files\PuTTY\;C:\Program Files (x86)\Brackets\command;C:\Users\jlang\AppData\Local\Microsoft\WindowsApps;C:\Users\jlang\AppData\Local\Programs\Microsoft VS Code\bin;C:\Users\jlang\AppData\Local\gitkraken\bin;C:\Users\jlang\AppData\Local\GitHubDesktop\bin;%USERPROFILE%\AppData\Local\Microsoft\WindowsApps;C:\Program Files (x86)\EaseUS\Todo Backup\bin\x64\
USERNAME=jlang
OS=Windows_NT
PROCESSOR_IDENTIFIER=Intel64 Family 6 Model 142 Stepping 9, GenuineIntel



---------------  S Y S T E M  ---------------

OS:
 Windows 10 , 64 bit Build 19041 (10.0.19041.804)
OS uptime: 1 days 10:23 hours

CPU: total 4 (initial active 4) (2 cores per cpu, 2 threads per core) family 6 model 142 stepping 9 microcode 0xb4, cmov, cx8, fxsr, mmx, sse, sse2, sse3, ssse3, sse4.1, sse4.2, popcnt, vzeroupper, avx, avx2, aes, clmul, erms, 3dnowpref, lzcnt, ht, tsc, tscinvbit, bmi1, bmi2, adx, fma, clflush, clflushopt

Memory: 4k page, system-wide physical 8089M (679M free)
TotalPageFile size 10879M (AvailPageFile size 1M)
current process WorkingSet (physical memory assigned to process): 143M, peak: 185M
current process commit charge ("private bytes"): 176M, peak: 287M

vm_info: Java HotSpot(TM) 64-Bit Server VM (15.0.2+7-27) for windows-amd64 JRE (15.0.2+7-27), built on Dec  7 2020 20:07:01 by "mach5one" with unknown MS VC++:1925

END.
