#
# There is insufficient memory for the Java Runtime Environment to continue.
# Native memory allocation (malloc) failed to allocate 1177360 bytes for Chunk::new
# Possible reasons:
#   The system is out of physical RAM or swap space
#   The process is running with CompressedOops enabled, and the Java Heap may be blocking the growth of the native heap
# Possible solutions:
#   Reduce memory load on the system
#   Increase physical memory or swap space
#   Check if swap backing store is full
#   Decrease Java heap size (-Xmx/-Xms)
#   Decrease number of Java threads
#   Decrease Java thread stack sizes (-Xss)
#   Set larger code cache with -XX:ReservedCodeCacheSize=
#   JVM is running with Unscaled Compressed Oops mode in which the Java heap is
#     placed in the first 4GB address space. The Java Heap base address is the
#     maximum limit for the native heap growth. Please use -XX:HeapBaseMinAddress
#     to set the Java Heap base and to place the Java Heap above 4GB virtual address.
# This output file may be truncated or incomplete.
#
#  Out of Memory Error (./open/src/hotspot/share/memory/arena.cpp:195), pid=17716, tid=12588
#
# JRE version: Java(TM) SE Runtime Environment (15.0.2+7) (build 15.0.2+7-27)
# Java VM: Java HotSpot(TM) 64-Bit Server VM (15.0.2+7-27, mixed mode, sharing, tiered, compressed oops, g1 gc, windows-amd64)
# No core dump will be written. Minidumps are not enabled by default on client versions of Windows
#

---------------  S U M M A R Y ------------

Command Line: -Dclassworlds.conf=C:\Program Files\NetBeans-12.2\netbeans\java\maven\bin\..\bin\m2.conf -Dmaven.home=C:\Program Files\NetBeans-12.2\netbeans\java\maven\bin\.. -Dlibrary.jansi.path=C:\Program Files\NetBeans-12.2\netbeans\java\maven\bin\..\lib\jansi-native -Dmaven.multiModuleProjectDirectory=C:\UTH\Avanzada II\Segundo Parcial\Nueva carpeta\demo2 org.codehaus.plexus.classworlds.launcher.Launcher -Dexec.args=-classpath %classpath com.example.demo.DemoApplication -Dexec.executable=C:\Program Files\Java\jdk-15.0.2\bin\java.exe -Dmaven.ext.class.path=C:\Program Files\NetBeans-12.2\netbeans\java\maven-nblib\netbeans-eventspy.jar -Dfile.encoding=UTF-8 org.codehaus.mojo:exec-maven-plugin:3.0.0:exec

Host: Intel(R) Core(TM) i5-7200U CPU @ 2.50GHz, 4 cores, 7G,  Windows 10 , 64 bit Build 19041 (10.0.19041.804)
Time: Fri Mar 19 20:22:43 2021 Hora estándar, América Central elapsed time: 5.672130 seconds (0d 0h 0m 5s)

---------------  T H R E A D  ---------------

Current thread (0x000001fc6bad0210):  JavaThread "C2 CompilerThread0" daemon [_thread_in_native, id=12588, stack(0x000000f273b00000,0x000000f273c00000)]


Current CompileTask:
C2:   5672 3564   !   4       java.net.URL::<init> (543 bytes)

Stack: [0x000000f273b00000,0x000000f273c00000]
Native frames: (J=compiled Java code, j=interpreted, Vv=VM code, C=native code)
V  [jvm.dll+0x62ae9a]
V  [jvm.dll+0x7817a9]
V  [jvm.dll+0x782f03]
V  [jvm.dll+0x783563]
V  [jvm.dll+0x216325]
V  [jvm.dll+0x97f3a]
V  [jvm.dll+0x9861c]
V  [jvm.dll+0x32e305]
V  [jvm.dll+0x18e3b1]
V  [jvm.dll+0x1ea822]
V  [jvm.dll+0x1e996e]
V  [jvm.dll+0x178567]
V  [jvm.dll+0x1f9225]
V  [jvm.dll+0x1f72cc]
V  [jvm.dll+0x74495d]
V  [jvm.dll+0x73d75a]
V  [jvm.dll+0x629c56]
C  [ucrtbase.dll+0x21bb2]
C  [KERNEL32.DLL+0x17034]
C  [ntdll.dll+0x4d241]


---------------  P R O C E S S  ---------------

Threads class SMR info:
_java_thread_list=0x000001fc6db1f9c0, length=13, elements={
0x000001fc4d84aa90, 0x000001fc6baab6c0, 0x000001fc6baac290, 0x000001fc6bac5690,
0x000001fc6bac8060, 0x000001fc6bacbf30, 0x000001fc6bad0210, 0x000001fc6bad0db0,
0x000001fc6badf810, 0x000001fc6c530650, 0x000001fc6c534290, 0x000001fc6d385770,
0x000001fc6da38e00
}

Java Threads: ( => current thread )
  0x000001fc4d84aa90 JavaThread "main" [_thread_blocked, id=11776, stack(0x000000f272f00000,0x000000f273000000)]
  0x000001fc6baab6c0 JavaThread "Reference Handler" daemon [_thread_blocked, id=1284, stack(0x000000f273600000,0x000000f273700000)]
  0x000001fc6baac290 JavaThread "Finalizer" daemon [_thread_blocked, id=2336, stack(0x000000f273700000,0x000000f273800000)]
  0x000001fc6bac5690 JavaThread "Signal Dispatcher" daemon [_thread_blocked, id=17176, stack(0x000000f273800000,0x000000f273900000)]
  0x000001fc6bac8060 JavaThread "Attach Listener" daemon [_thread_blocked, id=7240, stack(0x000000f273900000,0x000000f273a00000)]
  0x000001fc6bacbf30 JavaThread "Service Thread" daemon [_thread_blocked, id=13484, stack(0x000000f273a00000,0x000000f273b00000)]
=>0x000001fc6bad0210 JavaThread "C2 CompilerThread0" daemon [_thread_in_native, id=12588, stack(0x000000f273b00000,0x000000f273c00000)]
  0x000001fc6bad0db0 JavaThread "C1 CompilerThread0" daemon [_thread_blocked, id=18756, stack(0x000000f273c00000,0x000000f273d00000)]
  0x000001fc6badf810 JavaThread "Sweeper thread" daemon [_thread_blocked, id=1668, stack(0x000000f273d00000,0x000000f273e00000)]
  0x000001fc6c530650 JavaThread "Notification Thread" daemon [_thread_blocked, id=18724, stack(0x000000f273e00000,0x000000f273f00000)]
  0x000001fc6c534290 JavaThread "Common-Cleaner" daemon [_thread_blocked, id=15216, stack(0x000000f274000000,0x000000f274100000)]
  0x000001fc6d385770 JavaThread "C2 CompilerThread1" daemon [_thread_blocked, id=9572, stack(0x000000f274100000,0x000000f274200000)]
  0x000001fc6da38e00 JavaThread "Exec Input Stream Pumper" daemon [_thread_blocked, id=17820, stack(0x000000f274600000,0x000000f274700000)]

Other Threads:
  0x000001fc6baa7e30 VMThread "VM Thread" [stack: 0x000000f273500000,0x000000f273600000] [id=9784]
  0x000001fc6c533350 WatcherThread [stack: 0x000000f273f00000,0x000000f274000000] [id=10868]
  0x000001fc4d885d60 GCTaskThread "GC Thread#0" [stack: 0x000000f273000000,0x000000f273100000] [id=15304]
  0x000001fc6c88c770 GCTaskThread "GC Thread#1" [stack: 0x000000f274200000,0x000000f274300000] [id=1512]
  0x000001fc6c8897a0 GCTaskThread "GC Thread#2" [stack: 0x000000f274300000,0x000000f274400000] [id=14860]
  0x000001fc4d896bb0 ConcurrentGCThread "G1 Main Marker" [stack: 0x000000f273100000,0x000000f273200000] [id=12412]
  0x000001fc4d897f40 ConcurrentGCThread "G1 Conc#0" [stack: 0x000000f273200000,0x000000f273300000] [id=14388]
  0x000001fc4d9189e0 ConcurrentGCThread "G1 Refine#0" [stack: 0x000000f273300000,0x000000f273400000] [id=9900]
  0x000001fc4d9195e0 ConcurrentGCThread "G1 Young RemSet Sampling" [stack: 0x000000f273400000,0x000000f273500000] [id=1308]

Threads with active compile tasks:
C2 CompilerThread0     5709 3564   !   4       java.net.URL::<init> (543 bytes)

VM state: not at safepoint (normal execution)

VM Mutex/Monitor currently owned by a thread: None

Heap address: 0x0000000081800000, size: 2024 MB, Compressed Oops mode: 32-bit
CDS archive(s) mapped at: [0x0000000800000000-0x0000000800b50000-0x0000000800b50000), size 11862016, SharedBaseAddress: 0x0000000800000000, ArchiveRelocationMode: 0.
Compressed class space mapped at: 0x0000000800b50000-0x0000000840b50000, size: 1073741824
Narrow klass base: 0x0000000800000000, Narrow klass shift: 3, Narrow klass range: 0x100000000

GC Precious Log:
 CPUs: 4 total, 4 available
 Memory: 8089M
 Large Page Support: Disabled
 NUMA Support: Disabled
 Compressed Oops: Enabled (32-bit)
 Heap Region Size: 1M
 Heap Min Capacity: 8M
 Heap Initial Capacity: 128M
 Heap Max Capacity: 2024M
 Pre-touch: Disabled
 Parallel Workers: 4
 Concurrent Workers: 1
 Concurrent Refinement Workers: 4
 Periodic GC: Disabled

Heap:
 garbage-first heap   total 131072K, used 32009K [0x0000000081800000, 0x0000000100000000)
  region size 1024K, 30 young (30720K), 8 survivors (8192K)
 Metaspace       used 15022K, capacity 16189K, committed 16512K, reserved 1064960K
  class space    used 1636K, capacity 1846K, committed 1920K, reserved 1048576K

Heap Regions: E=young(eden), S=young(survivor), O=old, HS=humongous(starts), HC=humongous(continues), CS=collection set, F=free, OA=open archive, CA=closed archive, TAMS=top-at-mark-start (previous, next)
|   0|0x0000000081800000, 0x0000000081900000, 0x0000000081900000|100%| O|  |TAMS 0x0000000081800000, 0x0000000081800000| Untracked 
|   1|0x0000000081900000, 0x0000000081a00000, 0x0000000081a00000|100%| O|  |TAMS 0x0000000081900000, 0x0000000081900000| Untracked 
|   2|0x0000000081a00000, 0x0000000081b00000, 0x0000000081b00000|100%| O|  |TAMS 0x0000000081a00000, 0x0000000081a00000| Untracked 
|   3|0x0000000081b00000, 0x0000000081b10000, 0x0000000081c00000|  6%| O|  |TAMS 0x0000000081b00000, 0x0000000081b00000| Untracked 
|   4|0x0000000081c00000, 0x0000000081c00000, 0x0000000081d00000|  0%| F|  |TAMS 0x0000000081c00000, 0x0000000081c00000| Untracked 
|   5|0x0000000081d00000, 0x0000000081d00000, 0x0000000081e00000|  0%| F|  |TAMS 0x0000000081d00000, 0x0000000081d00000| Untracked 
|   6|0x0000000081e00000, 0x0000000081e00000, 0x0000000081f00000|  0%| F|  |TAMS 0x0000000081e00000, 0x0000000081e00000| Untracked 
|   7|0x0000000081f00000, 0x0000000081f00000, 0x0000000082000000|  0%| F|  |TAMS 0x0000000081f00000, 0x0000000081f00000| Untracked 
|   8|0x0000000082000000, 0x0000000082000000, 0x0000000082100000|  0%| F|  |TAMS 0x0000000082000000, 0x0000000082000000| Untracked 
|   9|0x0000000082100000, 0x0000000082100000, 0x0000000082200000|  0%| F|  |TAMS 0x0000000082100000, 0x0000000082100000| Untracked 
|  10|0x0000000082200000, 0x0000000082200000, 0x0000000082300000|  0%| F|  |TAMS 0x0000000082200000, 0x0000000082200000| Untracked 
|  11|0x0000000082300000, 0x0000000082300000, 0x0000000082400000|  0%| F|  |TAMS 0x0000000082300000, 0x0000000082300000| Untracked 
|  12|0x0000000082400000, 0x0000000082400000, 0x0000000082500000|  0%| F|  |TAMS 0x0000000082400000, 0x0000000082400000| Untracked 
|  13|0x0000000082500000, 0x0000000082500000, 0x0000000082600000|  0%| F|  |TAMS 0x0000000082500000, 0x0000000082500000| Untracked 
|  14|0x0000000082600000, 0x0000000082600000, 0x0000000082700000|  0%| F|  |TAMS 0x0000000082600000, 0x0000000082600000| Untracked 
|  15|0x0000000082700000, 0x0000000082700000, 0x0000000082800000|  0%| F|  |TAMS 0x0000000082700000, 0x0000000082700000| Untracked 
|  16|0x0000000082800000, 0x0000000082800000, 0x0000000082900000|  0%| F|  |TAMS 0x0000000082800000, 0x0000000082800000| Untracked 
|  17|0x0000000082900000, 0x0000000082900000, 0x0000000082a00000|  0%| F|  |TAMS 0x0000000082900000, 0x0000000082900000| Untracked 
|  18|0x0000000082a00000, 0x0000000082a00000, 0x0000000082b00000|  0%| F|  |TAMS 0x0000000082a00000, 0x0000000082a00000| Untracked 
|  19|0x0000000082b00000, 0x0000000082b00000, 0x0000000082c00000|  0%| F|  |TAMS 0x0000000082b00000, 0x0000000082b00000| Untracked 
|  20|0x0000000082c00000, 0x0000000082c00000, 0x0000000082d00000|  0%| F|  |TAMS 0x0000000082c00000, 0x0000000082c00000| Untracked 
|  21|0x0000000082d00000, 0x0000000082d00000, 0x0000000082e00000|  0%| F|  |TAMS 0x0000000082d00000, 0x0000000082d00000| Untracked 
|  22|0x0000000082e00000, 0x0000000082e00000, 0x0000000082f00000|  0%| F|  |TAMS 0x0000000082e00000, 0x0000000082e00000| Untracked 
|  23|0x0000000082f00000, 0x0000000082f00000, 0x0000000083000000|  0%| F|  |TAMS 0x0000000082f00000, 0x0000000082f00000| Untracked 
|  24|0x0000000083000000, 0x0000000083000000, 0x0000000083100000|  0%| F|  |TAMS 0x0000000083000000, 0x0000000083000000| Untracked 
|  25|0x0000000083100000, 0x0000000083100000, 0x0000000083200000|  0%| F|  |TAMS 0x0000000083100000, 0x0000000083100000| Untracked 
|  26|0x0000000083200000, 0x0000000083200000, 0x0000000083300000|  0%| F|  |TAMS 0x0000000083200000, 0x0000000083200000| Untracked 
|  27|0x0000000083300000, 0x0000000083300000, 0x0000000083400000|  0%| F|  |TAMS 0x0000000083300000, 0x0000000083300000| Untracked 
|  28|0x0000000083400000, 0x0000000083400000, 0x0000000083500000|  0%| F|  |TAMS 0x0000000083400000, 0x0000000083400000| Untracked 
|  29|0x0000000083500000, 0x0000000083500000, 0x0000000083600000|  0%| F|  |TAMS 0x0000000083500000, 0x0000000083500000| Untracked 
|  30|0x0000000083600000, 0x0000000083600000, 0x0000000083700000|  0%| F|  |TAMS 0x0000000083600000, 0x0000000083600000| Untracked 
|  31|0x0000000083700000, 0x0000000083700000, 0x0000000083800000|  0%| F|  |TAMS 0x0000000083700000, 0x0000000083700000| Untracked 
|  32|0x0000000083800000, 0x0000000083800000, 0x0000000083900000|  0%| F|  |TAMS 0x0000000083800000, 0x0000000083800000| Untracked 
|  33|0x0000000083900000, 0x0000000083900000, 0x0000000083a00000|  0%| F|  |TAMS 0x0000000083900000, 0x0000000083900000| Untracked 
|  34|0x0000000083a00000, 0x0000000083a00000, 0x0000000083b00000|  0%| F|  |TAMS 0x0000000083a00000, 0x0000000083a00000| Untracked 
|  35|0x0000000083b00000, 0x0000000083b00000, 0x0000000083c00000|  0%| F|  |TAMS 0x0000000083b00000, 0x0000000083b00000| Untracked 
|  36|0x0000000083c00000, 0x0000000083c00000, 0x0000000083d00000|  0%| F|  |TAMS 0x0000000083c00000, 0x0000000083c00000| Untracked 
|  37|0x0000000083d00000, 0x0000000083d00000, 0x0000000083e00000|  0%| F|  |TAMS 0x0000000083d00000, 0x0000000083d00000| Untracked 
|  38|0x0000000083e00000, 0x0000000083e00000, 0x0000000083f00000|  0%| F|  |TAMS 0x0000000083e00000, 0x0000000083e00000| Untracked 
|  39|0x0000000083f00000, 0x0000000083f00000, 0x0000000084000000|  0%| F|  |TAMS 0x0000000083f00000, 0x0000000083f00000| Untracked 
|  40|0x0000000084000000, 0x0000000084000000, 0x0000000084100000|  0%| F|  |TAMS 0x0000000084000000, 0x0000000084000000| Untracked 
|  41|0x0000000084100000, 0x0000000084100000, 0x0000000084200000|  0%| F|  |TAMS 0x0000000084100000, 0x0000000084100000| Untracked 
|  42|0x0000000084200000, 0x0000000084200000, 0x0000000084300000|  0%| F|  |TAMS 0x0000000084200000, 0x0000000084200000| Untracked 
|  43|0x0000000084300000, 0x0000000084300000, 0x0000000084400000|  0%| F|  |TAMS 0x0000000084300000, 0x0000000084300000| Untracked 
|  44|0x0000000084400000, 0x0000000084432480, 0x0000000084500000| 19%| S|CS|TAMS 0x0000000084400000, 0x0000000084400000| Complete 
|  45|0x0000000084500000, 0x0000000084600000, 0x0000000084600000|100%| S|CS|TAMS 0x0000000084500000, 0x0000000084500000| Complete 
|  46|0x0000000084600000, 0x0000000084700000, 0x0000000084700000|100%| S|CS|TAMS 0x0000000084600000, 0x0000000084600000| Complete 
|  47|0x0000000084700000, 0x0000000084800000, 0x0000000084800000|100%| S|CS|TAMS 0x0000000084700000, 0x0000000084700000| Complete 
|  48|0x0000000084800000, 0x0000000084900000, 0x0000000084900000|100%| S|CS|TAMS 0x0000000084800000, 0x0000000084800000| Complete 
|  49|0x0000000084900000, 0x0000000084a00000, 0x0000000084a00000|100%| S|CS|TAMS 0x0000000084900000, 0x0000000084900000| Complete 
|  50|0x0000000084a00000, 0x0000000084b00000, 0x0000000084b00000|100%| S|CS|TAMS 0x0000000084a00000, 0x0000000084a00000| Complete 
|  51|0x0000000084b00000, 0x0000000084c00000, 0x0000000084c00000|100%| S|CS|TAMS 0x0000000084b00000, 0x0000000084b00000| Complete 
|  52|0x0000000084c00000, 0x0000000084c00000, 0x0000000084d00000|  0%| F|  |TAMS 0x0000000084c00000, 0x0000000084c00000| Untracked 
|  53|0x0000000084d00000, 0x0000000084d00000, 0x0000000084e00000|  0%| F|  |TAMS 0x0000000084d00000, 0x0000000084d00000| Untracked 
|  54|0x0000000084e00000, 0x0000000084e00000, 0x0000000084f00000|  0%| F|  |TAMS 0x0000000084e00000, 0x0000000084e00000| Untracked 
|  55|0x0000000084f00000, 0x0000000084f00000, 0x0000000085000000|  0%| F|  |TAMS 0x0000000084f00000, 0x0000000084f00000| Untracked 
|  56|0x0000000085000000, 0x0000000085000000, 0x0000000085100000|  0%| F|  |TAMS 0x0000000085000000, 0x0000000085000000| Untracked 
|  57|0x0000000085100000, 0x0000000085100000, 0x0000000085200000|  0%| F|  |TAMS 0x0000000085100000, 0x0000000085100000| Untracked 
|  58|0x0000000085200000, 0x0000000085200000, 0x0000000085300000|  0%| F|  |TAMS 0x0000000085200000, 0x0000000085200000| Untracked 
|  59|0x0000000085300000, 0x0000000085300000, 0x0000000085400000|  0%| F|  |TAMS 0x0000000085300000, 0x0000000085300000| Untracked 
|  60|0x0000000085400000, 0x0000000085400000, 0x0000000085500000|  0%| F|  |TAMS 0x0000000085400000, 0x0000000085400000| Untracked 
|  61|0x0000000085500000, 0x0000000085500000, 0x0000000085600000|  0%| F|  |TAMS 0x0000000085500000, 0x0000000085500000| Untracked 
|  62|0x0000000085600000, 0x0000000085600000, 0x0000000085700000|  0%| F|  |TAMS 0x0000000085600000, 0x0000000085600000| Untracked 
|  63|0x0000000085700000, 0x0000000085700000, 0x0000000085800000|  0%| F|  |TAMS 0x0000000085700000, 0x0000000085700000| Untracked 
|  64|0x0000000085800000, 0x0000000085800000, 0x0000000085900000|  0%| F|  |TAMS 0x0000000085800000, 0x0000000085800000| Untracked 
|  65|0x0000000085900000, 0x0000000085900000, 0x0000000085a00000|  0%| F|  |TAMS 0x0000000085900000, 0x0000000085900000| Untracked 
|  66|0x0000000085a00000, 0x0000000085a00000, 0x0000000085b00000|  0%| F|  |TAMS 0x0000000085a00000, 0x0000000085a00000| Untracked 
|  67|0x0000000085b00000, 0x0000000085b00000, 0x0000000085c00000|  0%| F|  |TAMS 0x0000000085b00000, 0x0000000085b00000| Untracked 
|  68|0x0000000085c00000, 0x0000000085c00000, 0x0000000085d00000|  0%| F|  |TAMS 0x0000000085c00000, 0x0000000085c00000| Untracked 
|  69|0x0000000085d00000, 0x0000000085d00000, 0x0000000085e00000|  0%| F|  |TAMS 0x0000000085d00000, 0x0000000085d00000| Untracked 
|  70|0x0000000085e00000, 0x0000000085e00000, 0x0000000085f00000|  0%| F|  |TAMS 0x0000000085e00000, 0x0000000085e00000| Untracked 
|  71|0x0000000085f00000, 0x0000000085f00000, 0x0000000086000000|  0%| F|  |TAMS 0x0000000085f00000, 0x0000000085f00000| Untracked 
|  72|0x0000000086000000, 0x0000000086000000, 0x0000000086100000|  0%| F|  |TAMS 0x0000000086000000, 0x0000000086000000| Untracked 
|  73|0x0000000086100000, 0x0000000086100000, 0x0000000086200000|  0%| F|  |TAMS 0x0000000086100000, 0x0000000086100000| Untracked 
|  74|0x0000000086200000, 0x0000000086200000, 0x0000000086300000|  0%| F|  |TAMS 0x0000000086200000, 0x0000000086200000| Untracked 
|  75|0x0000000086300000, 0x0000000086300000, 0x0000000086400000|  0%| F|  |TAMS 0x0000000086300000, 0x0000000086300000| Untracked 
|  76|0x0000000086400000, 0x0000000086400000, 0x0000000086500000|  0%| F|  |TAMS 0x0000000086400000, 0x0000000086400000| Untracked 
|  77|0x0000000086500000, 0x0000000086500000, 0x0000000086600000|  0%| F|  |TAMS 0x0000000086500000, 0x0000000086500000| Untracked 
|  78|0x0000000086600000, 0x0000000086600000, 0x0000000086700000|  0%| F|  |TAMS 0x0000000086600000, 0x0000000086600000| Untracked 
|  79|0x0000000086700000, 0x0000000086700000, 0x0000000086800000|  0%| F|  |TAMS 0x0000000086700000, 0x0000000086700000| Untracked 
|  80|0x0000000086800000, 0x0000000086800000, 0x0000000086900000|  0%| F|  |TAMS 0x0000000086800000, 0x0000000086800000| Untracked 
|  81|0x0000000086900000, 0x0000000086900000, 0x0000000086a00000|  0%| F|  |TAMS 0x0000000086900000, 0x0000000086900000| Untracked 
|  82|0x0000000086a00000, 0x0000000086a00000, 0x0000000086b00000|  0%| F|  |TAMS 0x0000000086a00000, 0x0000000086a00000| Untracked 
|  83|0x0000000086b00000, 0x0000000086b00000, 0x0000000086c00000|  0%| F|  |TAMS 0x0000000086b00000, 0x0000000086b00000| Untracked 
|  84|0x0000000086c00000, 0x0000000086c00000, 0x0000000086d00000|  0%| F|  |TAMS 0x0000000086c00000, 0x0000000086c00000| Untracked 
|  85|0x0000000086d00000, 0x0000000086d00000, 0x0000000086e00000|  0%| F|  |TAMS 0x0000000086d00000, 0x0000000086d00000| Untracked 
|  86|0x0000000086e00000, 0x0000000086e00000, 0x0000000086f00000|  0%| F|  |TAMS 0x0000000086e00000, 0x0000000086e00000| Untracked 
|  87|0x0000000086f00000, 0x0000000086f00000, 0x0000000087000000|  0%| F|  |TAMS 0x0000000086f00000, 0x0000000086f00000| Untracked 
|  88|0x0000000087000000, 0x0000000087000000, 0x0000000087100000|  0%| F|  |TAMS 0x0000000087000000, 0x0000000087000000| Untracked 
|  89|0x0000000087100000, 0x0000000087100000, 0x0000000087200000|  0%| F|  |TAMS 0x0000000087100000, 0x0000000087100000| Untracked 
|  90|0x0000000087200000, 0x0000000087200000, 0x0000000087300000|  0%| F|  |TAMS 0x0000000087200000, 0x0000000087200000| Untracked 
|  91|0x0000000087300000, 0x0000000087300000, 0x0000000087400000|  0%| F|  |TAMS 0x0000000087300000, 0x0000000087300000| Untracked 
|  92|0x0000000087400000, 0x0000000087400000, 0x0000000087500000|  0%| F|  |TAMS 0x0000000087400000, 0x0000000087400000| Untracked 
|  93|0x0000000087500000, 0x0000000087500000, 0x0000000087600000|  0%| F|  |TAMS 0x0000000087500000, 0x0000000087500000| Untracked 
|  94|0x0000000087600000, 0x0000000087600000, 0x0000000087700000|  0%| F|  |TAMS 0x0000000087600000, 0x0000000087600000| Untracked 
|  95|0x0000000087700000, 0x0000000087700000, 0x0000000087800000|  0%| F|  |TAMS 0x0000000087700000, 0x0000000087700000| Untracked 
|  96|0x0000000087800000, 0x0000000087800000, 0x0000000087900000|  0%| F|  |TAMS 0x0000000087800000, 0x0000000087800000| Untracked 
|  97|0x0000000087900000, 0x0000000087900000, 0x0000000087a00000|  0%| F|  |TAMS 0x0000000087900000, 0x0000000087900000| Untracked 
|  98|0x0000000087a00000, 0x0000000087a00000, 0x0000000087b00000|  0%| F|  |TAMS 0x0000000087a00000, 0x0000000087a00000| Untracked 
|  99|0x0000000087b00000, 0x0000000087b00000, 0x0000000087c00000|  0%| F|  |TAMS 0x0000000087b00000, 0x0000000087b00000| Untracked 
| 100|0x0000000087c00000, 0x0000000087c00000, 0x0000000087d00000|  0%| F|  |TAMS 0x0000000087c00000, 0x0000000087c00000| Untracked 
| 101|0x0000000087d00000, 0x0000000087d00000, 0x0000000087e00000|  0%| F|  |TAMS 0x0000000087d00000, 0x0000000087d00000| Untracked 
| 102|0x0000000087e00000, 0x0000000087e00000, 0x0000000087f00000|  0%| F|  |TAMS 0x0000000087e00000, 0x0000000087e00000| Untracked 
| 103|0x0000000087f00000, 0x0000000087f00000, 0x0000000088000000|  0%| F|  |TAMS 0x0000000087f00000, 0x0000000087f00000| Untracked 
| 104|0x0000000088000000, 0x0000000088000000, 0x0000000088100000|  0%| F|  |TAMS 0x0000000088000000, 0x0000000088000000| Untracked 
| 105|0x0000000088100000, 0x0000000088100000, 0x0000000088200000|  0%| F|  |TAMS 0x0000000088100000, 0x0000000088100000| Untracked 
| 106|0x0000000088200000, 0x0000000088200800, 0x0000000088300000|  0%| E|  |TAMS 0x0000000088200000, 0x0000000088200000| Complete 
| 107|0x0000000088300000, 0x0000000088400000, 0x0000000088400000|100%| E|CS|TAMS 0x0000000088300000, 0x0000000088300000| Complete 
| 108|0x0000000088400000, 0x0000000088500000, 0x0000000088500000|100%| E|CS|TAMS 0x0000000088400000, 0x0000000088400000| Complete 
| 109|0x0000000088500000, 0x0000000088600000, 0x0000000088600000|100%| E|CS|TAMS 0x0000000088500000, 0x0000000088500000| Complete 
| 110|0x0000000088600000, 0x0000000088700000, 0x0000000088700000|100%| E|CS|TAMS 0x0000000088600000, 0x0000000088600000| Complete 
| 111|0x0000000088700000, 0x0000000088800000, 0x0000000088800000|100%| E|CS|TAMS 0x0000000088700000, 0x0000000088700000| Complete 
| 112|0x0000000088800000, 0x0000000088900000, 0x0000000088900000|100%| E|CS|TAMS 0x0000000088800000, 0x0000000088800000| Complete 
| 113|0x0000000088900000, 0x0000000088a00000, 0x0000000088a00000|100%| E|CS|TAMS 0x0000000088900000, 0x0000000088900000| Complete 
| 114|0x0000000088a00000, 0x0000000088b00000, 0x0000000088b00000|100%| E|CS|TAMS 0x0000000088a00000, 0x0000000088a00000| Complete 
| 115|0x0000000088b00000, 0x0000000088c00000, 0x0000000088c00000|100%| E|CS|TAMS 0x0000000088b00000, 0x0000000088b00000| Complete 
| 116|0x0000000088c00000, 0x0000000088d00000, 0x0000000088d00000|100%| E|CS|TAMS 0x0000000088c00000, 0x0000000088c00000| Complete 
| 117|0x0000000088d00000, 0x0000000088e00000, 0x0000000088e00000|100%| E|CS|TAMS 0x0000000088d00000, 0x0000000088d00000| Complete 
| 118|0x0000000088e00000, 0x0000000088f00000, 0x0000000088f00000|100%| E|CS|TAMS 0x0000000088e00000, 0x0000000088e00000| Complete 
| 119|0x0000000088f00000, 0x0000000089000000, 0x0000000089000000|100%| E|CS|TAMS 0x0000000088f00000, 0x0000000088f00000| Complete 
| 120|0x0000000089000000, 0x0000000089100000, 0x0000000089100000|100%| E|CS|TAMS 0x0000000089000000, 0x0000000089000000| Complete 
| 121|0x0000000089100000, 0x0000000089200000, 0x0000000089200000|100%| E|CS|TAMS 0x0000000089100000, 0x0000000089100000| Complete 
| 122|0x0000000089200000, 0x0000000089300000, 0x0000000089300000|100%| E|CS|TAMS 0x0000000089200000, 0x0000000089200000| Complete 
| 123|0x0000000089300000, 0x0000000089400000, 0x0000000089400000|100%| E|CS|TAMS 0x0000000089300000, 0x0000000089300000| Complete 
| 124|0x0000000089400000, 0x0000000089500000, 0x0000000089500000|100%| E|CS|TAMS 0x0000000089400000, 0x0000000089400000| Complete 
| 125|0x0000000089500000, 0x0000000089600000, 0x0000000089600000|100%| E|CS|TAMS 0x0000000089500000, 0x0000000089500000| Complete 
| 126|0x0000000089600000, 0x0000000089700000, 0x0000000089700000|100%| E|CS|TAMS 0x0000000089600000, 0x0000000089600000| Complete 
| 127|0x0000000089700000, 0x0000000089800000, 0x0000000089800000|100%| E|CS|TAMS 0x0000000089700000, 0x0000000089700000| Complete 

Card table byte_map: [0x000001fc64e80000,0x000001fc65280000] _byte_map_base: 0x000001fc64a74000

Marking Bits (Prev, Next): (CMBitMap*) 0x000001fc4d886550, (CMBitMap*) 0x000001fc4d886590
 Prev Bits: [0x000001fc65680000, 0x000001fc67620000)
 Next Bits: [0x000001fc67620000, 0x000001fc695c0000)

Polling page: 0x000001fc4b690000

Metaspace:

Usage:
  Non-class:     14.01 MB capacity,    13.07 MB ( 93%) used,   940.27 KB (  7%) free+waste,    16.50 KB ( <1%) overhead. 
      Class:      1.80 MB capacity,     1.60 MB ( 89%) used,   202.73 KB ( 11%) free+waste,     6.81 KB ( <1%) overhead. 
       Both:     15.81 MB capacity,    14.67 MB ( 93%) used,     1.12 MB (  7%) free+waste,    23.31 KB ( <1%) overhead. 

Virtual space:
  Non-class space:       16.00 MB reserved,      14.25 MB ( 89%) committed 
      Class space:        1.00 GB reserved,       1.88 MB ( <1%) committed 
             Both:        1.02 GB reserved,      16.12 MB (  2%) committed 

Chunk freelists:
   Non-Class:  0 bytes
       Class:  10.00 KB
        Both:  10.00 KB

MaxMetaspaceSize: 17179869184.00 GB
CompressedClassSpaceSize: 1.00 GB

CodeHeap 'non-profiled nmethods': size=120000Kb used=1884Kb max_used=1884Kb free=118115Kb
 bounds [0x000001fc5d550000, 0x000001fc5d7c0000, 0x000001fc64a80000]
CodeHeap 'profiled nmethods': size=120000Kb used=7488Kb max_used=7488Kb free=112511Kb
 bounds [0x000001fc56020000, 0x000001fc56780000, 0x000001fc5d550000]
CodeHeap 'non-nmethods': size=5760Kb used=1204Kb max_used=1276Kb free=4555Kb
 bounds [0x000001fc55a80000, 0x000001fc55cf0000, 0x000001fc56020000]
 total_blobs=4136 nmethods=3670 adapters=378
 compilation: enabled
              stopped_count=0, restarted_count=0
 full_count=0

Compilation events (20 events):
Event: 5.563 Thread 0x000001fc6d385770 3661       4       java.lang.String::substring (58 bytes)
Event: 5.568 Thread 0x000001fc6bad0db0 3666       3       java.util.ImmutableCollections$Set12::iterator (9 bytes)
Event: 5.568 Thread 0x000001fc6bad0db0 nmethod 3666 0x000001fc5676c190 code [0x000001fc5676c340, 0x000001fc5676c618]
Event: 5.569 Thread 0x000001fc6bad0db0 3668       3       java.lang.invoke.LambdaForm::forceInterpretation (14 bytes)
Event: 5.569 Thread 0x000001fc6bad0db0 nmethod 3668 0x000001fc5676c710 code [0x000001fc5676c8a0, 0x000001fc5676c9f8]
Event: 5.569 Thread 0x000001fc6bad0db0 3671       3       java.lang.invoke.MemberName::flagsMods (73 bytes)
Event: 5.569 Thread 0x000001fc6d385770 nmethod 3661 0x000001fc5d725290 code [0x000001fc5d725440, 0x000001fc5d725928]
Event: 5.569 Thread 0x000001fc6bad0db0 nmethod 3671 0x000001fc5676ca90 code [0x000001fc5676cc20, 0x000001fc5676cd38]
Event: 5.569 Thread 0x000001fc6bad0db0 3672       3       java.lang.invoke.MemberName::init (67 bytes)
Event: 5.570 Thread 0x000001fc6bad0db0 nmethod 3672 0x000001fc5676ce10 code [0x000001fc5676cfc0, 0x000001fc5676d1f8]
Event: 5.571 Thread 0x000001fc6bad0db0 3673       1       java.lang.invoke.MethodHandles$Lookup::previousLookupClass (5 bytes)
Event: 5.571 Thread 0x000001fc6bad0db0 nmethod 3673 0x000001fc5d725e90 code [0x000001fc5d726020, 0x000001fc5d7260d8]
Event: 5.571 Thread 0x000001fc6bad0db0 3675       3       sun.invoke.util.Wrapper::forPrimitiveType (49 bytes)
Event: 5.572 Thread 0x000001fc6d385770 3677       4       jdk.internal.org.objectweb.asm.ByteVector::putByte (39 bytes)
Event: 5.573 Thread 0x000001fc6bad0db0 nmethod 3675 0x000001fc5676d290 code [0x000001fc5676d600, 0x000001fc5676e9a8]
Event: 5.574 Thread 0x000001fc6d385770 nmethod 3677 0x000001fc5d726a90 code [0x000001fc5d726c20, 0x000001fc5d726d48]
Event: 5.576 Thread 0x000001fc6bad0db0 3680       3       java.lang.invoke.MethodHandles$Lookup::lookupClassOrNull (27 bytes)
Event: 5.576 Thread 0x000001fc6bad0db0 nmethod 3680 0x000001fc5676f110 code [0x000001fc5676f2a0, 0x000001fc5676f458]
Event: 5.576 Thread 0x000001fc6bad0db0 3681   !   3       java.lang.invoke.MemberName$Factory::resolve (157 bytes)
Event: 5.577 Thread 0x000001fc6bad0db0 nmethod 3681 0x000001fc5676f510 code [0x000001fc5676f740, 0x000001fc5676fe08]

GC Heap History (8 events):
Event: 0.619 GC heap before
{Heap before GC invocations=0 (full 0):
 garbage-first heap   total 131072K, used 12288K [0x0000000081800000, 0x0000000100000000)
  region size 1024K, 13 young (13312K), 0 survivors (0K)
 Metaspace       used 3806K, capacity 6803K, committed 6912K, reserved 1056768K
  class space    used 395K, capacity 693K, committed 768K, reserved 1048576K
}
Event: 0.624 GC heap after
{Heap after GC invocations=1 (full 0):
 garbage-first heap   total 131072K, used 3165K [0x0000000081800000, 0x0000000100000000)
  region size 1024K, 2 young (2048K), 2 survivors (2048K)
 Metaspace       used 3806K, capacity 6803K, committed 6912K, reserved 1056768K
  class space    used 395K, capacity 693K, committed 768K, reserved 1048576K
}
Event: 0.911 GC heap before
{Heap before GC invocations=1 (full 0):
 garbage-first heap   total 131072K, used 15453K [0x0000000081800000, 0x0000000100000000)
  region size 1024K, 14 young (14336K), 2 survivors (2048K)
 Metaspace       used 5225K, capacity 7798K, committed 8064K, reserved 1056768K
  class space    used 605K, capacity 854K, committed 896K, reserved 1048576K
}
Event: 0.915 GC heap after
{Heap after GC invocations=2 (full 0):
 garbage-first heap   total 131072K, used 3690K [0x0000000081800000, 0x0000000100000000)
  region size 1024K, 1 young (1024K), 1 survivors (1024K)
 Metaspace       used 5225K, capacity 7798K, committed 8064K, reserved 1056768K
  class space    used 605K, capacity 854K, committed 896K, reserved 1048576K
}
Event: 1.656 GC heap before
{Heap before GC invocations=2 (full 0):
 garbage-first heap   total 131072K, used 30314K [0x0000000081800000, 0x0000000100000000)
  region size 1024K, 27 young (27648K), 1 survivors (1024K)
 Metaspace       used 9499K, capacity 11644K, committed 11904K, reserved 1060864K
  class space    used 1129K, capacity 1382K, committed 1408K, reserved 1048576K
}
Event: 1.660 GC heap after
{Heap after GC invocations=3 (full 0):
 garbage-first heap   total 131072K, used 5001K [0x0000000081800000, 0x0000000100000000)
  region size 1024K, 2 young (2048K), 2 survivors (2048K)
 Metaspace       used 9499K, capacity 11644K, committed 11904K, reserved 1060864K
  class space    used 1129K, capacity 1382K, committed 1408K, reserved 1048576K
}
Event: 4.893 GC heap before
{Heap before GC invocations=3 (full 0):
 garbage-first heap   total 131072K, used 80777K [0x0000000081800000, 0x0000000100000000)
  region size 1024K, 76 young (77824K), 2 survivors (2048K)
 Metaspace       used 13904K, capacity 15317K, committed 15616K, reserved 1062912K
  class space    used 1513K, capacity 1701K, committed 1792K, reserved 1048576K
}
Event: 4.906 GC heap after
{Heap after GC invocations=4 (full 0):
 garbage-first heap   total 131072K, used 10505K [0x0000000081800000, 0x0000000100000000)
  region size 1024K, 8 young (8192K), 8 survivors (8192K)
 Metaspace       used 13904K, capacity 15317K, committed 15616K, reserved 1062912K
  class space    used 1513K, capacity 1701K, committed 1792K, reserved 1048576K
}

Deoptimization events (20 events):
Event: 5.465 Thread 0x000001fc4d84aa90 Uncommon trap: trap_request=0xffffffde fr.pc=0x000001fc5d5fff0c relative=0x000000000000006c
Event: 5.465 Thread 0x000001fc4d84aa90 Uncommon trap: reason=class_check action=maybe_recompile pc=0x000001fc5d5fff0c method=com.google.inject.internal.LinkedBindingImpl.acceptTargetVisitor(Lcom/google/inject/spi/BindingTargetVisitor;)Ljava/lang/Object; @ 2 c2
Event: 5.465 Thread 0x000001fc4d84aa90 DEOPT PACKING pc=0x000001fc5d5fff0c sp=0x000000f272ffdae0
Event: 5.465 Thread 0x000001fc4d84aa90 DEOPT UNPACKING pc=0x000001fc55ace42f sp=0x000000f272ffda78 mode 2
Event: 5.471 Thread 0x000001fc4d84aa90 Uncommon trap: trap_request=0xfffffff4 fr.pc=0x000001fc5d6e7c68 relative=0x0000000000000b08
Event: 5.471 Thread 0x000001fc4d84aa90 Uncommon trap: reason=null_check action=make_not_entrant pc=0x000001fc5d6e7c68 method=com.google.inject.internal.InjectorImpl.enterContext()Lcom/google/inject/internal/InternalContext; @ 7 c2
Event: 5.471 Thread 0x000001fc4d84aa90 DEOPT PACKING pc=0x000001fc5d6e7c68 sp=0x000000f272ffdb90
Event: 5.471 Thread 0x000001fc4d84aa90 DEOPT UNPACKING pc=0x000001fc55ace42f sp=0x000000f272ffdb80 mode 2
Event: 5.473 Thread 0x000001fc4d84aa90 Uncommon trap: trap_request=0xffffff54 fr.pc=0x000001fc5d69cbec relative=0x000000000000034c
Event: 5.473 Thread 0x000001fc4d84aa90 Uncommon trap: reason=speculate_null_assert action=make_not_entrant pc=0x000001fc5d69cbec method=org.eclipse.sisu.inject.RankedBindings$Itr.hasNext()Z @ 80 c2
Event: 5.473 Thread 0x000001fc4d84aa90 DEOPT PACKING pc=0x000001fc5d69cbec sp=0x000000f272ffdf60
Event: 5.473 Thread 0x000001fc4d84aa90 DEOPT UNPACKING pc=0x000001fc55ace42f sp=0x000000f272ffdf28 mode 2
Event: 5.507 Thread 0x000001fc4d84aa90 DEOPT PACKING pc=0x000001fc560e2294 sp=0x000000f272ff8530
Event: 5.507 Thread 0x000001fc4d84aa90 DEOPT UNPACKING pc=0x000001fc55ace23f sp=0x000000f272ff7968 mode 0
Event: 5.507 Thread 0x000001fc4d84aa90 DEOPT PACKING pc=0x000001fc560e1ecc sp=0x000000f272ff85a0
Event: 5.507 Thread 0x000001fc4d84aa90 DEOPT UNPACKING pc=0x000001fc55ace23f sp=0x000000f272ff7a48 mode 0
Event: 5.525 Thread 0x000001fc4d84aa90 Uncommon trap: trap_request=0xffffff45 fr.pc=0x000001fc5d640f98 relative=0x00000000000002d8
Event: 5.525 Thread 0x000001fc4d84aa90 Uncommon trap: reason=unstable_if action=reinterpret pc=0x000001fc5d640f98 method=java.util.StringTokenizer.scanToken(I)I @ 96 c2
Event: 5.525 Thread 0x000001fc4d84aa90 DEOPT PACKING pc=0x000001fc5d640f98 sp=0x000000f272ffe120
Event: 5.525 Thread 0x000001fc4d84aa90 DEOPT UNPACKING pc=0x000001fc55ace42f sp=0x000000f272ffe0b0 mode 2

Classes unloaded (0 events):
No events

Classes redefined (0 events):
No events

Internal exceptions (20 events):
Event: 2.077 Thread 0x000001fc4d84aa90 Implicit null exception at 0x000001fc5d5722f4 to 0x000001fc5d572870
Event: 2.078 Thread 0x000001fc4d84aa90 Implicit null exception at 0x000001fc5d5843f4 to 0x000001fc5d584980
Event: 3.156 Thread 0x000001fc4d84aa90 Implicit null exception at 0x000001fc5d61f7a0 to 0x000001fc5d61ff28
Event: 3.156 Thread 0x000001fc4d84aa90 Implicit null exception at 0x000001fc5d5e416f to 0x000001fc5d5e4330
Event: 3.157 Thread 0x000001fc4d84aa90 Implicit null exception at 0x000001fc5d5d2e2f to 0x000001fc5d5d2ea9
Event: 4.302 Thread 0x000001fc4d84aa90 Implicit null exception at 0x000001fc5d5b3b6f to 0x000001fc5d5b3d50
Event: 5.419 Thread 0x000001fc4d84aa90 Exception <a 'java/lang/NoClassDefFoundError'{0x0000000088771dd8}: org/sonatype/aether/deployment/DeploymentException> (0x0000000088771dd8) 
thrown [./open/src/hotspot/share/classfile/systemDictionary.cpp, line 284]
Event: 5.422 Thread 0x000001fc4d84aa90 Exception <a 'java/lang/NoClassDefFoundError'{0x000000008877c8c0}: org/sonatype/aether/installation/InstallationException> (0x000000008877c8c0) 
thrown [./open/src/hotspot/share/classfile/systemDictionary.cpp, line 284]
Event: 5.423 Thread 0x000001fc4d84aa90 Exception <a 'java/lang/NoClassDefFoundError'{0x000000008878ef38}: org/sonatype/aether/artifact/Artifact> (0x000000008878ef38) 
thrown [./open/src/hotspot/share/classfile/systemDictionary.cpp, line 284]
Event: 5.433 Thread 0x000001fc4d84aa90 Exception <a 'java/lang/NoClassDefFoundError'{0x00000000887e43e0}: org/sonatype/aether/collection/DependencyCollectionException> (0x00000000887e43e0) 
thrown [./open/src/hotspot/share/classfile/systemDictionary.cpp, line 284]
Event: 5.441 Thread 0x000001fc4d84aa90 Exception <a 'java/lang/NoClassDefFoundError'{0x0000000088639350}: org/sonatype/aether/resolution/ArtifactResolutionException> (0x0000000088639350) 
thrown [./open/src/hotspot/share/classfile/systemDictionary.cpp, line 284]
Event: 5.445 Thread 0x000001fc4d84aa90 Exception <a 'java/lang/NoClassDefFoundError'{0x0000000088658bc8}: org/sonatype/aether/resolution/ArtifactDescriptorException> (0x0000000088658bc8) 
thrown [./open/src/hotspot/share/classfile/systemDictionary.cpp, line 284]
Event: 5.449 Thread 0x000001fc4d84aa90 Exception <a 'java/lang/NoClassDefFoundError'{0x0000000088692c78}: org/sonatype/aether/artifact/Artifact> (0x0000000088692c78) 
thrown [./open/src/hotspot/share/classfile/systemDictionary.cpp, line 284]
Event: 5.471 Thread 0x000001fc4d84aa90 Implicit null exception at 0x000001fc5d6e7220 to 0x000001fc5d6e7c58
Event: 5.567 Thread 0x000001fc4d84aa90 Exception <a 'java/lang/NoSuchMethodError'{0x000000008830c780}: 'void java.lang.invoke.DirectMethodHandle$Holder.invokeStatic(java.lang.Object, long)'> (0x000000008830c780) 
thrown [./open/src/hotspot/share/interpreter/linkResolver.cpp, line 782]
Event: 5.568 Thread 0x000001fc4d84aa90 Exception <a 'java/lang/NoSuchMethodError'{0x0000000088312380}: 'java.lang.Object java.lang.invoke.DirectMethodHandle$Holder.newInvokeSpecial(java.lang.Object, long)'> (0x0000000088312380) 
thrown [./open/src/hotspot/share/interpreter/linkResolver.cpp, line 782]
Event: 5.570 Thread 0x000001fc4d84aa90 Exception <a 'java/lang/NoSuchMethodError'{0x0000000088316fb0}: 'java.lang.Object java.lang.invoke.DirectMethodHandle$Holder.invokeStaticInit(java.lang.Object)'> (0x0000000088316fb0) 
thrown [./open/src/hotspot/share/interpreter/linkResolver.cpp, line 782]
Event: 5.571 Thread 0x000001fc4d84aa90 Exception <a 'java/lang/NoSuchMethodError'{0x0000000088320dc0}: 'java.lang.Object java.lang.invoke.DirectMethodHandle$Holder.invokeStaticInit(java.lang.Object, java.lang.Object, long, java.lang.Object)'> (0x0000000088320dc0) 
thrown [./open/src/hotspot/share/interpreter/linkResolver.cpp, line 782]
Event: 5.572 Thread 0x000001fc4d84aa90 Exception <a 'java/lang/NoSuchMethodError'{0x00000000883278d8}: 'java.lang.Object java.lang.invoke.DirectMethodHandle$Holder.newInvokeSpecial(java.lang.Object, java.lang.Object, long)'> (0x00000000883278d8) 
thrown [./open/src/hotspot/share/interpreter/linkResolver.cpp, line 782]
Event: 5.573 Thread 0x000001fc4d84aa90 Exception <a 'java/lang/NoSuchMethodError'{0x000000008832bcc8}: 'java.lang.Object java.lang.invoke.Invokers$Holder.linkToTargetMethod(java.lang.Object, long, java.lang.Object)'> (0x000000008832bcc8) 
thrown [./open/src/hotspot/share/interpreter/linkResolver.cpp, line 782]

Events (20 events):
Event: 5.576 loading class java/util/concurrent/SynchronousQueue$Transferer
Event: 5.576 loading class java/util/concurrent/SynchronousQueue$Transferer done
Event: 5.576 loading class java/util/concurrent/SynchronousQueue$TransferStack done
Event: 5.576 loading class java/util/concurrent/SynchronousQueue$TransferStack$SNode
Event: 5.576 loading class java/util/concurrent/SynchronousQueue$TransferStack$SNode done
Event: 5.577 loading class java/lang/ProcessImpl$2
Event: 5.577 loading class java/lang/ProcessImpl$2 done
Event: 5.577 loading class java/lang/Process$PipeInputStream
Event: 5.577 loading class java/lang/Process$PipeInputStream done
Event: 5.578 Executing VM operation: HandshakeAllThreads
Event: 5.578 Executing VM operation: HandshakeAllThreads done
Event: 5.578 loading class jdk/internal/event/ProcessStartEvent
Event: 5.578 loading class jdk/internal/event/Event
Event: 5.578 loading class jdk/internal/event/Event done
Event: 5.578 loading class jdk/internal/event/ProcessStartEvent done
Event: 5.579 loading class java/io/PipedOutputStream
Event: 5.579 loading class java/io/PipedOutputStream done
Event: 5.580 Thread 0x000001fc6c707620 Thread added: 0x000001fc6c707620
Event: 5.580 Thread 0x000001fc6c707af0 Thread added: 0x000001fc6c707af0
Event: 5.580 Thread 0x000001fc6da38e00 Thread added: 0x000001fc6da38e00


Dynamic libraries:
0x00007ff649e10000 - 0x00007ff649e1f000 	C:\Program Files\Java\jdk-15.0.2\bin\java.exe
0x00007ffb40a90000 - 0x00007ffb40c86000 	C:\WINDOWS\SYSTEM32\ntdll.dll
0x00007ffb40560000 - 0x00007ffb4061d000 	C:\WINDOWS\System32\KERNEL32.DLL
0x00007ffb3e610000 - 0x00007ffb3e8d9000 	C:\WINDOWS\System32\KERNELBASE.dll
0x00007ffb3e1d0000 - 0x00007ffb3e2d0000 	C:\WINDOWS\System32\ucrtbase.dll
0x00007ffb29ab0000 - 0x00007ffb29ac9000 	C:\Program Files\Java\jdk-15.0.2\bin\VCRUNTIME140.dll
0x00007ffb27180000 - 0x00007ffb27198000 	C:\Program Files\Java\jdk-15.0.2\bin\jli.dll
0x00007ffb40260000 - 0x00007ffb4030c000 	C:\WINDOWS\System32\ADVAPI32.dll
0x00007ffb3f790000 - 0x00007ffb3f82e000 	C:\WINDOWS\System32\msvcrt.dll
0x00007ffb40000000 - 0x00007ffb4009c000 	C:\WINDOWS\System32\sechost.dll
0x00007ffb3eb20000 - 0x00007ffb3ec4b000 	C:\WINDOWS\System32\RPCRT4.dll
0x00007ffb406e0000 - 0x00007ffb40880000 	C:\WINDOWS\System32\USER32.dll
0x00007ffb3e500000 - 0x00007ffb3e522000 	C:\WINDOWS\System32\win32u.dll
0x00007ffb40a20000 - 0x00007ffb40a4a000 	C:\WINDOWS\System32\GDI32.dll
0x00007ffb3e3f0000 - 0x00007ffb3e4fb000 	C:\WINDOWS\System32\gdi32full.dll
0x00007ffb25b10000 - 0x00007ffb25dab000 	C:\WINDOWS\WinSxS\amd64_microsoft.windows.common-controls_6595b64144ccf1df_6.0.19041.746_none_ca02b4b61b8320a4\COMCTL32.dll
0x00007ffb3e350000 - 0x00007ffb3e3ed000 	C:\WINDOWS\System32\msvcp_win.dll
0x00007ffb3cff0000 - 0x00007ffb3cffa000 	C:\WINDOWS\SYSTEM32\VERSION.dll
0x00007ffb3eaf0000 - 0x00007ffb3eb20000 	C:\WINDOWS\System32\IMM32.DLL
0x00007ffb32f50000 - 0x00007ffb32f5c000 	C:\Program Files\Java\jdk-15.0.2\bin\vcruntime140_1.dll
0x00007ffb0a180000 - 0x00007ffb0a211000 	C:\Program Files\Java\jdk-15.0.2\bin\msvcp140.dll
0x00007ffaf4730000 - 0x00007ffaf528e000 	C:\Program Files\Java\jdk-15.0.2\bin\server\jvm.dll
0x00007ffb3f780000 - 0x00007ffb3f788000 	C:\WINDOWS\System32\PSAPI.DLL
0x00007ffb1f9c0000 - 0x00007ffb1f9c9000 	C:\WINDOWS\SYSTEM32\WSOCK32.dll
0x00007ffb26900000 - 0x00007ffb26927000 	C:\WINDOWS\SYSTEM32\WINMM.dll
0x00007ffb3f710000 - 0x00007ffb3f77b000 	C:\WINDOWS\System32\WS2_32.dll
0x00007ffb3c290000 - 0x00007ffb3c2a2000 	C:\WINDOWS\SYSTEM32\kernel.appcore.dll
0x00007ffb32320000 - 0x00007ffb3232a000 	C:\Program Files\Java\jdk-15.0.2\bin\jimage.dll
0x00007ffb37e00000 - 0x00007ffb37fe4000 	C:\WINDOWS\SYSTEM32\DBGHELP.DLL
0x00007ffb31010000 - 0x00007ffb3103c000 	C:\WINDOWS\SYSTEM32\dbgcore.DLL
0x00007ffb3e2d0000 - 0x00007ffb3e350000 	C:\WINDOWS\System32\bcryptPrimitives.dll
0x00007ffb28ee0000 - 0x00007ffb28f05000 	C:\Program Files\Java\jdk-15.0.2\bin\java.dll
0x00007ffb3efc0000 - 0x00007ffb3f702000 	C:\WINDOWS\System32\SHELL32.dll
0x00007ffb3c7d0000 - 0x00007ffb3cf60000 	C:\WINDOWS\SYSTEM32\windows.storage.dll
0x00007ffb3fca0000 - 0x00007ffb3fff6000 	C:\WINDOWS\System32\combase.dll
0x00007ffb3dc30000 - 0x00007ffb3dc5c000 	C:\WINDOWS\SYSTEM32\Wldp.dll
0x00007ffb40620000 - 0x00007ffb406ce000 	C:\WINDOWS\System32\SHCORE.dll
0x00007ffb40500000 - 0x00007ffb40555000 	C:\WINDOWS\System32\shlwapi.dll
0x00007ffb3e100000 - 0x00007ffb3e126000 	C:\WINDOWS\SYSTEM32\profapi.dll
0x00007ffb32f60000 - 0x00007ffb32f79000 	C:\Program Files\Java\jdk-15.0.2\bin\net.dll
0x00007ffb2add0000 - 0x00007ffb2aed0000 	C:\WINDOWS\SYSTEM32\WINHTTP.dll
0x00007ffb3d940000 - 0x00007ffb3d9aa000 	C:\WINDOWS\system32\mswsock.dll
0x00007ffb29d00000 - 0x00007ffb29d12000 	C:\Program Files\Java\jdk-15.0.2\bin\nio.dll
0x00007ffb29b40000 - 0x00007ffb29b58000 	C:\Program Files\Java\jdk-15.0.2\bin\zip.dll
0x00007ffb31eb0000 - 0x00007ffb31ec0000 	C:\Program Files\Java\jdk-15.0.2\bin\verify.dll
0x00007ffb344d0000 - 0x00007ffb344da000 	C:\Program Files\NetBeans-12.2\netbeans\java\maven\lib\jansi-native\windows64\jansi.dll

dbghelp: loaded successfully - version: 4.0.5 - missing functions: none
symbol engine: initialized successfully - sym options: 0x614 - pdb path: .;C:\Program Files\Java\jdk-15.0.2\bin;C:\WINDOWS\SYSTEM32;C:\WINDOWS\WinSxS\amd64_microsoft.windows.common-controls_6595b64144ccf1df_6.0.19041.746_none_ca02b4b61b8320a4;C:\Program Files\Java\jdk-15.0.2\bin\server;C:\Program Files\NetBeans-12.2\netbeans\java\maven\lib\jansi-native\windows64

VM Arguments:
jvm_args: -Dclassworlds.conf=C:\Program Files\NetBeans-12.2\netbeans\java\maven\bin\..\bin\m2.conf -Dmaven.home=C:\Program Files\NetBeans-12.2\netbeans\java\maven\bin\.. -Dlibrary.jansi.path=C:\Program Files\NetBeans-12.2\netbeans\java\maven\bin\..\lib\jansi-native -Dmaven.multiModuleProjectDirectory=C:\UTH\Avanzada II\Segundo Parcial\Nueva carpeta\demo2 
java_command: org.codehaus.plexus.classworlds.launcher.Launcher -Dexec.args=-classpath %classpath com.example.demo.DemoApplication -Dexec.executable=C:\Program Files\Java\jdk-15.0.2\bin\java.exe -Dmaven.ext.class.path=C:\Program Files\NetBeans-12.2\netbeans\java\maven-nblib\netbeans-eventspy.jar -Dfile.encoding=UTF-8 org.codehaus.mojo:exec-maven-plugin:3.0.0:exec
java_class_path (initial): C:\Program Files\NetBeans-12.2\netbeans\java\maven\bin\..\boot\plexus-classworlds-2.6.0.jar
Launcher Type: SUN_STANDARD

[Global flags]
     intx CICompilerCount                          = 3                                         {product} {ergonomic}
     uint ConcGCThreads                            = 1                                         {product} {ergonomic}
     uint G1ConcRefinementThreads                  = 4                                         {product} {ergonomic}
   size_t G1HeapRegionSize                         = 1048576                                   {product} {ergonomic}
    uintx GCDrainStackTargetSize                   = 64                                        {product} {ergonomic}
   size_t InitialHeapSize                          = 134217728                                 {product} {ergonomic}
   size_t MarkStackSize                            = 4194304                                   {product} {ergonomic}
   size_t MaxHeapSize                              = 2122317824                                {product} {ergonomic}
   size_t MaxNewSize                               = 1272971264                                {product} {ergonomic}
   size_t MinHeapDeltaBytes                        = 1048576                                   {product} {ergonomic}
   size_t MinHeapSize                              = 8388608                                   {product} {ergonomic}
    uintx NonNMethodCodeHeapSize                   = 5832780                                {pd product} {ergonomic}
    uintx NonProfiledCodeHeapSize                  = 122912730                              {pd product} {ergonomic}
    uintx ProfiledCodeHeapSize                     = 122912730                              {pd product} {ergonomic}
    uintx ReservedCodeCacheSize                    = 251658240                              {pd product} {ergonomic}
     bool SegmentedCodeCache                       = true                                      {product} {ergonomic}
   size_t SoftMaxHeapSize                          = 2122317824                             {manageable} {ergonomic}
     bool UseCompressedClassPointers               = true                                 {lp64_product} {ergonomic}
     bool UseCompressedOops                        = true                                 {lp64_product} {ergonomic}
     bool UseG1GC                                  = true                                      {product} {ergonomic}
     bool UseLargePagesIndividualAllocation        = false                                  {pd product} {ergonomic}

Logging:
Log output configuration:
 #0: stdout all=warning uptime,level,tags
 #1: stderr all=off uptime,level,tags

Environment Variables:
JAVA_HOME=C:\Program Files\Java\jdk-15.0.2
CLASSPATH=.;.;.;C:\PROGRA~2\JMF21~1.1E\lib\sound.jar;C:\PROGRA~2\JMF21~1.1E\lib\jmf.jar;C:\PROGRA~2\JMF21~1.1E\lib;
PATH=C:\Program Files\Common Files\Oracle\Java\javapath;C:\Program Files (x86)\Common Files\Oracle\Java\javapath;C:\app\UAP_TIC\product\11.2.0\client_2;C:\app\UAP_TIC\product\11.2.0\client_1\bin;C:\WINDOWS\system32;C:\WINDOWS;C:\WINDOWS\System32\Wbem;C:\WINDOWS\System32\WindowsPowerShell\v1.0\;C:\Program Files (x86)\Sybase\Shared\PowerBuilder\;c:\Program Files\Microsoft SQL Server\110\Tools\Binn\;c:\Program Files (x86)\Microsoft SQL Server\110\Tools\Binn\;c:\Program Files\Microsoft SQL Server\110\DTS\Binn\;c:\Program Files (x86)\Microsoft SQL Server\110\Tools\Binn\ManagementStudio\;c:\Program Files (x86)\Microsoft SQL Server\110\DTS\Binn\;C:\WINDOWS\System32\OpenSSH\;C:\DXC\xHIS;C:\Program Files (x86)\Intel\Intel(R) Management Engine Components\DAL;C:\Program Files\Intel\Intel(R) Management Engine Components\DAL;C:\cschealthcare\PATWIN\;C:\Program Files\PuTTY\;C:\Program Files (x86)\Brackets\command;C:\Users\jlang\AppData\Local\Microsoft\WindowsApps;C:\Users\jlang\AppData\Local\Programs\Microsoft VS Code\bin;C:\Users\jlang\AppData\Local\gitkraken\bin;C:\Users\jlang\AppData\Local\GitHubDesktop\bin;%USERPROFILE%\AppData\Local\Microsoft\WindowsApps;C:\Program Files (x86)\EaseUS\Todo Backup\bin\x64\
USERNAME=jlang
OS=Windows_NT
PROCESSOR_IDENTIFIER=Intel64 Family 6 Model 142 Stepping 9, GenuineIntel



---------------  S Y S T E M  ---------------

OS:
 Windows 10 , 64 bit Build 19041 (10.0.19041.804)
OS uptime: 1 days 10:46 hours

CPU: total 4 (initial active 4) (2 cores per cpu, 2 threads per core) family 6 model 142 stepping 9 microcode 0xb4, cmov, cx8, fxsr, mmx, sse, sse2, sse3, ssse3, sse4.1, sse4.2, popcnt, vzeroupper, avx, avx2, aes, clmul, erms, 3dnowpref, lzcnt, ht, tsc, tscinvbit, bmi1, bmi2, adx, fma, clflush, clflushopt

Memory: 4k page, system-wide physical 8089M (1128M free)
TotalPageFile size 10879M (AvailPageFile size 194M)
current process WorkingSet (physical memory assigned to process): 168M, peak: 176M
current process commit charge ("private bytes"): 249M, peak: 259M

vm_info: Java HotSpot(TM) 64-Bit Server VM (15.0.2+7-27) for windows-amd64 JRE (15.0.2+7-27), built on Dec  7 2020 20:07:01 by "mach5one" with unknown MS VC++:1925

END.
